#
# A fatal error has been detected by the Java Runtime Environment:
#
#  EXCEPTION_ACCESS_VIOLATION (0xc0000005) at pc=0x0000000066b0aeab, pid=87052, tid=73396
#
# JRE version: Java(TM) SE Runtime Environment (21.0.5+9) (build 21.0.5+9-LTS-239)
# Java VM: Java HotSpot(TM) 64-Bit Server VM (21.0.5+9-LTS-239, mixed mode, sharing, tiered, compressed oops, compressed class ptrs, g1 gc, windows-amd64)
# Problematic frame:
# C  [gdx-box2d64.dll+0xaeab]
#
# No core dump will be written. Minidumps are not enabled by default on client versions of Windows
#
# If you would like to submit a bug report, please visit:
#   https://bugreport.java.com/bugreport/crash.jsp
# The crash happened outside the Java Virtual Machine in native code.
# See problematic frame for where to report the bug.
#

---------------  S U M M A R Y ------------

Command Line: -Dfile.encoding=UTF-8 -Duser.country=US -Duser.language=en -Duser.variant io.github.testgame.lwjgl3.Lwjgl3Launcher

Host: 13th Gen Intel(R) Core(TM) i5-13420H, 12 cores, 23G,  Windows 11 , 64 bit Build 26100 (10.0.26100.3037)
Time: Thu Feb 20 12:43:46 2025 Malay Peninsula Standard Time elapsed time: 9.093769 seconds (0d 0h 0m 9s)

---------------  T H R E A D  ---------------

Current thread (0x0000021301fe5280):  JavaThread "main"             [_thread_in_native, id=73396, stack(0x0000003382500000,0x0000003382600000) (1024K)]

Stack: [0x0000003382500000,0x0000003382600000],  sp=0x00000033825fe870,  free space=1018k
Native frames: (J=compiled Java code, j=interpreted, Vv=VM code, C=native code)
C  [gdx-box2d64.dll+0xaeab]

Java frames: (J=compiled Java code, j=interpreted, Vv=VM code)
J 1626  com.badlogic.gdx.physics.box2d.World.jniCreateBody(JIFFFFFFFFZZZZZF)J (0 bytes) @ 0x0000021311fc8f5f [0x0000021311fc8ea0+0x00000000000000bf]
j  com.badlogic.gdx.physics.box2d.World.createBody(Lcom/badlogic/gdx/physics/box2d/BodyDef;)Lcom/badlogic/gdx/physics/box2d/Body;+80
j  io.github.testgame.lwjgl3.entity.TextureObject.CreateBody(Lcom/badlogic/gdx/physics/box2d/World;Lcom/badlogic/gdx/physics/box2d/Shape;ZFF)Lcom/badlogic/gdx/physics/box2d/Body;+59
j  io.github.testgame.lwjgl3.entity.TextureObject.createBox(Lcom/badlogic/gdx/physics/box2d/World;FFFFZ)Lcom/badlogic/gdx/physics/box2d/Body;+35
j  io.github.testgame.lwjgl3.entity.Enemy.<init>(Lcom/badlogic/gdx/physics/box2d/World;Ljava/lang/String;FFF)V+25
J 1683 c1 io.github.testgame.lwjgl3.abstractEngine.EntityManager.spawnEntity(Lcom/badlogic/gdx/physics/box2d/World;Ljava/lang/String;Lio/github/testgame/lwjgl3/abstractEngine/EntityManager$Vector2;Lio/github/testgame/lwjgl3/entity/EntityType;Lio/github/testgame/lwjgl3/entity/Player;)V (122 bytes) @ 0x000002130a7339e4 [0x000002130a7336c0+0x0000000000000324]
j  io.github.testgame.lwjgl3.abstractEngine.EntityManager$1.run()V+111
j  com.badlogic.gdx.utils.Timer$TimerThread.runPostedTasks()V+64
j  com.badlogic.gdx.utils.Timer$TimerThread$1.run()V+4
j  com.badlogic.gdx.backends.lwjgl3.Lwjgl3Application.loop()V+256
j  com.badlogic.gdx.backends.lwjgl3.Lwjgl3Application.<init>(Lcom/badlogic/gdx/ApplicationListener;Lcom/badlogic/gdx/backends/lwjgl3/Lwjgl3ApplicationConfiguration;)V+269
j  io.github.testgame.lwjgl3.Lwjgl3Launcher.createApplication()Lcom/badlogic/gdx/backends/lwjgl3/Lwjgl3Application;+20
j  io.github.testgame.lwjgl3.Lwjgl3Launcher.main([Ljava/lang/String;)V+7
v  ~StubRoutines::call_stub 0x000002131199100d

siginfo: EXCEPTION_ACCESS_VIOLATION (0xc0000005), writing address 0x0000003ca2cbb40a


Registers:
RAX=0x0000021377b331b0, RBX=0x0000021377b22490, RCX=0x000000007ffe0380, RDX=0x7ffffffffffffffc
RSP=0x00000033825fe870, RBP=0x0000021377b224c0, RSI=0x0000000000000006, RDI=0x0000000000000001
R8 =0x0000000000000000, R9 =0x00000000ffff46ad, R10=0x0000000000000000, R11=0x00000033825fe810
R12=0x0000000000000000, R13=0x0000003ca2cbb402, R14=0x00000033825feb98, R15=0x0000021301fe5280
RIP=0x0000000066b0aeab, EFLAGS=0x0000000000010206


Register to memory mapping:

RAX=0x0000021377b331b0 points into unknown readable memory: 0x0000021377b68440 | 40 84 b6 77 13 02 00 00
RBX=0x0000021377b22490 points into unknown readable memory: 0x0000003600000002 | 02 00 00 00 36 00 00 00
RCX=0x000000007ffe0380 points into unknown readable memory: 0x0000000000000000 | 00 00 00 00 00 00 00 00
RDX=0x7ffffffffffffffc is an unknown value
RSP=0x00000033825fe870 is pointing into the stack for thread: 0x0000021301fe5280
RBP=0x0000021377b224c0 points into unknown readable memory: 0x0000000041610000 | 00 00 61 41 00 00 00 00
RSI=0x0000000000000006 is an unknown value
RDI=0x0000000000000001 is an unknown value
R8 =0x0 is null
R9 =0x00000000ffff46ad is an unknown value
R10=0x0 is null
R11=0x00000033825fe810 is pointing into the stack for thread: 0x0000021301fe5280
R12=0x0 is null
R13=0x0000003ca2cbb402 is an unknown value
R14=0x00000033825feb98 is pointing into the stack for thread: 0x0000021301fe5280
R15=0x0000021301fe5280 is a thread

Top of Stack: (sp=0x00000033825fe870)
0x00000033825fe870:   0000021377b22490 0000000000000006
0x00000033825fe880:   00000033825fe898 000002137ff40cc0
0x00000033825fe890:   000000069ad708a8 0000000000000000
0x00000033825fe8a0:   0000021377b22490 0000000000000001
0x00000033825fe8b0:   0000000000000001 00000033825fea60
0x00000033825fe8c0:   0000000000000000 00000033825fe940
0x00000033825fe8d0:   00000033825feb98 0000000066b20055
0x00000033825fe8e0:   000002137ff40000 0000021300000000
0x00000033825fe8f0:   00000000000000a0 0000000600000000
0x00000033825fe900:   0000000000000001 0000000000000000
0x00000033825fe910:   000000003f800000 0000000066b258e8
0x00000033825fe920:   0000000000000004 0000000000000000
0x00000033825fe930:   0000000000000000 00000000000000a0
0x00000033825fe940:   41bdd0f900000002 0000000041abf600
0x00000033825fe950:   0000000000000000 0000000000000000
0x00000033825fe960:   0001010100000000 00007ffe0415be01
0x00000033825fe970:   0000000000000000 000000003f800000
0x00000033825fe980:   00000213657bc530 0000021311fc8ffa
0x00000033825fe990:   00000033825fe990 000002136578ab10
0x00000033825fe9a0:   0000000000000004 000002136578abf0
0x00000033825fe9b0:   0000000041bdd0f9 0000000641abf600
0x00000033825fe9c0:   0000021300000000 0000000600000000
0x00000033825fe9d0:   0000000600000000 0000003300000000
0x00000033825fe9e0:   0000003300000000 0000021300000000
0x00000033825fe9f0:   0000000000000001 0000000000000001
0x00000033825fea00:   0000000000000001 0000000000000000
0x00000033825fea10:   0000000000000001 000000003f800000
0x00000033825fea20:   000000069c289928 0000000000000000
0x00000033825fea30:   000000069ad6cb60 0000021365784398
0x00000033825fea40:   0000000000000000 00000033825fea60
0x00000033825fea50:   00000033825feac8 0000021311998860
0x00000033825fea60:   00000033825feb68 000002131199893e 

Instructions: (pc=0x0000000066b0aeab)
0x0000000066b0adab:   00 90 48 83 c4 28 5b 5e c3 66 66 2e 0f 1f 84 00
0x0000000066b0adbb:   00 00 00 00 90 41 56 41 55 41 54 55 57 56 53 48
0x0000000066b0adcb:   83 ec 30 4c 63 e2 48 89 cb 45 85 e4 0f 84 43 01
0x0000000066b0addb:   00 00 7e 61 41 81 fc 80 02 00 00 7f 40 48 8d 05
0x0000000066b0adeb:   91 42 04 00 42 0f b6 34 20 49 89 f4 40 80 fe 0d
0x0000000066b0adfb:   77 63 4a 8d 2c e3 4c 8b 65 10 4d 85 e4 74 7d 49
0x0000000066b0ae0b:   8b 04 24 48 89 45 10 4c 89 e0 48 83 c4 30 5b 5e
0x0000000066b0ae1b:   5f 5d 41 5c 41 5d 41 5e c3 0f 1f 40 00 44 89 e1
0x0000000066b0ae2b:   48 83 c4 30 5b 5e 5f 5d 41 5c 41 5d 41 5e e9 22
0x0000000066b0ae3b:   08 00 00 66 90 41 b8 68 00 00 00 48 8d 15 03 4d
0x0000000066b0ae4b:   03 00 48 8d 0d 73 4d 03 00 ff 15 5a b5 04 00 eb
0x0000000066b0ae5b:   8c 0f 1f 40 00 4a 8d 2c e3 41 b8 70 00 00 00 48
0x0000000066b0ae6b:   8d 15 df 4c 03 00 48 8d 0d 58 4d 03 00 ff 15 36
0x0000000066b0ae7b:   b5 04 00 4c 8b 65 10 4d 85 e4 75 83 48 63 43 08
0x0000000066b0ae8b:   4c 8b 2b 3b 43 0c 0f 84 c9 00 00 00 48 c1 e0 04
0x0000000066b0ae9b:   b9 00 40 00 00 48 63 f6 49 01 c5 e8 b5 07 00 00
0x0000000066b0aeab:   49 89 45 08 49 89 c4 48 8d 05 67 31 03 00 8b 3c
0x0000000066b0aebb:   b0 b8 00 40 00 00 99 f7 ff 41 89 7d 00 41 89 fe
0x0000000066b0aecb:   44 0f af f0 41 81 fe 00 40 00 00 7f 58 83 f8 01
0x0000000066b0aedb:   7e 23 4c 63 cf 4c 89 e1 83 e8 01 31 d2 0f 1f 84
0x0000000066b0aeeb:   00 00 00 00 00 49 89 c8 83 c2 01 4c 01 c9 49 89
0x0000000066b0aefb:   08 39 c2 75 f0 41 29 fe 4d 63 f6 4b c7 04 34 00
0x0000000066b0af0b:   00 00 00 49 8b 04 24 48 89 45 10 83 43 08 01 e9
0x0000000066b0af1b:   f3 fe ff ff 90 45 31 e4 e9 ea fe ff ff 0f 1f 84
0x0000000066b0af2b:   00 00 00 00 00 89 44 24 2c 41 b8 8c 00 00 00 48
0x0000000066b0af3b:   8d 15 0f 4c 03 00 48 8d 0d b0 4c 03 00 ff 15 66
0x0000000066b0af4b:   b4 04 00 4d 8b 65 08 8b 44 24 2c eb 80 0f 1f 84
0x0000000066b0af5b:   00 00 00 00 00 8d 88 80 00 00 00 89 4b 0c c1 e1
0x0000000066b0af6b:   04 e8 ef 06 00 00 4c 63 43 08 4c 89 ea 48 89 03
0x0000000066b0af7b:   48 89 c1 49 c1 e0 04 e8 59 dc 02 00 48 63 43 08
0x0000000066b0af8b:   48 c1 e0 04 48 03 03 48 8d 78 08 48 c7 00 00 00
0x0000000066b0af9b:   00 00 48 c7 80 f8 07 00 00 00 00 00 00 48 83 e7 


Stack slot to memory mapping:

stack at sp + 0 slots: 0x0000021377b22490 points into unknown readable memory: 0x0000003600000002 | 02 00 00 00 36 00 00 00
stack at sp + 1 slots: 0x0000000000000006 is an unknown value
stack at sp + 2 slots: 0x00000033825fe898 is pointing into the stack for thread: 0x0000021301fe5280
stack at sp + 3 slots: 0x000002137ff40cc0 points into unknown readable memory: 0x0000000000000000 | 00 00 00 00 00 00 00 00
stack at sp + 4 slots: 0x000000069ad708a8 is an oop: [Ljava.util.HashMap$Node; 
{0x000000069ad708a8} - klass: 'java/util/HashMap$Node'[]
 - length: 16
stack at sp + 5 slots: 0x0 is null
stack at sp + 6 slots: 0x0000021377b22490 points into unknown readable memory: 0x0000003600000002 | 02 00 00 00 36 00 00 00
stack at sp + 7 slots: 0x0000000000000001 is an unknown value


Compiled method (n/a)    9221 1626     n 0       com.badlogic.gdx.physics.box2d.World::jniCreateBody (native)
 total in heap  [0x0000021311fc8d10,0x0000021311fc9140] = 1072
 relocation     [0x0000021311fc8e68,0x0000021311fc8e98] = 48
 main code      [0x0000021311fc8ea0,0x0000021311fc9136] = 662
 stub code      [0x0000021311fc9136,0x0000021311fc9138] = 2
 oops           [0x0000021311fc9138,0x0000021311fc9140] = 8

[Constant Pool (empty)]

[MachCode]
[Entry Point]
  # {method} {0x00000213657bc538} 'jniCreateBody' '(JIFFFFFFFFZZZZZF)J' in 'com/badlogic/gdx/physics/box2d/World'
  # this:     rdx:rdx   = 'com/badlogic/gdx/physics/box2d/World'
  # parm0:    r8:r8     = long
  # parm1:    r9        = int
  # parm2:    xmm0      = float
  # parm3:    xmm1      = float
  # parm4:    xmm2      = float
  # parm5:    xmm3      = float
  # parm6:    xmm4      = float
  # parm7:    xmm5      = float
  # parm8:    xmm6      = float
  # parm9:    xmm7      = float
  # parm10:   rdi       = boolean
  # parm11:   rsi       = boolean
  # parm12:   rcx       = boolean
  # parm13:   [sp+0xe0]   = boolean  (sp of caller)
  # parm14:   [sp+0xe8]   = boolean
  # parm15:   [sp+0xf0]   = float
  0x0000021311fc8ea0: 448b 5208 | 49bb 0000 | 0024 1302 | 0000 4d03 | d349 3bc2 | 0f84 0600 

  0x0000021311fc8eb8: ;   {runtime_call ic_miss_stub}
  0x0000021311fc8eb8: 0000 e9c1 | 58a1 ff90 
[Verified Entry Point]
  0x0000021311fc8ec0: 8984 2400 | 80ff ff55 | 488b ec48 | 81ec d000 | 0000 6690 | 4181 7f20 | 0100 0000 

  0x0000021311fc8edc: ;   {runtime_call StubRoutines (final stubs)}
  0x0000021311fc8edc: 7405 e87d | be9f ff8b | 4520 4889 | 8424 8800 | 0000 4863 | 4518 4889 | 8424 8000 | 0000 4863 
  0x0000021311fc8efc: 4510 4889 | 4424 7848 | 894c 2470 | 4889 7424 | 6848 897c | 2460 c5fa | 117c 2458 | c5fa 1174 
  0x0000021311fc8f1c: 2450 c5fa | 116c 2448 | c5fa 1164 | 2440 c5fa | 115c 2438 | c5fa 1154 | 2430 c5fa | 114c 2428 
  0x0000021311fc8f3c: c5fa 1144 | 2420 4889 | 9424 9000 | 0000 4883 | fa00 488d | 9424 9000 | 0000 480f | 4494 2490 
  0x0000021311fc8f5c: 0000 00c5 

  0x0000021311fc8f60: ;   {internal_word}
  0x0000021311fc8f60: f877 49ba | 5f8f fc11 | 1302 0000 | 4d89 97a0 | 0300 0049 | 89a7 9803 

  0x0000021311fc8f78: ;   {external_word}
  0x0000021311fc8f78: 0000 49ba | e037 b4b1 | fd7f 0000 | 4180 3a00 | 0f84 4e00 | 0000 5241 

  0x0000021311fc8f90: ;   {metadata({method} {0x00000213657bc538} 'jniCreateBody' '(JIFFFFFFFFZZZZZF)J' in 'com/badlogic/gdx/physics/box2d/World')}
  0x0000021311fc8f90: 5041 5148 | ba30 c57b | 6513 0200 | 0049 8bcf | 4883 ec20 | 40f6 c40f | 0f84 1900 | 0000 4883 
  0x0000021311fc8fb0: ;   {runtime_call}
  0x0000021311fc8fb0: ec08 48b8 | 3001 65b1 | fd7f 0000 | ffd0 4883 | c408 e90c 

  0x0000021311fc8fc4: ;   {runtime_call}
  0x0000021311fc8fc4: 0000 0048 | b830 0165 | b1fd 7f00 | 00ff d048 | 83c4 2041 | 5941 585a | 498d 8fb8 | 0300 0041 
  0x0000021311fc8fe4: c787 4404 | 0000 0400 

  0x0000021311fc8fec: ;   {runtime_call}
  0x0000021311fc8fec: 0000 48b8 | e057 b266 | 0000 0000 | ffd0 c5f8 | 7741 c787 | 4404 0000 | 0500 0000 | f083 4424 
  0x0000021311fc900c: c000 493b | af48 0400 | 000f 870e | 0000 0041 | 83bf 4004 | 0000 000f | 842b 0000 | 00c5 f877 
  0x0000021311fc902c: 4889 45f8 | 498b cf4c | 8be4 4883 | ec20 4883 

  0x0000021311fc903c: ;   {runtime_call}
  0x0000021311fc903c: e4f0 48b8 | b0ae 30b1 | fd7f 0000 | ffd0 498b | e44d 33e4 | 488b 45f8 | 41c7 8744 | 0400 0008 
  0x0000021311fc905c: 0000 0041 | 83bf c004 | 0000 020f | 849c 0000 

  0x0000021311fc906c: ;   {external_word}
  0x0000021311fc906c: 0049 bae0 | 37b4 b1fd | 7f00 0041 | 803a 000f | 844c 0000 | 0048 8945 

  0x0000021311fc9084: ;   {metadata({method} {0x00000213657bc538} 'jniCreateBody' '(JIFFFFFFFFZZZZZF)J' in 'com/badlogic/gdx/physics/box2d/World')}
  0x0000021311fc9084: f848 ba30 | c57b 6513 | 0200 0049 | 8bcf 4883 | ec20 40f6 | c40f 0f84 | 1900 0000 | 4883 ec08 
  0x0000021311fc90a4: ;   {runtime_call}
  0x0000021311fc90a4: 48b8 3001 | 65b1 fd7f | 0000 ffd0 | 4883 c408 | e90c 0000 

  0x0000021311fc90b8: ;   {runtime_call}
  0x0000021311fc90b8: 0048 b830 | 0165 b1fd | 7f00 00ff | d048 83c4 | 2048 8b45 | f849 c787 | 9803 0000 | 0000 0000 
  0x0000021311fc90d8: 49c7 87a0 | 0300 0000 | 0000 00c5 | f877 498b | 8f28 0400 | 00c7 8100 | 0100 0000 | 0000 00c9 
  0x0000021311fc90f8: 4983 7f08 | 000f 8501 | 0000 00c3 

  0x0000021311fc9104: ;   {runtime_call StubRoutines (initial stubs)}
  0x0000021311fc9104: e9f7 7d9c | ffc5 f877 | 4889 45f8 | 4c8b e448 | 83ec 2048 

  0x0000021311fc9118: ;   {runtime_call}
  0x0000021311fc9118: 83e4 f048 | b820 3965 | b1fd 7f00 | 00ff d049 | 8be4 4d33 | e448 8b45 | f8e9 37ff | ffff f4f4 
[/MachCode]


Compiled method (c1)    9231 1683       3       io.github.testgame.lwjgl3.abstractEngine.EntityManager::spawnEntity (122 bytes)
 total in heap  [0x000002130a733490,0x000002130a733f68] = 2776
 relocation     [0x000002130a7335e8,0x000002130a733698] = 176
 constants      [0x000002130a7336a0,0x000002130a7336c0] = 32
 main code      [0x000002130a7336c0,0x000002130a733c88] = 1480
 stub code      [0x000002130a733c88,0x000002130a733d00] = 120
 oops           [0x000002130a733d00,0x000002130a733d08] = 8
 metadata       [0x000002130a733d08,0x000002130a733d28] = 32
 scopes data    [0x000002130a733d28,0x000002130a733e08] = 224
 scopes pcs     [0x000002130a733e08,0x000002130a733f28] = 288
 dependencies   [0x000002130a733f28,0x000002130a733f30] = 8
 nul chk table  [0x000002130a733f30,0x000002130a733f68] = 56


[Constant Pool]
             Address          hex4                    hex8      
  0x000002130a7336a0:   0x40a00000      0xf4f4f4f440a00000      
  0x000002130a7336a4:   0xf4f4f4f4                              
  0x000002130a7336a8:   0xf4f4f4f4      0xf4f4f4f4f4f4f4f4      
  0x000002130a7336ac:   0xf4f4f4f4                              
  0x000002130a7336b0:   0xf4f4f4f4      0xf4f4f4f4f4f4f4f4      
  0x000002130a7336b4:   0xf4f4f4f4                              
  0x000002130a7336b8:   0xf4f4f4f4      0xf4f4f4f4f4f4f4f4      
  0x000002130a7336bc:   0xf4f4f4f4                              

[MachCode]
[Entry Point]
  # {method} {0x00000213657ecb40} 'spawnEntity' '(Lcom/badlogic/gdx/physics/box2d/World;Ljava/lang/String;Lio/github/testgame/lwjgl3/abstractEngine/EntityManager$Vector2;Lio/github/testgame/lwjgl3/entity/EntityType;Lio/github/testgame/lwjgl3/entity/Player;)V' in 'io/github/testgame/lwjgl3/abstractEngine/EntityManager'
  # this:     rdx:rdx   = 'io/github/testgame/lwjgl3/abstractEngine/EntityManager'
  # parm0:    r8:r8     = 'com/badlogic/gdx/physics/box2d/World'
  # parm1:    r9:r9     = 'java/lang/String'
  # parm2:    rdi:rdi   = 'io/github/testgame/lwjgl3/abstractEngine/EntityManager$Vector2'
  # parm3:    rsi:rsi   = 'io/github/testgame/lwjgl3/entity/EntityType'
  # parm4:    rcx:rcx   = 'io/github/testgame/lwjgl3/entity/Player'
  #           [sp+0xa0]  (sp of caller)
  0x000002130a7336c0: ;   {no_reloc}
  0x000002130a7336c0: 448b 5208 | 49bb 0000 | 0024 1302 | 0000 4d03 | d34c 3bd0 

  0x000002130a7336d4: ;   {runtime_call ic_miss_stub}
  0x000002130a7336d4: 0f85 a6b0 | 2a07 660f | 1f44 0000 
[Verified Entry Point]
  0x000002130a7336e0: 8984 2400 | 80ff ff55 | 4881 ec90 | 0000 0090 | 4181 7f20 | 0100 0000 

  0x000002130a7336f8: ;   {runtime_call StubRoutines (final stubs)}
  0x000002130a7336f8: 7405 e861 | 1629 0748 

  0x000002130a733700: ;   {metadata(method data for {method} {0x00000213657ecb40} 'spawnEntity' '(Lcom/badlogic/gdx/physics/box2d/World;Ljava/lang/String;Lio/github/testgame/lwjgl3/abstractEngine/EntityManager$Vector2;Lio/github/testgame/lwjgl3/entity/EntityType;Lio/github/testgame/lwjgl3/entity/Player;)V' in 'io/github/testgame/lwjgl3/abstractEngine/EntityManager')}
  0x000002130a733700: 8bdf 48bf | 50fb 8365 | 1302 0000 | 8b87 cc00 | 0000 83c0 | 0289 87cc | 0000 0025 | fe07 0000 
  0x000002130a733720: 85c0 0f84 | 3a04 0000 

  0x000002130a733728: ; implicit exception: dispatches to 0x000002130a733b83
  0x000002130a733728: 483b 0648 

  0x000002130a73372c: ;   {metadata(method data for {method} {0x00000213657ecb40} 'spawnEntity' '(Lcom/badlogic/gdx/physics/box2d/World;Ljava/lang/String;Lio/github/testgame/lwjgl3/abstractEngine/EntityManager$Vector2;Lio/github/testgame/lwjgl3/entity/EntityType;Lio/github/testgame/lwjgl3/entity/Player;)V' in 'io/github/testgame/lwjgl3/abstractEngine/EntityManager')}
  0x000002130a73372c: 8bfe 48b8 | 50fb 8365 | 1302 0000 | 4883 8010 | 0100 0001 | 8b76 0cbf | 0500 0000 

  0x000002130a733748: ;   {oop([I{0x000000069ad67460})}
  0x000002130a733748: 48b8 6074 | d69a 0600 | 0000 3bfe | 0f86 2e04 | 0000 4863 | f68b 74b0 

  0x000002130a733760: ;   {metadata(method data for {method} {0x00000213657ecb40} 'spawnEntity' '(Lcom/badlogic/gdx/physics/box2d/World;Ljava/lang/String;Lio/github/testgame/lwjgl3/abstractEngine/EntityManager$Vector2;Lio/github/testgame/lwjgl3/entity/EntityType;Lio/github/testgame/lwjgl3/entity/Player;)V' in 'io/github/testgame/lwjgl3/abstractEngine/EntityManager')}
  0x000002130a733760: 1048 bf50 | fb83 6513 | 0200 0048 | b850 0100 | 0000 0000 | 0083 fe01 | 4c8b d848 | b860 0100 
  0x000002130a733780: 0000 0000 | 0049 0f45 | c383 fe02 | 4c8b d848 | b870 0100 | 0000 0000 | 0049 0f45 | c383 fe03 
  0x000002130a7337a0: 4c8b d848 | b880 0100 | 0000 0000 | 0049 0f45 | c34c 8b1c | 0749 ba01 | 0000 0000 | 0000 004d 
  0x000002130a7337c0: 03da 4c89 | 1c07 83fe | 010f 8477 | 0100 0083 | fe02 0f84 | c600 0000 | 83fe 030f | 8416 0000 
  0x000002130a7337e0: 0048 81c4 | 9000 0000 

  0x000002130a7337e8: ;   {poll_return}
  0x000002130a7337e8: 5d49 3ba7 | 4804 0000 | 0f87 a503 | 0000 c348 | 8954 2460 

  0x000002130a7337fc: ;   {metadata('io/github/testgame/lwjgl3/entity/AggressiveObject')}
  0x000002130a7337fc: 48ba f8f7 | 0825 1302 | 0000 498b | 87b8 0100 | 0048 8d78 | 2049 3bbf | c801 0000 | 0f87 9303 
  0x000002130a73381c: 0000 4989 | bfb8 0100 | 0048 c700 | 0100 0000 | 488b ca49 | ba00 0000 | 2413 0200 | 0049 2bca 
  0x000002130a73383c: 8948 0848 | 33c9 8948 | 0c48 33c9 | 4889 4810 | 4889 4818 

  0x000002130a733850: ; implicit exception: dispatches to 0x000002130a733bbe
  0x000002130a733850: c5fa 1043 | 0cc5 fa10 | 4b10 488b 

  0x000002130a73385c: ;   {metadata(method data for {method} {0x00000213657ecb40} 'spawnEntity' '(Lcom/badlogic/gdx/physics/box2d/World;Ljava/lang/String;Lio/github/testgame/lwjgl3/abstractEngine/EntityManager$Vector2;Lio/github/testgame/lwjgl3/entity/EntityType;Lio/github/testgame/lwjgl3/entity/Player;)V' in 'io/github/testgame/lwjgl3/abstractEngine/EntityManager')}
  0x000002130a73385c: d048 be50 | fb83 6513 | 0200 0048 | 8386 5802 | 0000 0148 | 8bd0 4889 

  0x000002130a733874: ;   {optimized virtual_call}
  0x000002130a733874: 4424 58e8 

  0x000002130a733878: ; ImmutableOopMap {[88]=Oop [96]=Oop }
                      ;*invokespecial <init> {reexecute=0 rethrow=0 return_oop=0}
                      ; - io.github.testgame.lwjgl3.abstractEngine.EntityManager::spawnEntity@106 (line 111)
  0x000002130a733878: 3e04 0000 

  0x000002130a73387c: ;   {other}
  0x000002130a73387c: 0f1f 8400 | ec03 0000 

  0x000002130a733884: ;   {metadata(method data for {method} {0x00000213657ecb40} 'spawnEntity' '(Lcom/badlogic/gdx/physics/box2d/World;Ljava/lang/String;Lio/github/testgame/lwjgl3/abstractEngine/EntityManager$Vector2;Lio/github/testgame/lwjgl3/entity/EntityType;Lio/github/testgame/lwjgl3/entity/Player;)V' in 'io/github/testgame/lwjgl3/abstractEngine/EntityManager')}
  0x000002130a733884: 48ba 50fb | 8365 1302 | 0000 ff82 | 6802 0000 | 488b 4424 | 58e9 ad01 | 0000 4889 

  0x000002130a7338a0: ;   {metadata('io/github/testgame/lwjgl3/entity/NeutralObject')}
  0x000002130a7338a0: 5424 6048 | ba88 f508 | 2513 0200 | 0049 8b87 | b801 0000 | 488d 7820 | 493b bfc8 | 0100 000f 
  0x000002130a7338c0: 87fe 0200 | 0049 89bf | b801 0000 | 48c7 0001 | 0000 0048 | 8bca 49ba | 0000 0024 | 1302 0000 
  0x000002130a7338e0: 492b ca89 | 4808 4833 | c989 480c | 4833 c948 | 8948 1048 | 8948 18c5 | fa10 430c | c5fa 104b 
  0x000002130a733900: 1048 8bd0 

  0x000002130a733904: ;   {metadata(method data for {method} {0x00000213657ecb40} 'spawnEntity' '(Lcom/badlogic/gdx/physics/box2d/World;Ljava/lang/String;Lio/github/testgame/lwjgl3/abstractEngine/EntityManager$Vector2;Lio/github/testgame/lwjgl3/entity/EntityType;Lio/github/testgame/lwjgl3/entity/Player;)V' in 'io/github/testgame/lwjgl3/abstractEngine/EntityManager')}
  0x000002130a733904: 48be 50fb | 8365 1302 | 0000 4883 | 8630 0200 | 0001 488b | d048 8944 

  0x000002130a73391c: ;   {optimized virtual_call}
  0x000002130a73391c: 2468 90e8 

  0x000002130a733920: ; ImmutableOopMap {[96]=Oop [104]=Oop }
                      ;*invokespecial <init> {reexecute=0 rethrow=0 return_oop=0}
                      ; - io.github.testgame.lwjgl3.abstractEngine.EntityManager::spawnEntity@84 (line 108)
  0x000002130a733920: 8703 0000 

  0x000002130a733924: ;   {other}
  0x000002130a733924: 0f1f 8400 | 9404 0001 

  0x000002130a73392c: ;   {metadata(method data for {method} {0x00000213657ecb40} 'spawnEntity' '(Lcom/badlogic/gdx/physics/box2d/World;Ljava/lang/String;Lio/github/testgame/lwjgl3/abstractEngine/EntityManager$Vector2;Lio/github/testgame/lwjgl3/entity/EntityType;Lio/github/testgame/lwjgl3/entity/Player;)V' in 'io/github/testgame/lwjgl3/abstractEngine/EntityManager')}
  0x000002130a73392c: 48ba 50fb | 8365 1302 | 0000 ff82 | 4002 0000 | 488b 4424 | 68e9 0501 | 0000 4889 | 4c24 7848 
  0x000002130a73394c: 8954 2460 

  0x000002130a733950: ;   {metadata('io/github/testgame/lwjgl3/entity/Enemy')}
  0x000002130a733950: 48ba e8ef | 0825 1302 | 0000 498b | 87b8 0100 | 0048 8d78 | 3849 3bbf | c801 0000 | 0f87 6302 
  0x000002130a733970: 0000 4989 | bfb8 0100 | 0048 c700 | 0100 0000 | 488b ca49 | ba00 0000 | 2413 0200 | 0049 2bca 
  0x000002130a733990: 8948 0848 | 33c9 8948 | 0c48 33c9 | 48bf 0500 | 0000 0000 | 0000 4889 | 4cf8 0848 | ffcf 75f6 
  0x000002130a7339b0: ; implicit exception: dispatches to 0x000002130a733be2
  0x000002130a7339b0: c5fa 1043 | 0cc5 fa10 | 4b10 488b 

  0x000002130a7339bc: ;   {metadata(method data for {method} {0x00000213657ecb40} 'spawnEntity' '(Lcom/badlogic/gdx/physics/box2d/World;Ljava/lang/String;Lio/github/testgame/lwjgl3/abstractEngine/EntityManager$Vector2;Lio/github/testgame/lwjgl3/entity/EntityType;Lio/github/testgame/lwjgl3/entity/Player;)V' in 'io/github/testgame/lwjgl3/abstractEngine/EntityManager')}
  0x000002130a7339bc: d048 be50 | fb83 6513 | 0200 0048 | 8386 9801 

  0x000002130a7339cc: ;   {section_word}
  0x000002130a7339cc: 0000 01c5 | fa10 15c9 | fcff ff48 | 8bd0 4889 

  0x000002130a7339dc: ;   {optimized virtual_call}
  0x000002130a7339dc: 4424 70e8 

  0x000002130a7339e0: ; ImmutableOopMap {[96]=Oop [112]=Oop [120]=Oop }
                      ;*invokespecial <init> {reexecute=0 rethrow=0 return_oop=0}
                      ; - io.github.testgame.lwjgl3.abstractEngine.EntityManager::spawnEntity@52 (line 104)
  0x000002130a7339e0: b802 0000 

  0x000002130a7339e4: ;   {other}
  0x000002130a7339e4: 0f1f 8400 | 5405 0002 | 488b 4424 

  0x000002130a7339f0: ;   {metadata(method data for {method} {0x00000213657ecb40} 'spawnEntity' '(Lcom/badlogic/gdx/physics/box2d/World;Ljava/lang/String;Lio/github/testgame/lwjgl3/abstractEngine/EntityManager$Vector2;Lio/github/testgame/lwjgl3/entity/EntityType;Lio/github/testgame/lwjgl3/entity/Player;)V' in 'io/github/testgame/lwjgl3/abstractEngine/EntityManager')}
  0x000002130a7339f0: 7049 b850 | fb83 6513 | 0200 0049 | 8380 f801 | 0000 0145 | 0fbe 4740 | 4585 c048 | 8b44 2470 
  0x000002130a733a10: 0f85 d101 | 0000 488b | 4c24 784c | 8bd1 49c1 | ea03 4489 | 5028 4c8b | c04c 33c1 | 49c1 e816 
  0x000002130a733a30: 4983 f800 | 0f85 cd01 

  0x000002130a733a38: ;   {metadata(method data for {method} {0x00000213657ecb40} 'spawnEntity' '(Lcom/badlogic/gdx/physics/box2d/World;Ljava/lang/String;Lio/github/testgame/lwjgl3/abstractEngine/EntityManager$Vector2;Lio/github/testgame/lwjgl3/entity/EntityType;Lio/github/testgame/lwjgl3/entity/Player;)V' in 'io/github/testgame/lwjgl3/abstractEngine/EntityManager')}
  0x000002130a733a38: 0000 49b8 | 50fb 8365 | 1302 0000 | 41ff 8018 | 0200 0048 | 8b54 2460 

  0x000002130a733a50: ;   {metadata(method data for {method} {0x00000213657ecb40} 'spawnEntity' '(Lcom/badlogic/gdx/physics/box2d/World;Ljava/lang/String;Lio/github/testgame/lwjgl3/abstractEngine/EntityManager$Vector2;Lio/github/testgame/lwjgl3/entity/EntityType;Lio/github/testgame/lwjgl3/entity/Player;)V' in 'io/github/testgame/lwjgl3/abstractEngine/EntityManager')}
  0x000002130a733a50: 4c8b c248 | be50 fb83 | 6513 0200 | 0048 8386 | 9802 0000 

  0x000002130a733a64: ;   {metadata(method data for {method} {0x00000213657ebf10} 'add' '(Lio/github/testgame/lwjgl3/entity/Entity;)V' in 'io/github/testgame/lwjgl3/abstractEngine/EntityManager')}
  0x000002130a733a64: 0149 b858 | 3985 6513 | 0200 0041 | 8bb0 cc00 | 0000 83c6 | 0241 89b0 | cc00 0000 | 81e6 feff 
  0x000002130a733a84: 1f00 85f6 | 0f84 9101 | 0000 8b52 | 0c48 c1e2 | 0348 3b02 

  0x000002130a733a98: ;   {metadata(method data for {method} {0x00000213657ebf10} 'add' '(Lio/github/testgame/lwjgl3/entity/Entity;)V' in 'io/github/testgame/lwjgl3/abstractEngine/EntityManager')}
  0x000002130a733a98: 4c8b c248 | be58 3985 | 6513 0200 | 0045 8b40 | 0849 ba00 | 0000 2413 | 0200 004d | 03c2 4c3b 
  0x000002130a733ab8: 8620 0100 | 0075 0d48 | 8386 2801 | 0000 01e9 | 6000 0000 | 4c3b 8630 | 0100 0075 | 0d48 8386 
  0x000002130a733ad8: 3801 0000 | 01e9 4a00 | 0000 4883 | be20 0100 | 0000 7517 | 4c89 8620 | 0100 0048 | c786 2801 
  0x000002130a733af8: 0000 0100 | 0000 e929 | 0000 0048 | 83be 3001 | 0000 0075 | 174c 8986 | 3001 0000 | 48c7 8638 
  0x000002130a733b18: 0100 0001 | 0000 00e9 | 0800 0000 | 4883 8610 | 0100 0001 | 4c8b c066 | 0f1f 4400 | 0048 b880 
  0x000002130a733b38: ad0b 2413 

  0x000002130a733b3c: ;   {virtual_call}
  0x000002130a733b3c: 0200 00e8 

  0x000002130a733b40: ; ImmutableOopMap {}
                      ;*invokeinterface add {reexecute=0 rethrow=0 return_oop=0}
                      ; - io.github.testgame.lwjgl3.abstractEngine.EntityManager::add@5 (line 21)
                      ; - io.github.testgame.lwjgl3.abstractEngine.EntityManager::spawnEntity@118 (line 116)
  0x000002130a733b40: 9cf4 dcff 

  0x000002130a733b44: ;   {other}
  0x000002130a733b44: 0f1f 8400 | b406 0003 | 4881 c490 | 0000 005d 

  0x000002130a733b54: ;   {poll_return}
  0x000002130a733b54: 493b a748 | 0400 000f | 87e4 0000 

  0x000002130a733b60: ;   {metadata({method} {0x00000213657ecb40} 'spawnEntity' '(Lcom/badlogic/gdx/physics/box2d/World;Ljava/lang/String;Lio/github/testgame/lwjgl3/abstractEngine/EntityManager$Vector2;Lio/github/testgame/lwjgl3/entity/EntityType;Lio/github/testgame/lwjgl3/entity/Player;)V' in 'io/github/testgame/lwjgl3/abstractEngine/EntityManager')}
  0x000002130a733b60: 00c3 49ba | 38cb 7e65 | 1302 0000 | 4c89 5424 | 0848 c704 | 24ff ffff 

  0x000002130a733b78: ;   {runtime_call counter_overflow Runtime1 stub}
  0x000002130a733b78: ffe8 0263 

  0x000002130a733b7c: ; ImmutableOopMap {rdx=Oop r8=Oop r9=Oop rbx=Oop rsi=Oop rcx=Oop }
                      ;*synchronization entry
                      ; - io.github.testgame.lwjgl3.abstractEngine.EntityManager::spawnEntity@-1 (line 102)
  0x000002130a733b7c: 3707 e9a5 

  0x000002130a733b80: ;   {runtime_call throw_null_pointer_exception Runtime1 stub}
  0x000002130a733b80: fbff ffe8 

  0x000002130a733b84: ; ImmutableOopMap {rdx=Oop r8=Oop r9=Oop rbx=Oop rsi=Oop rcx=Oop }
                      ;*invokevirtual ordinal {reexecute=0 rethrow=0 return_oop=0}
                      ; - io.github.testgame.lwjgl3.abstractEngine.EntityManager::spawnEntity@5 (line 102)
  0x000002130a733b84: f802 3707 | 4889 3424 | 4889 4424 

  0x000002130a733b90: ;   {runtime_call throw_range_check_failed Runtime1 stub}
  0x000002130a733b90: 08e8 6a21 

  0x000002130a733b94: ; ImmutableOopMap {rdx=Oop r8=Oop r9=Oop rbx=Oop rcx=Oop rax=Oop }
                      ;*iaload {reexecute=0 rethrow=0 return_oop=0}
                      ; - io.github.testgame.lwjgl3.abstractEngine.EntityManager::spawnEntity@8 (line 102)
                      ;   {runtime_call throw_null_pointer_exception Runtime1 stub}
  0x000002130a733b94: 3607 e8e5 

  0x000002130a733b98: ; ImmutableOopMap {rdx=Oop r8=Oop r9=Oop rbx=Oop rcx=Oop }
                      ;*iaload {reexecute=0 rethrow=0 return_oop=0}
                      ; - io.github.testgame.lwjgl3.abstractEngine.EntityManager::spawnEntity@8 (line 102)
                      ;   {internal_word}
  0x000002130a733b98: 0237 0749 | bae9 3773 | 0a13 0200 | 004d 8997 | 6004 0000 

  0x000002130a733bac: ;   {runtime_call SafepointBlob}
  0x000002130a733bac: e94f 1b2b | 0748 8bd2 

  0x000002130a733bb4: ;   {runtime_call fast_new_instance Runtime1 stub}
  0x000002130a733bb4: e8c7 0b37 

  0x000002130a733bb8: ; ImmutableOopMap {rbx=Oop r9=Oop r8=Oop [96]=Oop }
                      ;*new {reexecute=0 rethrow=0 return_oop=0}
                      ; - io.github.testgame.lwjgl3.abstractEngine.EntityManager::spawnEntity@92 (line 111)
  0x000002130a733bb8: 07e9 92fc 

  0x000002130a733bbc: ;   {runtime_call throw_null_pointer_exception Runtime1 stub}
  0x000002130a733bbc: ffff e8bd 

  0x000002130a733bc0: ; ImmutableOopMap {rbx=Oop r9=Oop r8=Oop rax=Oop [96]=Oop }
                      ;*getfield x {reexecute=1 rethrow=0 return_oop=0}
                      ; - (reexecute) io.github.testgame.lwjgl3.abstractEngine.EntityManager::spawnEntity@99 (line 111)
  0x000002130a733bc0: 0237 0748 

  0x000002130a733bc4: ;   {runtime_call fast_new_instance Runtime1 stub}
  0x000002130a733bc4: 8bd2 e8b5 

  0x000002130a733bc8: ; ImmutableOopMap {rbx=Oop r9=Oop r8=Oop [96]=Oop }
                      ;*new {reexecute=0 rethrow=0 return_oop=0}
                      ; - io.github.testgame.lwjgl3.abstractEngine.EntityManager::spawnEntity@70 (line 108)
  0x000002130a733bc8: 0b37 07e9 | 27fd ffff 

  0x000002130a733bd0: ;   {runtime_call throw_null_pointer_exception Runtime1 stub}
  0x000002130a733bd0: e8ab 0237 

  0x000002130a733bd4: ; ImmutableOopMap {rbx=Oop r9=Oop r8=Oop rax=Oop [96]=Oop }
                      ;*getfield x {reexecute=1 rethrow=0 return_oop=0}
                      ; - (reexecute) io.github.testgame.lwjgl3.abstractEngine.EntityManager::spawnEntity@77 (line 108)
  0x000002130a733bd4: 0748 8bd2 

  0x000002130a733bd8: ;   {runtime_call fast_new_instance Runtime1 stub}
  0x000002130a733bd8: e8a3 0b37 

  0x000002130a733bdc: ; ImmutableOopMap {rbx=Oop r9=Oop r8=Oop [96]=Oop [120]=Oop }
                      ;*new {reexecute=0 rethrow=0 return_oop=0}
                      ; - io.github.testgame.lwjgl3.abstractEngine.EntityManager::spawnEntity@36 (line 104)
  0x000002130a733bdc: 07e9 cefd 

  0x000002130a733be0: ;   {runtime_call throw_null_pointer_exception Runtime1 stub}
  0x000002130a733be0: ffff e899 

  0x000002130a733be4: ; ImmutableOopMap {rbx=Oop r9=Oop r8=Oop rax=Oop [96]=Oop [120]=Oop }
                      ;*getfield x {reexecute=1 rethrow=0 return_oop=0}
                      ; - (reexecute) io.github.testgame.lwjgl3.abstractEngine.EntityManager::spawnEntity@43 (line 104)
  0x000002130a733be4: 0237 0744 | 8b40 2849 | c1e0 0349 | 83f8 000f | 841d feff | ff4c 8904 

  0x000002130a733bfc: ;   {runtime_call g1_pre_barrier_slow}
  0x000002130a733bfc: 24e8 7e68 | 3707 e90f | feff ff48 | 83f9 000f | 8429 feff | ff48 8904 

  0x000002130a733c14: ;   {runtime_call g1_post_barrier_slow}
  0x000002130a733c14: 24e8 666b | 3707 e91b 

  0x000002130a733c1c: ;   {metadata({method} {0x00000213657ebf10} 'add' '(Lio/github/testgame/lwjgl3/entity/Entity;)V' in 'io/github/testgame/lwjgl3/abstractEngine/EntityManager')}
  0x000002130a733c1c: feff ff49 | ba08 bf7e | 6513 0200 | 004c 8954 | 2408 48c7 | 0424 ffff 

  0x000002130a733c34: ;   {runtime_call counter_overflow Runtime1 stub}
  0x000002130a733c34: ffff e845 

  0x000002130a733c38: ; ImmutableOopMap {rax=Oop rdx=Oop }
                      ;*synchronization entry
                      ; - io.github.testgame.lwjgl3.abstractEngine.EntityManager::add@-1 (line 21)
                      ; - io.github.testgame.lwjgl3.abstractEngine.EntityManager::spawnEntity@118 (line 116)
  0x000002130a733c38: 6237 07e9 | 4efe ffff 

  0x000002130a733c40: ;   {runtime_call throw_null_pointer_exception Runtime1 stub}
  0x000002130a733c40: e83b 0237 

  0x000002130a733c44: ; ImmutableOopMap {rax=Oop rdx=Oop }
                      ;*invokeinterface add {reexecute=0 rethrow=0 return_oop=0}
                      ; - io.github.testgame.lwjgl3.abstractEngine.EntityManager::add@5 (line 21)
                      ; - io.github.testgame.lwjgl3.abstractEngine.EntityManager::spawnEntity@118 (line 116)
                      ;   {internal_word}
  0x000002130a733c44: 0749 ba54 | 3b73 0a13 | 0200 004d | 8997 6004 

  0x000002130a733c54: ;   {runtime_call SafepointBlob}
  0x000002130a733c54: 0000 e9a5 | 1a2b 0749 | 8b87 f804 | 0000 49c7 | 87f8 0400 | 0000 0000 | 0049 c787 | 0005 0000 
  0x000002130a733c74: 0000 0000 | 4881 c490 | 0000 005d 

  0x000002130a733c80: ;   {runtime_call unwind_exception Runtime1 stub}
  0x000002130a733c80: e97b 1a36 | 07f4 f4f4 
[Stub Code]
  0x000002130a733c88: ;   {no_reloc}
  0x000002130a733c88: 0f1f 4400 

  0x000002130a733c8c: ;   {static_stub}
  0x000002130a733c8c: 0048 bb00 | 0000 0000 

  0x000002130a733c94: ;   {runtime_call}
  0x000002130a733c94: 0000 00e9 | fbff ffff 

  0x000002130a733c9c: ;   {static_stub}
  0x000002130a733c9c: 48bb 08e9 | 7e65 1302 

  0x000002130a733ca4: ;   {runtime_call I2C/C2I adapters}
  0x000002130a733ca4: 0000 e94f 

  0x000002130a733ca8: ;   {static_stub}
  0x000002130a733ca8: a248 0748 | bb60 f17e | 6513 0200 

  0x000002130a733cb4: ;   {runtime_call I2C/C2I adapters}
  0x000002130a733cb4: 00e9 bb48 

  0x000002130a733cb8: ;   {static_stub}
  0x000002130a733cb8: 4707 48bb | d8fd 7e65 | 1302 0000 

  0x000002130a733cc4: ;   {runtime_call I2C/C2I adapters}
  0x000002130a733cc4: e9ac 4847 

  0x000002130a733cc8: ;   {runtime_call handle_exception_from_callee Runtime1 stub}
  0x000002130a733cc8: 07e8 b21f 

  0x000002130a733ccc: ;   {external_word}
  0x000002130a733ccc: 3707 48b9 | a036 8cb1 | fd7f 0000 | 4883 e4f0 

  0x000002130a733cdc: ;   {runtime_call}
  0x000002130a733cdc: 48b8 5024 | 54b1 fd7f | 0000 ffd0 

  0x000002130a733ce8: ;   {section_word}
  0x000002130a733ce8: f449 bae9 | 3c73 0a13 | 0200 0041 

  0x000002130a733cf4: ;   {runtime_call DeoptimizationBlob}
  0x000002130a733cf4: 52e9 a60c | 2b07 f4f4 | f4f4 f4f4 
[/MachCode]


---------------  P R O C E S S  ---------------

Threads class SMR info:
_java_thread_list=0x0000021376a3dda0, length=14, elements={
0x0000021301fe5280, 0x000002132368d6d0, 0x0000021323690330, 0x0000021323697e40,
0x00000213236977b0, 0x0000021323695050, 0x00000213236984d0, 0x000002132369e280,
0x000002136902e5c0, 0x00000213236956e0, 0x0000021323695d70, 0x0000021323696400,
0x000002136c2b09a0, 0x000002136c2b6c10
}

Java Threads: ( => current thread )
=>0x0000021301fe5280 JavaThread "main"                              [_thread_in_native, id=73396, stack(0x0000003382500000,0x0000003382600000) (1024K)]
  0x000002132368d6d0 JavaThread "Reference Handler"          daemon [_thread_blocked, id=69032, stack(0x0000003382d00000,0x0000003382e00000) (1024K)]
  0x0000021323690330 JavaThread "Finalizer"                  daemon [_thread_blocked, id=93704, stack(0x0000003382e00000,0x0000003382f00000) (1024K)]
  0x0000021323697e40 JavaThread "Signal Dispatcher"          daemon [_thread_blocked, id=87736, stack(0x0000003382f00000,0x0000003383000000) (1024K)]
  0x00000213236977b0 JavaThread "Attach Listener"            daemon [_thread_blocked, id=88912, stack(0x0000003383000000,0x0000003383100000) (1024K)]
  0x0000021323695050 JavaThread "Service Thread"             daemon [_thread_blocked, id=83420, stack(0x0000003383100000,0x0000003383200000) (1024K)]
  0x00000213236984d0 JavaThread "Monitor Deflation Thread"   daemon [_thread_blocked, id=84960, stack(0x0000003383200000,0x0000003383300000) (1024K)]
  0x000002132369e280 JavaThread "C2 CompilerThread0"         daemon [_thread_blocked, id=73904, stack(0x0000003383300000,0x0000003383400000) (1024K)]
  0x000002136902e5c0 JavaThread "C1 CompilerThread0"         daemon [_thread_blocked, id=66652, stack(0x0000003383400000,0x0000003383500000) (1024K)]
  0x00000213236956e0 JavaThread "Notification Thread"        daemon [_thread_blocked, id=82388, stack(0x0000003383500000,0x0000003383600000) (1024K)]
  0x0000021323695d70 JavaThread "Common-Cleaner"             daemon [_thread_blocked, id=75532, stack(0x0000003383600000,0x0000003383700000) (1024K)]
  0x0000021323696400 JavaThread "Thread-0"                   daemon [_thread_blocked, id=81236, stack(0x0000003383700000,0x0000003383800000) (1024K)]
  0x000002136c2b09a0 JavaThread "Timer"                      daemon [_thread_blocked, id=73152, stack(0x0000003384800000,0x0000003384900000) (1024K)]
  0x000002136c2b6c10 JavaThread "LWJGL3 Timer"               daemon [_thread_blocked, id=82012, stack(0x0000003385300000,0x0000003385400000) (1024K)]
Total: 14

Other Threads:
  0x0000021323674780 VMThread "VM Thread"                           [id=89348, stack(0x0000003382c00000,0x0000003382d00000) (1024K)]
  0x0000021323662270 WatcherThread "VM Periodic Task Thread"        [id=88744, stack(0x0000003382b00000,0x0000003382c00000) (1024K)]
  0x0000021302065220 WorkerThread "GC Thread#0"                     [id=81448, stack(0x0000003382600000,0x0000003382700000) (1024K)]
  0x0000021376a23b80 WorkerThread "GC Thread#1"                     [id=75972, stack(0x0000003384900000,0x0000003384a00000) (1024K)]
  0x0000021376a23f20 WorkerThread "GC Thread#2"                     [id=53828, stack(0x0000003384a00000,0x0000003384b00000) (1024K)]
  0x0000021376a242c0 WorkerThread "GC Thread#3"                     [id=71876, stack(0x0000003384b00000,0x0000003384c00000) (1024K)]
  0x0000021376a24660 WorkerThread "GC Thread#4"                     [id=85124, stack(0x0000003384c00000,0x0000003384d00000) (1024K)]
  0x0000021376a24a00 WorkerThread "GC Thread#5"                     [id=94124, stack(0x0000003384d00000,0x0000003384e00000) (1024K)]
  0x0000021376a24da0 WorkerThread "GC Thread#6"                     [id=72936, stack(0x0000003384e00000,0x0000003384f00000) (1024K)]
  0x0000021376b0ac50 WorkerThread "GC Thread#7"                     [id=93040, stack(0x0000003384f00000,0x0000003385000000) (1024K)]
  0x0000021376b0aff0 WorkerThread "GC Thread#8"                     [id=30136, stack(0x0000003385000000,0x0000003385100000) (1024K)]
  0x0000021302071fc0 ConcurrentGCThread "G1 Main Marker"            [id=45420, stack(0x0000003382700000,0x0000003382800000) (1024K)]
  0x0000021302073940 WorkerThread "G1 Conc#0"                       [id=76776, stack(0x0000003382800000,0x0000003382900000) (1024K)]
  0x0000021323538e00 ConcurrentGCThread "G1 Refine#0"               [id=86716, stack(0x0000003382900000,0x0000003382a00000) (1024K)]
  0x0000021323539720 ConcurrentGCThread "G1 Service"                [id=90096, stack(0x0000003382a00000,0x0000003382b00000) (1024K)]
Total: 15

Threads with active compile tasks:
Total: 0

VM state: not at safepoint (normal execution)

VM Mutex/Monitor currently owned by a thread: None

Heap address: 0x0000000684800000, size: 6072 MB, Compressed Oops mode: Zero based, Oop shift amount: 3

CDS archive(s) mapped at: [0x0000021324000000-0x0000021324c90000-0x0000021324c90000), size 13172736, SharedBaseAddress: 0x0000021324000000, ArchiveRelocationMode: 1.
Compressed class space mapped at: 0x0000021325000000-0x0000021365000000, reserved size: 1073741824
Narrow klass base: 0x0000021324000000, Narrow klass shift: 0, Narrow klass range: 0x100000000

GC Precious Log:
 CardTable entry size: 512
 Card Set container configuration: InlinePtr #cards 4 size 8 Array Of Cards #cards 32 size 80 Howl #buckets 8 coarsen threshold 7372 Howl Bitmap #cards 1024 size 144 coarsen threshold 921 Card regions per heap region 1 cards per card region 8192
 CPUs: 12 total, 12 available
 Memory: 24279M
 Large Page Support: Disabled
 NUMA Support: Disabled
 Compressed Oops: Enabled (Zero based)
 Heap Region Size: 4M
 Heap Min Capacity: 8M
 Heap Initial Capacity: 380M
 Heap Max Capacity: 6072M
 Pre-touch: Disabled
 Parallel Workers: 10
 Concurrent Workers: 3
 Concurrent Refinement Workers: 10
 Periodic GC: Disabled

Heap:
 garbage-first heap   total 389120K, used 7703K [0x0000000684800000, 0x0000000800000000)
  region size 4096K, 3 young (12288K), 1 survivors (4096K)
 Metaspace       used 7042K, committed 7232K, reserved 1114112K
  class space    used 477K, committed 576K, reserved 1048576K

Heap Regions: E=young(eden), S=young(survivor), O=old, HS=humongous(starts), HC=humongous(continues), CS=collection set, F=free, TAMS=top-at-mark-start, PB=parsable bottom
|   0|0x0000000684800000, 0x0000000684800000, 0x0000000684c00000|  0%| F|  |TAMS 0x0000000684800000| PB 0x0000000684800000| Untracked 
|   1|0x0000000684c00000, 0x0000000684c00000, 0x0000000685000000|  0%| F|  |TAMS 0x0000000684c00000| PB 0x0000000684c00000| Untracked 
|   2|0x0000000685000000, 0x0000000685000000, 0x0000000685400000|  0%| F|  |TAMS 0x0000000685000000| PB 0x0000000685000000| Untracked 
|   3|0x0000000685400000, 0x0000000685400000, 0x0000000685800000|  0%| F|  |TAMS 0x0000000685400000| PB 0x0000000685400000| Untracked 
|   4|0x0000000685800000, 0x0000000685800000, 0x0000000685c00000|  0%| F|  |TAMS 0x0000000685800000| PB 0x0000000685800000| Untracked 
|   5|0x0000000685c00000, 0x0000000685c00000, 0x0000000686000000|  0%| F|  |TAMS 0x0000000685c00000| PB 0x0000000685c00000| Untracked 
|   6|0x0000000686000000, 0x0000000686000000, 0x0000000686400000|  0%| F|  |TAMS 0x0000000686000000| PB 0x0000000686000000| Untracked 
|   7|0x0000000686400000, 0x0000000686400000, 0x0000000686800000|  0%| F|  |TAMS 0x0000000686400000| PB 0x0000000686400000| Untracked 
|   8|0x0000000686800000, 0x0000000686800000, 0x0000000686c00000|  0%| F|  |TAMS 0x0000000686800000| PB 0x0000000686800000| Untracked 
|   9|0x0000000686c00000, 0x0000000686c00000, 0x0000000687000000|  0%| F|  |TAMS 0x0000000686c00000| PB 0x0000000686c00000| Untracked 
|  10|0x0000000687000000, 0x0000000687000000, 0x0000000687400000|  0%| F|  |TAMS 0x0000000687000000| PB 0x0000000687000000| Untracked 
|  11|0x0000000687400000, 0x0000000687400000, 0x0000000687800000|  0%| F|  |TAMS 0x0000000687400000| PB 0x0000000687400000| Untracked 
|  12|0x0000000687800000, 0x0000000687800000, 0x0000000687c00000|  0%| F|  |TAMS 0x0000000687800000| PB 0x0000000687800000| Untracked 
|  13|0x0000000687c00000, 0x0000000687c00000, 0x0000000688000000|  0%| F|  |TAMS 0x0000000687c00000| PB 0x0000000687c00000| Untracked 
|  14|0x0000000688000000, 0x0000000688000000, 0x0000000688400000|  0%| F|  |TAMS 0x0000000688000000| PB 0x0000000688000000| Untracked 
|  15|0x0000000688400000, 0x0000000688400000, 0x0000000688800000|  0%| F|  |TAMS 0x0000000688400000| PB 0x0000000688400000| Untracked 
|  16|0x0000000688800000, 0x0000000688800000, 0x0000000688c00000|  0%| F|  |TAMS 0x0000000688800000| PB 0x0000000688800000| Untracked 
|  17|0x0000000688c00000, 0x0000000688c00000, 0x0000000689000000|  0%| F|  |TAMS 0x0000000688c00000| PB 0x0000000688c00000| Untracked 
|  18|0x0000000689000000, 0x0000000689000000, 0x0000000689400000|  0%| F|  |TAMS 0x0000000689000000| PB 0x0000000689000000| Untracked 
|  19|0x0000000689400000, 0x0000000689400000, 0x0000000689800000|  0%| F|  |TAMS 0x0000000689400000| PB 0x0000000689400000| Untracked 
|  20|0x0000000689800000, 0x0000000689800000, 0x0000000689c00000|  0%| F|  |TAMS 0x0000000689800000| PB 0x0000000689800000| Untracked 
|  21|0x0000000689c00000, 0x0000000689c00000, 0x000000068a000000|  0%| F|  |TAMS 0x0000000689c00000| PB 0x0000000689c00000| Untracked 
|  22|0x000000068a000000, 0x000000068a000000, 0x000000068a400000|  0%| F|  |TAMS 0x000000068a000000| PB 0x000000068a000000| Untracked 
|  23|0x000000068a400000, 0x000000068a400000, 0x000000068a800000|  0%| F|  |TAMS 0x000000068a400000| PB 0x000000068a400000| Untracked 
|  24|0x000000068a800000, 0x000000068a800000, 0x000000068ac00000|  0%| F|  |TAMS 0x000000068a800000| PB 0x000000068a800000| Untracked 
|  25|0x000000068ac00000, 0x000000068ac00000, 0x000000068b000000|  0%| F|  |TAMS 0x000000068ac00000| PB 0x000000068ac00000| Untracked 
|  26|0x000000068b000000, 0x000000068b000000, 0x000000068b400000|  0%| F|  |TAMS 0x000000068b000000| PB 0x000000068b000000| Untracked 
|  27|0x000000068b400000, 0x000000068b400000, 0x000000068b800000|  0%| F|  |TAMS 0x000000068b400000| PB 0x000000068b400000| Untracked 
|  28|0x000000068b800000, 0x000000068b800000, 0x000000068bc00000|  0%| F|  |TAMS 0x000000068b800000| PB 0x000000068b800000| Untracked 
|  29|0x000000068bc00000, 0x000000068bc00000, 0x000000068c000000|  0%| F|  |TAMS 0x000000068bc00000| PB 0x000000068bc00000| Untracked 
|  30|0x000000068c000000, 0x000000068c000000, 0x000000068c400000|  0%| F|  |TAMS 0x000000068c000000| PB 0x000000068c000000| Untracked 
|  31|0x000000068c400000, 0x000000068c400000, 0x000000068c800000|  0%| F|  |TAMS 0x000000068c400000| PB 0x000000068c400000| Untracked 
|  32|0x000000068c800000, 0x000000068c800000, 0x000000068cc00000|  0%| F|  |TAMS 0x000000068c800000| PB 0x000000068c800000| Untracked 
|  33|0x000000068cc00000, 0x000000068cc00000, 0x000000068d000000|  0%| F|  |TAMS 0x000000068cc00000| PB 0x000000068cc00000| Untracked 
|  34|0x000000068d000000, 0x000000068d000000, 0x000000068d400000|  0%| F|  |TAMS 0x000000068d000000| PB 0x000000068d000000| Untracked 
|  35|0x000000068d400000, 0x000000068d400000, 0x000000068d800000|  0%| F|  |TAMS 0x000000068d400000| PB 0x000000068d400000| Untracked 
|  36|0x000000068d800000, 0x000000068d800000, 0x000000068dc00000|  0%| F|  |TAMS 0x000000068d800000| PB 0x000000068d800000| Untracked 
|  37|0x000000068dc00000, 0x000000068dc00000, 0x000000068e000000|  0%| F|  |TAMS 0x000000068dc00000| PB 0x000000068dc00000| Untracked 
|  38|0x000000068e000000, 0x000000068e000000, 0x000000068e400000|  0%| F|  |TAMS 0x000000068e000000| PB 0x000000068e000000| Untracked 
|  39|0x000000068e400000, 0x000000068e400000, 0x000000068e800000|  0%| F|  |TAMS 0x000000068e400000| PB 0x000000068e400000| Untracked 
|  40|0x000000068e800000, 0x000000068e800000, 0x000000068ec00000|  0%| F|  |TAMS 0x000000068e800000| PB 0x000000068e800000| Untracked 
|  41|0x000000068ec00000, 0x000000068ec00000, 0x000000068f000000|  0%| F|  |TAMS 0x000000068ec00000| PB 0x000000068ec00000| Untracked 
|  42|0x000000068f000000, 0x000000068f000000, 0x000000068f400000|  0%| F|  |TAMS 0x000000068f000000| PB 0x000000068f000000| Untracked 
|  43|0x000000068f400000, 0x000000068f400000, 0x000000068f800000|  0%| F|  |TAMS 0x000000068f400000| PB 0x000000068f400000| Untracked 
|  44|0x000000068f800000, 0x000000068f800000, 0x000000068fc00000|  0%| F|  |TAMS 0x000000068f800000| PB 0x000000068f800000| Untracked 
|  45|0x000000068fc00000, 0x000000068fc00000, 0x0000000690000000|  0%| F|  |TAMS 0x000000068fc00000| PB 0x000000068fc00000| Untracked 
|  46|0x0000000690000000, 0x0000000690000000, 0x0000000690400000|  0%| F|  |TAMS 0x0000000690000000| PB 0x0000000690000000| Untracked 
|  47|0x0000000690400000, 0x0000000690400000, 0x0000000690800000|  0%| F|  |TAMS 0x0000000690400000| PB 0x0000000690400000| Untracked 
|  48|0x0000000690800000, 0x0000000690800000, 0x0000000690c00000|  0%| F|  |TAMS 0x0000000690800000| PB 0x0000000690800000| Untracked 
|  49|0x0000000690c00000, 0x0000000690c00000, 0x0000000691000000|  0%| F|  |TAMS 0x0000000690c00000| PB 0x0000000690c00000| Untracked 
|  50|0x0000000691000000, 0x0000000691000000, 0x0000000691400000|  0%| F|  |TAMS 0x0000000691000000| PB 0x0000000691000000| Untracked 
|  51|0x0000000691400000, 0x0000000691400000, 0x0000000691800000|  0%| F|  |TAMS 0x0000000691400000| PB 0x0000000691400000| Untracked 
|  52|0x0000000691800000, 0x0000000691800000, 0x0000000691c00000|  0%| F|  |TAMS 0x0000000691800000| PB 0x0000000691800000| Untracked 
|  53|0x0000000691c00000, 0x0000000691c00000, 0x0000000692000000|  0%| F|  |TAMS 0x0000000691c00000| PB 0x0000000691c00000| Untracked 
|  54|0x0000000692000000, 0x0000000692000000, 0x0000000692400000|  0%| F|  |TAMS 0x0000000692000000| PB 0x0000000692000000| Untracked 
|  55|0x0000000692400000, 0x0000000692400000, 0x0000000692800000|  0%| F|  |TAMS 0x0000000692400000| PB 0x0000000692400000| Untracked 
|  56|0x0000000692800000, 0x0000000692800000, 0x0000000692c00000|  0%| F|  |TAMS 0x0000000692800000| PB 0x0000000692800000| Untracked 
|  57|0x0000000692c00000, 0x0000000692c00000, 0x0000000693000000|  0%| F|  |TAMS 0x0000000692c00000| PB 0x0000000692c00000| Untracked 
|  58|0x0000000693000000, 0x0000000693000000, 0x0000000693400000|  0%| F|  |TAMS 0x0000000693000000| PB 0x0000000693000000| Untracked 
|  59|0x0000000693400000, 0x0000000693400000, 0x0000000693800000|  0%| F|  |TAMS 0x0000000693400000| PB 0x0000000693400000| Untracked 
|  60|0x0000000693800000, 0x0000000693800000, 0x0000000693c00000|  0%| F|  |TAMS 0x0000000693800000| PB 0x0000000693800000| Untracked 
|  61|0x0000000693c00000, 0x0000000693c00000, 0x0000000694000000|  0%| F|  |TAMS 0x0000000693c00000| PB 0x0000000693c00000| Untracked 
|  62|0x0000000694000000, 0x0000000694000000, 0x0000000694400000|  0%| F|  |TAMS 0x0000000694000000| PB 0x0000000694000000| Untracked 
|  63|0x0000000694400000, 0x0000000694400000, 0x0000000694800000|  0%| F|  |TAMS 0x0000000694400000| PB 0x0000000694400000| Untracked 
|  64|0x0000000694800000, 0x0000000694800000, 0x0000000694c00000|  0%| F|  |TAMS 0x0000000694800000| PB 0x0000000694800000| Untracked 
|  65|0x0000000694c00000, 0x0000000694c00000, 0x0000000695000000|  0%| F|  |TAMS 0x0000000694c00000| PB 0x0000000694c00000| Untracked 
|  66|0x0000000695000000, 0x0000000695000000, 0x0000000695400000|  0%| F|  |TAMS 0x0000000695000000| PB 0x0000000695000000| Untracked 
|  67|0x0000000695400000, 0x0000000695400000, 0x0000000695800000|  0%| F|  |TAMS 0x0000000695400000| PB 0x0000000695400000| Untracked 
|  68|0x0000000695800000, 0x0000000695800000, 0x0000000695c00000|  0%| F|  |TAMS 0x0000000695800000| PB 0x0000000695800000| Untracked 
|  69|0x0000000695c00000, 0x0000000695c00000, 0x0000000696000000|  0%| F|  |TAMS 0x0000000695c00000| PB 0x0000000695c00000| Untracked 
|  70|0x0000000696000000, 0x0000000696000000, 0x0000000696400000|  0%| F|  |TAMS 0x0000000696000000| PB 0x0000000696000000| Untracked 
|  71|0x0000000696400000, 0x0000000696400000, 0x0000000696800000|  0%| F|  |TAMS 0x0000000696400000| PB 0x0000000696400000| Untracked 
|  72|0x0000000696800000, 0x0000000696800000, 0x0000000696c00000|  0%| F|  |TAMS 0x0000000696800000| PB 0x0000000696800000| Untracked 
|  73|0x0000000696c00000, 0x0000000696c00000, 0x0000000697000000|  0%| F|  |TAMS 0x0000000696c00000| PB 0x0000000696c00000| Untracked 
|  74|0x0000000697000000, 0x0000000697000000, 0x0000000697400000|  0%| F|  |TAMS 0x0000000697000000| PB 0x0000000697000000| Untracked 
|  75|0x0000000697400000, 0x0000000697400000, 0x0000000697800000|  0%| F|  |TAMS 0x0000000697400000| PB 0x0000000697400000| Untracked 
|  76|0x0000000697800000, 0x0000000697800000, 0x0000000697c00000|  0%| F|  |TAMS 0x0000000697800000| PB 0x0000000697800000| Untracked 
|  77|0x0000000697c00000, 0x0000000697c00000, 0x0000000698000000|  0%| F|  |TAMS 0x0000000697c00000| PB 0x0000000697c00000| Untracked 
|  78|0x0000000698000000, 0x0000000698000000, 0x0000000698400000|  0%| F|  |TAMS 0x0000000698000000| PB 0x0000000698000000| Untracked 
|  79|0x0000000698400000, 0x0000000698400000, 0x0000000698800000|  0%| F|  |TAMS 0x0000000698400000| PB 0x0000000698400000| Untracked 
|  80|0x0000000698800000, 0x0000000698800000, 0x0000000698c00000|  0%| F|  |TAMS 0x0000000698800000| PB 0x0000000698800000| Untracked 
|  81|0x0000000698c00000, 0x0000000698c00000, 0x0000000699000000|  0%| F|  |TAMS 0x0000000698c00000| PB 0x0000000698c00000| Untracked 
|  82|0x0000000699000000, 0x0000000699000000, 0x0000000699400000|  0%| F|  |TAMS 0x0000000699000000| PB 0x0000000699000000| Untracked 
|  83|0x0000000699400000, 0x0000000699400000, 0x0000000699800000|  0%| F|  |TAMS 0x0000000699400000| PB 0x0000000699400000| Untracked 
|  84|0x0000000699800000, 0x0000000699800000, 0x0000000699c00000|  0%| F|  |TAMS 0x0000000699800000| PB 0x0000000699800000| Untracked 
|  85|0x0000000699c00000, 0x0000000699c00000, 0x000000069a000000|  0%| F|  |TAMS 0x0000000699c00000| PB 0x0000000699c00000| Untracked 
|  86|0x000000069a000000, 0x000000069a000000, 0x000000069a400000|  0%| F|  |TAMS 0x000000069a000000| PB 0x000000069a000000| Untracked 
|  87|0x000000069a400000, 0x000000069a400000, 0x000000069a800000|  0%| F|  |TAMS 0x000000069a400000| PB 0x000000069a400000| Untracked 
|  88|0x000000069a800000, 0x000000069a800000, 0x000000069ac00000|  0%| F|  |TAMS 0x000000069a800000| PB 0x000000069a800000| Untracked 
|  89|0x000000069ac00000, 0x000000069af85e70, 0x000000069b000000| 88%| S|CS|TAMS 0x000000069ac00000| PB 0x000000069ac00000| Complete 
|  90|0x000000069b000000, 0x000000069b000000, 0x000000069b400000|  0%| F|  |TAMS 0x000000069b000000| PB 0x000000069b000000| Untracked 
|  91|0x000000069b400000, 0x000000069b400000, 0x000000069b800000|  0%| F|  |TAMS 0x000000069b400000| PB 0x000000069b400000| Untracked 
|  92|0x000000069b800000, 0x000000069b800000, 0x000000069bc00000|  0%| F|  |TAMS 0x000000069b800000| PB 0x000000069b800000| Untracked 
|  93|0x000000069bc00000, 0x000000069be73780, 0x000000069c000000| 61%| E|  |TAMS 0x000000069bc00000| PB 0x000000069bc00000| Complete 
|  94|0x000000069c000000, 0x000000069c400000, 0x000000069c400000|100%| E|CS|TAMS 0x000000069c000000| PB 0x000000069c000000| Complete 

Card table byte_map: [0x000002131a590000,0x000002131b170000] _byte_map_base: 0x000002131716c000

Marking Bits: (CMBitMap*) 0x0000021302065920
 Bits: [0x000002131b170000, 0x0000021321050000)

Polling page: 0x00000213017a0000

Metaspace:

Usage:
  Non-class:      6.41 MB used.
      Class:    477.86 KB used.
       Both:      6.88 MB used.

Virtual space:
  Non-class space:       64.00 MB reserved,       6.50 MB ( 10%) committed,  1 nodes.
      Class space:        1.00 GB reserved,     576.00 KB ( <1%) committed,  1 nodes.
             Both:        1.06 GB reserved,       7.06 MB ( <1%) committed. 

Chunk freelists:
   Non-Class:  7.62 MB
       Class:  15.41 MB
        Both:  23.03 MB

MaxMetaspaceSize: unlimited
CompressedClassSpaceSize: 1.00 GB
Initial GC threshold: 21.00 MB
Current GC threshold: 21.00 MB
CDS: on
 - commit_granule_bytes: 65536.
 - commit_granule_words: 8192.
 - virtual_space_node_default_size: 8388608.
 - enlarge_chunks_in_place: 1.
 - use_allocation_guard: 0.


Internal statistics:

num_allocs_failed_limit: 0.
num_arena_births: 78.
num_arena_deaths: 0.
num_vsnodes_births: 2.
num_vsnodes_deaths: 0.
num_space_committed: 111.
num_space_uncommitted: 0.
num_chunks_returned_to_freelist: 0.
num_chunks_taken_from_freelist: 281.
num_chunk_merges: 0.
num_chunk_splits: 191.
num_chunks_enlarged: 144.
num_inconsistent_stats: 0.

CodeHeap 'non-profiled nmethods': size=120000Kb used=724Kb max_used=724Kb free=119276Kb
 bounds [0x0000021311f30000, 0x00000213121a0000, 0x0000021319460000]
CodeHeap 'profiled nmethods': size=120000Kb used=3129Kb max_used=3129Kb free=116870Kb
 bounds [0x000002130a460000, 0x000002130a770000, 0x0000021311990000]
CodeHeap 'non-nmethods': size=5760Kb used=2195Kb max_used=2227Kb free=3564Kb
 bounds [0x0000021311990000, 0x0000021311c00000, 0x0000021311f30000]
 total_blobs=2880 nmethods=1734 adapters=1051
 compilation: enabled
              stopped_count=0, restarted_count=0
 full_count=0

Compilation events (20 events):
Event: 8.798 Thread 0x000002136902e5c0 1724       3       org.lwjgl.system.MemoryUtil::memAddressSafe (19 bytes)
Event: 8.799 Thread 0x000002136902e5c0 nmethod 1724 0x000002130a765290 code [0x000002130a765440, 0x000002130a7656c8]
Event: 8.799 Thread 0x000002136902e5c0 1725   !   3       com.badlogic.gdx.graphics.Pixmap::<init> (77 bytes)
Event: 8.799 Thread 0x000002136902e5c0 nmethod 1725 0x000002130a765810 code [0x000002130a765ac0, 0x000002130a7666b0]
Event: 8.799 Thread 0x000002136902e5c0 1726   !   3       com.badlogic.gdx.files.FileHandle::readBytes (56 bytes)
Event: 8.800 Thread 0x000002136902e5c0 nmethod 1726 0x000002130a766c10 code [0x000002130a766ee0, 0x000002130a767cd0]
Event: 8.800 Thread 0x000002136902e5c0 1727       3       com.badlogic.gdx.utils.StreamUtils::copyStreamToByteArray (23 bytes)
Event: 8.801 Thread 0x000002136902e5c0 nmethod 1727 0x000002130a768390 code [0x000002130a7685a0, 0x000002130a768cc8]
Event: 8.801 Thread 0x000002136902e5c0 1728       3       com.badlogic.gdx.graphics.Texture::<init> (17 bytes)
Event: 8.801 Thread 0x000002136902e5c0 nmethod 1728 0x000002130a768f90 code [0x000002130a7691a0, 0x000002130a7696b8]
Event: 8.803 Thread 0x000002132369e280 nmethod 1716% 0x0000021311fe2c90 code [0x0000021311fe2f20, 0x0000021311fe3f10]
Event: 8.803 Thread 0x000002132369e280 1720       4       java.lang.StringConcatHelper::prepend (37 bytes)
Event: 8.804 Thread 0x000002132369e280 nmethod 1720 0x0000021311fe4b10 code [0x0000021311fe4ca0, 0x0000021311fe4e60]
Event: 8.900 Thread 0x000002136902e5c0 1729       3       com.badlogic.gdx.graphics.g2d.GlyphLayout::setText (23 bytes)
Event: 8.901 Thread 0x000002136902e5c0 nmethod 1729 0x000002130a769910 code [0x000002130a769ae0, 0x000002130a769df0]
Event: 8.901 Thread 0x000002136902e5c0 1730       3       com.badlogic.gdx.graphics.g2d.BitmapFont::getColor (8 bytes)
Event: 8.901 Thread 0x000002136902e5c0 nmethod 1730 0x000002130a769f90 code [0x000002130a76a120, 0x000002130a76a268]
Event: 9.067 Thread 0x000002136902e5c0 1731       3       com.badlogic.gdx.graphics.Texture::<init> (11 bytes)
Event: 9.068 Thread 0x000002136902e5c0 nmethod 1731 0x000002130a76a310 code [0x000002130a76a540, 0x000002130a76aae8]
Event: 9.068 Thread 0x000002136902e5c0 1732       3       com.badlogic.gdx.graphics.TextureData$Factory::loadFromFile (108 bytes)

GC Heap History (2 events):
Event: 1.664 GC heap before
{Heap before GC invocations=0 (full 0):
 garbage-first heap   total 389120K, used 20480K [0x0000000684800000, 0x0000000800000000)
  region size 4096K, 5 young (20480K), 0 survivors (0K)
 Metaspace       used 6590K, committed 6848K, reserved 1114112K
  class space    used 471K, committed 576K, reserved 1048576K
}
Event: 1.671 GC heap after
{Heap after GC invocations=1 (full 0):
 garbage-first heap   total 389120K, used 3607K [0x0000000684800000, 0x0000000800000000)
  region size 4096K, 1 young (4096K), 1 survivors (4096K)
 Metaspace       used 6590K, committed 6848K, reserved 1114112K
  class space    used 471K, committed 576K, reserved 1048576K
}

Dll operation events (11 events):
Event: 0.012 Loaded shared library C:\Program Files\Java\jdk-21\bin\java.dll
Event: 0.048 Loaded shared library C:\Program Files\Java\jdk-21\bin\jsvml.dll
Event: 0.098 Loaded shared library C:\Program Files\Java\jdk-21\bin\net.dll
Event: 0.099 Loaded shared library C:\Program Files\Java\jdk-21\bin\nio.dll
Event: 0.104 Loaded shared library C:\Program Files\Java\jdk-21\bin\zip.dll
Event: 0.157 Loaded shared library C:\Program Files\Java\jdk-21\bin\jimage.dll
Event: 0.162 Loaded shared library C:\ProgramData\libGDX-temp\libgdxTriba\c39de338\gdx64.dll
Event: 0.214 Loaded shared library C:\ProgramData\libGDX-temp\lwjgl_Triba\3.3.3+5\x64\lwjgl.dll
Event: 1.051 Loaded shared library C:\ProgramData\libGDX-temp\lwjgl_Triba\3.3.3+5\x64\lwjgl_opengl.dll
Event: 1.547 Loaded shared library C:\ProgramData\libGDX-temp\libgdxTriba\e35c7bf4\gdx-freetype64.dll
Event: 1.606 Loaded shared library C:\ProgramData\libGDX-temp\libgdxTriba\271beab6\gdx-box2d64.dll

Deoptimization events (20 events):
Event: 5.519 Thread 0x0000021301fe5280 DEOPT PACKING pc=0x000002130a610779 sp=0x00000033825fe8c0
Event: 5.520 Thread 0x0000021301fe5280 DEOPT UNPACKING pc=0x00000213119e4e42 sp=0x00000033825fde08 mode 0
Event: 5.521 Thread 0x0000021301fe5280 DEOPT PACKING pc=0x000002130a610779 sp=0x00000033825fe8c0
Event: 5.521 Thread 0x0000021301fe5280 DEOPT UNPACKING pc=0x00000213119e4e42 sp=0x00000033825fde08 mode 0
Event: 5.522 Thread 0x0000021301fe5280 DEOPT PACKING pc=0x000002130a610779 sp=0x00000033825fe8c0
Event: 5.522 Thread 0x0000021301fe5280 DEOPT UNPACKING pc=0x00000213119e4e42 sp=0x00000033825fde08 mode 0
Event: 5.523 Thread 0x0000021301fe5280 DEOPT PACKING pc=0x000002130a610779 sp=0x00000033825fe8c0
Event: 5.523 Thread 0x0000021301fe5280 DEOPT UNPACKING pc=0x00000213119e4e42 sp=0x00000033825fde08 mode 0
Event: 5.524 Thread 0x0000021301fe5280 DEOPT PACKING pc=0x000002130a610779 sp=0x00000033825fe8c0
Event: 5.524 Thread 0x0000021301fe5280 DEOPT UNPACKING pc=0x00000213119e4e42 sp=0x00000033825fde08 mode 0
Event: 5.525 Thread 0x0000021301fe5280 DEOPT PACKING pc=0x000002130a610779 sp=0x00000033825fe8c0
Event: 5.525 Thread 0x0000021301fe5280 DEOPT UNPACKING pc=0x00000213119e4e42 sp=0x00000033825fde08 mode 0
Event: 5.526 Thread 0x0000021301fe5280 DEOPT PACKING pc=0x000002130a610779 sp=0x00000033825fe8c0
Event: 5.526 Thread 0x0000021301fe5280 DEOPT UNPACKING pc=0x00000213119e4e42 sp=0x00000033825fde08 mode 0
Event: 5.527 Thread 0x0000021301fe5280 DEOPT PACKING pc=0x000002130a610779 sp=0x00000033825fe8c0
Event: 5.527 Thread 0x0000021301fe5280 DEOPT UNPACKING pc=0x00000213119e4e42 sp=0x00000033825fde08 mode 0
Event: 5.528 Thread 0x0000021301fe5280 DEOPT PACKING pc=0x000002130a610779 sp=0x00000033825fe8c0
Event: 5.528 Thread 0x0000021301fe5280 DEOPT UNPACKING pc=0x00000213119e4e42 sp=0x00000033825fde08 mode 0
Event: 7.222 Thread 0x0000021301fe5280 DEOPT PACKING pc=0x000002130a4cd231 sp=0x00000033825fe210
Event: 7.222 Thread 0x0000021301fe5280 DEOPT UNPACKING pc=0x00000213119e4e42 sp=0x00000033825fd710 mode 0

Classes loaded (20 events):
Event: 1.621 Loading class java/util/stream/MatchOps$MatchOp
Event: 1.621 Loading class java/util/stream/MatchOps$MatchOp done
Event: 1.621 Loading class java/util/stream/MatchOps$BooleanTerminalSink
Event: 1.621 Loading class java/util/stream/MatchOps$BooleanTerminalSink done
Event: 1.621 Loading class java/util/stream/MatchOps$1MatchSink
Event: 1.621 Loading class java/util/stream/MatchOps$1MatchSink done
Event: 1.633 Loading class java/util/LinkedList
Event: 1.633 Loading class java/util/AbstractSequentialList
Event: 1.633 Loading class java/util/AbstractSequentialList done
Event: 1.633 Loading class java/util/LinkedList done
Event: 1.644 Loading class java/lang/SecurityException
Event: 1.644 Loading class java/lang/SecurityException done
Event: 1.644 Loading class java/lang/reflect/InvocationTargetException
Event: 1.644 Loading class java/lang/reflect/InvocationTargetException done
Event: 2.297 Loading class java/lang/FdLibm$Atan2
Event: 2.297 Loading class java/lang/FdLibm$Atan2 done
Event: 2.297 Loading class java/lang/FdLibm
Event: 2.297 Loading class java/lang/FdLibm done
Event: 2.297 Loading class java/lang/FdLibm$Atan
Event: 2.297 Loading class java/lang/FdLibm$Atan done

Classes unloaded (0 events):
No events

Classes redefined (0 events):
No events

Internal exceptions (20 events):
Event: 0.262 Thread 0x0000021301fe5280 Exception <a 'java/lang/NoSuchMethodError'{0x000000069bee62f0}: 'int java.lang.invoke.DirectMethodHandle$Holder.invokeStaticInit(java.lang.Object, java.lang.Object, java.lang.Object, long)'> (0x000000069bee62f0) 
thrown [s\open\src\hotspot\share\interpreter\linkResolver.cpp, line 773]
Event: 0.296 Thread 0x0000021301fe5280 Exception <a 'sun/nio/fs/WindowsException'{0x000000069bf6ed58}> (0x000000069bf6ed58) 
thrown [s\open\src\hotspot\share\prims\jni.cpp, line 520]
Event: 0.296 Thread 0x0000021301fe5280 Exception <a 'sun/nio/fs/WindowsException'{0x000000069bf6f0b8}> (0x000000069bf6f0b8) 
thrown [s\open\src\hotspot\share\prims\jni.cpp, line 520]
Event: 0.329 Thread 0x0000021301fe5280 Exception <a 'sun/nio/fs/WindowsException'{0x000000069b81b400}> (0x000000069b81b400) 
thrown [s\open\src\hotspot\share\prims\jni.cpp, line 520]
Event: 0.329 Thread 0x0000021301fe5280 Exception <a 'sun/nio/fs/WindowsException'{0x000000069b81b730}> (0x000000069b81b730) 
thrown [s\open\src\hotspot\share\prims\jni.cpp, line 520]
Event: 0.335 Thread 0x0000021301fe5280 Exception <a 'java/lang/NoSuchMethodError'{0x000000069b822770}: 'int java.lang.invoke.Invokers$Holder.invokeExact_MT(java.lang.Object, java.lang.Object)'> (0x000000069b822770) 
thrown [s\open\src\hotspot\share\interpreter\linkResolver.cpp, line 773]
Event: 0.398 Thread 0x0000021301fe5280 Exception <a 'sun/nio/fs/WindowsException'{0x000000069b8b1a00}> (0x000000069b8b1a00) 
thrown [s\open\src\hotspot\share\prims\jni.cpp, line 520]
Event: 0.398 Thread 0x0000021301fe5280 Exception <a 'sun/nio/fs/WindowsException'{0x000000069b8b1d50}> (0x000000069b8b1d50) 
thrown [s\open\src\hotspot\share\prims\jni.cpp, line 520]
Event: 0.640 Thread 0x0000021301fe5280 Exception <a 'java/lang/NoSuchMethodError'{0x000000069b8f0b70}: 'java.lang.Object java.lang.invoke.DirectMethodHandle$Holder.newInvokeSpecial(java.lang.Object, long)'> (0x000000069b8f0b70) 
thrown [s\open\src\hotspot\share\interpreter\linkResolver.cpp, line 773]
Event: 1.039 Thread 0x0000021301fe5280 Exception <a 'java/lang/NoSuchMethodError'{0x000000069ba97f18}: 'void java.lang.invoke.DirectMethodHandle$Holder.invokeStatic(java.lang.Object, long)'> (0x000000069ba97f18) 
thrown [s\open\src\hotspot\share\interpreter\linkResolver.cpp, line 773]
Event: 1.045 Thread 0x0000021301fe5280 Exception <a 'java/lang/NoSuchMethodError'{0x000000069bab9898}: 'void java.lang.System.load(java.lang.String, java.lang.Class)'> (0x000000069bab9898) 
thrown [s\open\src\hotspot\share\interpreter\linkResolver.cpp, line 773]
Event: 1.046 Thread 0x0000021301fe5280 Exception <a 'java/lang/NoSuchMethodError'{0x000000069babc258}: 'void java.lang.System.loadLibrary(java.lang.String, java.lang.Class)'> (0x000000069babc258) 
thrown [s\open\src\hotspot\share\interpreter\linkResolver.cpp, line 773]
Event: 1.050 Thread 0x0000021301fe5280 Exception <a 'sun/nio/fs/WindowsException'{0x000000069bacd1b8}> (0x000000069bacd1b8) 
thrown [s\open\src\hotspot\share\prims\jni.cpp, line 520]
Event: 1.050 Thread 0x0000021301fe5280 Exception <a 'sun/nio/fs/WindowsException'{0x000000069bacd530}> (0x000000069bacd530) 
thrown [s\open\src\hotspot\share\prims\jni.cpp, line 520]
Event: 1.053 Thread 0x0000021301fe5280 Exception <a 'sun/nio/fs/WindowsException'{0x000000069badaa70}> (0x000000069badaa70) 
thrown [s\open\src\hotspot\share\prims\jni.cpp, line 520]
Event: 1.053 Thread 0x0000021301fe5280 Exception <a 'sun/nio/fs/WindowsException'{0x000000069badad20}> (0x000000069badad20) 
thrown [s\open\src\hotspot\share\prims\jni.cpp, line 520]
Event: 1.548 Thread 0x0000021301fe5280 Exception <a 'java/io/FileNotFoundException'{0x000000069b7855c0}> (0x000000069b7855c0) 
thrown [s\open\src\hotspot\share\prims\jni.cpp, line 520]
Event: 5.496 Thread 0x0000021301fe5280 Exception <a 'java/io/FileNotFoundException'{0x000000069c1f5e58}> (0x000000069c1f5e58) 
thrown [s\open\src\hotspot\share\prims\jni.cpp, line 520]
Event: 5.519 Thread 0x0000021301fe5280 Implicit null exception at 0x0000021311f8c283 to 0x0000021311f8c33c
Event: 8.753 Thread 0x0000021301fe5280 Exception <a 'java/io/FileNotFoundException'{0x000000069bd47c50}> (0x000000069bd47c50) 
thrown [s\open\src\hotspot\share\prims\jni.cpp, line 520]

ZGC Phase Switch (0 events):
No events

VM Operations (20 events):
Event: 1.571 Executing VM operation: HandshakeAllThreads (Deoptimize)
Event: 1.571 Executing VM operation: HandshakeAllThreads (Deoptimize) done
Event: 1.633 Executing VM operation: HandshakeAllThreads (Deoptimize)
Event: 1.633 Executing VM operation: HandshakeAllThreads (Deoptimize) done
Event: 1.664 Executing VM operation: G1CollectForAllocation (G1 Evacuation Pause)
Event: 1.671 Executing VM operation: G1CollectForAllocation (G1 Evacuation Pause) done
Event: 2.674 Executing VM operation: Cleanup
Event: 2.674 Executing VM operation: Cleanup done
Event: 3.675 Executing VM operation: Cleanup
Event: 3.675 Executing VM operation: Cleanup done
Event: 4.675 Executing VM operation: Cleanup
Event: 4.675 Executing VM operation: Cleanup done
Event: 5.676 Executing VM operation: Cleanup
Event: 5.676 Executing VM operation: Cleanup done
Event: 6.676 Executing VM operation: Cleanup
Event: 6.676 Executing VM operation: Cleanup done
Event: 7.677 Executing VM operation: Cleanup
Event: 7.677 Executing VM operation: Cleanup done
Event: 8.678 Executing VM operation: Cleanup
Event: 8.678 Executing VM operation: Cleanup done

Events (20 events):
Event: 0.046 Thread 0x00000213236984d0 Thread added: 0x00000213236984d0
Event: 0.047 Thread 0x000002132369e280 Thread added: 0x000002132369e280
Event: 0.047 Thread 0x000002136902e5c0 Thread added: 0x000002136902e5c0
Event: 0.091 Thread 0x00000213236956e0 Thread added: 0x00000213236956e0
Event: 0.093 Thread 0x0000021323695d70 Thread added: 0x0000021323695d70
Event: 0.131 Thread 0x0000021369244950 Thread added: 0x0000021369244950
Event: 0.639 Thread 0x0000021369244950 Thread exited: 0x0000021369244950
Event: 0.649 Thread 0x0000021323696400 Thread added: 0x0000021323696400
Event: 1.056 Thread 0x000002136c73a100 Thread added: 0x000002136c73a100
Event: 1.192 Thread 0x000002136c73a100 Thread exited: 0x000002136c73a100
Event: 1.591 Thread 0x0000021376a44d00 Thread added: 0x0000021376a44d00
Event: 1.597 Thread 0x0000021376a41d50 Thread added: 0x0000021376a41d50
Event: 1.632 Thread 0x000002136c2b09a0 Thread added: 0x000002136c2b09a0
Event: 1.712 Thread 0x000002136c2b6c10 Thread added: 0x000002136c2b6c10
Event: 1.895 Thread 0x0000021376a41d50 Thread exited: 0x0000021376a41d50
Event: 1.912 Thread 0x0000021376a44d00 Thread exited: 0x0000021376a44d00
Event: 5.511 Thread 0x0000021376a475e0 Thread added: 0x0000021376a475e0
Event: 5.515 Thread 0x0000021376a44630 Thread added: 0x0000021376a44630
Event: 5.651 Thread 0x0000021376a44630 Thread exited: 0x0000021376a44630
Event: 5.918 Thread 0x0000021376a475e0 Thread exited: 0x0000021376a475e0


Dynamic libraries:
0x00007ff7cf480000 - 0x00007ff7cf490000 	C:\Program Files\Java\jdk-21\bin\java.exe
0x00007ffe04140000 - 0x00007ffe043a3000 	C:\WINDOWS\SYSTEM32\ntdll.dll
0x00007ffe03770000 - 0x00007ffe03837000 	C:\WINDOWS\System32\KERNEL32.DLL
0x00007ffe018a0000 - 0x00007ffe01c67000 	C:\WINDOWS\System32\KERNELBASE.dll
0x00007ffe01d00000 - 0x00007ffe01e4c000 	C:\WINDOWS\System32\ucrtbase.dll
0x00007ffde8940000 - 0x00007ffde895b000 	C:\Program Files\Java\jdk-21\bin\VCRUNTIME140.dll
0x00007ffdecca0000 - 0x00007ffdeccb9000 	C:\Program Files\Java\jdk-21\bin\jli.dll
0x00007ffe02980000 - 0x00007ffe02a34000 	C:\WINDOWS\System32\ADVAPI32.dll
0x00007ffe02bd0000 - 0x00007ffe02c79000 	C:\WINDOWS\System32\msvcrt.dll
0x00007ffe02a40000 - 0x00007ffe02ae6000 	C:\WINDOWS\System32\sechost.dll
0x00007ffe027c0000 - 0x00007ffe028d6000 	C:\WINDOWS\System32\RPCRT4.dll
0x00007ffe03c60000 - 0x00007ffe03e29000 	C:\WINDOWS\System32\USER32.dll
0x00007ffde7420000 - 0x00007ffde76b0000 	C:\WINDOWS\WinSxS\amd64_microsoft.windows.common-controls_6595b64144ccf1df_6.0.26100.3037_none_3e09262ce333c378\COMCTL32.dll
0x00007ffe016f0000 - 0x00007ffe01717000 	C:\WINDOWS\System32\win32u.dll
0x00007ffe02cc0000 - 0x00007ffe02cea000 	C:\WINDOWS\System32\GDI32.dll
0x00007ffe01e50000 - 0x00007ffe01f7b000 	C:\WINDOWS\System32\gdi32full.dll
0x00007ffe01580000 - 0x00007ffe01623000 	C:\WINDOWS\System32\msvcp_win.dll
0x00007ffdf74c0000 - 0x00007ffdf74cb000 	C:\WINDOWS\SYSTEM32\VERSION.dll
0x00007ffe02c80000 - 0x00007ffe02caf000 	C:\WINDOWS\System32\IMM32.DLL
0x00007ffde8b00000 - 0x00007ffde8b0c000 	C:\Program Files\Java\jdk-21\bin\vcruntime140_1.dll
0x00007ffdb1c40000 - 0x00007ffdb1cce000 	C:\Program Files\Java\jdk-21\bin\msvcp140.dll
0x00007ffdb0f20000 - 0x00007ffdb1c38000 	C:\Program Files\Java\jdk-21\bin\server\jvm.dll
0x00007ffe03840000 - 0x00007ffe038b4000 	C:\WINDOWS\System32\WS2_32.dll
0x00007ffe00160000 - 0x00007ffe001ae000 	C:\WINDOWS\SYSTEM32\POWRPROF.dll
0x00007ffdf41a0000 - 0x00007ffdf41d6000 	C:\WINDOWS\SYSTEM32\WINMM.dll
0x00007ffe00140000 - 0x00007ffe00154000 	C:\WINDOWS\SYSTEM32\UMPDC.dll
0x00007ffe00420000 - 0x00007ffe0043a000 	C:\WINDOWS\SYSTEM32\kernel.appcore.dll
0x00007ffde89f0000 - 0x00007ffde89fa000 	C:\Program Files\Java\jdk-21\bin\jimage.dll
0x00007ffdfe9c0000 - 0x00007ffdfec01000 	C:\WINDOWS\SYSTEM32\DBGHELP.DLL
0x00007ffe038c0000 - 0x00007ffe03c3e000 	C:\WINDOWS\System32\combase.dll
0x00007ffe02af0000 - 0x00007ffe02bc6000 	C:\WINDOWS\System32\OLEAUT32.dll
0x00007ffdccb90000 - 0x00007ffdccbc9000 	C:\WINDOWS\SYSTEM32\dbgcore.DLL
0x00007ffe014e0000 - 0x00007ffe01579000 	C:\WINDOWS\System32\bcryptPrimitives.dll
0x00007ffde6ee0000 - 0x00007ffde6eff000 	C:\Program Files\Java\jdk-21\bin\java.dll
0x00007ffe03060000 - 0x00007ffe03764000 	C:\WINDOWS\System32\SHELL32.dll
0x00007ffdff1f0000 - 0x00007ffdffa27000 	C:\WINDOWS\SYSTEM32\windows.storage.dll
0x00007ffe02ea0000 - 0x00007ffe02f89000 	C:\WINDOWS\System32\SHCORE.dll
0x00007ffe02170000 - 0x00007ffe021cd000 	C:\WINDOWS\System32\shlwapi.dll
0x00007ffe013f0000 - 0x00007ffe0141e000 	C:\WINDOWS\SYSTEM32\profapi.dll
0x00007ffdb0e40000 - 0x00007ffdb0f17000 	C:\Program Files\Java\jdk-21\bin\jsvml.dll
0x00007ffde7130000 - 0x00007ffde7140000 	C:\Program Files\Java\jdk-21\bin\net.dll
0x00007ffdf8230000 - 0x00007ffdf834e000 	C:\WINDOWS\SYSTEM32\WINHTTP.dll
0x00007ffe00930000 - 0x00007ffe0099a000 	C:\WINDOWS\system32\mswsock.dll
0x00007ffdc9770000 - 0x00007ffdc9786000 	C:\Program Files\Java\jdk-21\bin\nio.dll
0x00007ffde41d0000 - 0x00007ffde41e8000 	C:\Program Files\Java\jdk-21\bin\zip.dll
0x000000006e700000 - 0x000000006e72d000 	C:\ProgramData\libGDX-temp\libgdxTriba\c39de338\gdx64.dll
0x00007ffdb0d40000 - 0x00007ffdb0dbb000 	C:\ProgramData\libGDX-temp\lwjgl_Triba\3.3.3+5\x64\lwjgl.dll
0x00007ffd7bfb0000 - 0x00007ffd7c220000 	C:\ProgramData\libGDX-temp\lwjgl_Triba\3.3.3+5\x64\jemalloc.dll
0x00007ffdb08c0000 - 0x00007ffdb0942000 	C:\ProgramData\libGDX-temp\lwjgl_Triba\3.3.3+5\x64\glfw.dll
0x00007ffdeada0000 - 0x00007ffdeadeb000 	C:\WINDOWS\SYSTEM32\dinput8.dll
0x00007ffdf7110000 - 0x00007ffdf7122000 	C:\WINDOWS\SYSTEM32\xinput1_4.dll
0x00007ffe01170000 - 0x00007ffe011cf000 	C:\WINDOWS\SYSTEM32\cfgmgr32.dll
0x00007ffe01140000 - 0x00007ffe0116d000 	C:\WINDOWS\SYSTEM32\DEVOBJ.dll
0x00007ffdfb9c0000 - 0x00007ffdfb9ee000 	C:\WINDOWS\SYSTEM32\dwmapi.dll
0x00007ffdfb670000 - 0x00007ffdfb71d000 	C:\WINDOWS\system32\uxtheme.dll
0x00007ffde3f00000 - 0x00007ffde40de000 	C:\WINDOWS\SYSTEM32\inputhost.dll
0x00007ffdf9db0000 - 0x00007ffdf9ed6000 	C:\WINDOWS\SYSTEM32\CoreMessaging.dll
0x00007ffe01f80000 - 0x00007ffe020dc000 	C:\WINDOWS\System32\MSCTF.dll
0x00007ffe00bf0000 - 0x00007ffe00bfc000 	C:\WINDOWS\SYSTEM32\CRYPTBASE.DLL
0x00007ffda5ba0000 - 0x00007ffda5d67000 	C:\ProgramData\libGDX-temp\lwjgl_Triba\3.3.3+5\x64\OpenAL.dll
0x00007ffe02d00000 - 0x00007ffe02e95000 	C:\WINDOWS\System32\ole32.dll
0x00007ffe04050000 - 0x00007ffe040f8000 	C:\WINDOWS\System32\clbcatq.dll
0x00007ffdf5450000 - 0x00007ffdf54e2000 	C:\WINDOWS\System32\MMDevApi.dll
0x00007ffdecf80000 - 0x00007ffded13e000 	C:\WINDOWS\SYSTEM32\AUDIOSES.DLL
0x00007ffdfed40000 - 0x00007ffdfed54000 	C:\WINDOWS\SYSTEM32\resourcepolicyclient.dll
0x00007ffdb29a0000 - 0x00007ffdb2aac000 	C:\WINDOWS\SYSTEM32\opengl32.dll
0x00007ffdbe070000 - 0x00007ffdbe09d000 	C:\WINDOWS\SYSTEM32\GLU32.dll
0x00007ffdfe650000 - 0x00007ffdfe697000 	C:\WINDOWS\SYSTEM32\dxcore.dll
0x00007ffdfb7f0000 - 0x00007ffdfb84c000 	C:\WINDOWS\SYSTEM32\directxdatabasehelper.dll
0x00007ffdec2e0000 - 0x00007ffdec2fa000 	C:\WINDOWS\SYSTEM32\windows.staterepositorycore.dll
0x00007ffd76e00000 - 0x00007ffd795ed000 	C:\WINDOWS\System32\DriverStore\FileRepository\nvacsi.inf_amd64_bd4e6b6e9ef78537\nvoglv64.dll
0x00007ffe022d0000 - 0x00007ffe02756000 	C:\WINDOWS\System32\SETUPAPI.dll
0x00007ffdfa930000 - 0x00007ffdfa946000 	C:\WINDOWS\SYSTEM32\WTSAPI32.dll
0x00007ffe00cf0000 - 0x00007ffe00d03000 	C:\WINDOWS\SYSTEM32\msasn1.dll
0x00007ffdf7480000 - 0x00007ffdf74bb000 	C:\WINDOWS\SYSTEM32\cryptnet.dll
0x00007ffe01720000 - 0x00007ffe01896000 	C:\WINDOWS\System32\CRYPT32.dll
0x00007ffe00c90000 - 0x00007ffe00ced000 	C:\WINDOWS\SYSTEM32\wldp.dll
0x00007ffdf72d0000 - 0x00007ffdf7449000 	C:\WINDOWS\SYSTEM32\drvstore.dll
0x00007ffe01c70000 - 0x00007ffe01cef000 	C:\WINDOWS\System32\WINTRUST.dll
0x00007ffe00540000 - 0x00007ffe00575000 	C:\WINDOWS\SYSTEM32\ntmarta.dll
0x00007ffe02fb0000 - 0x00007ffe02fd0000 	C:\WINDOWS\System32\imagehlp.dll
0x00007ffe00bd0000 - 0x00007ffe00bec000 	C:\WINDOWS\SYSTEM32\CRYPTSP.dll
0x00007ffe00380000 - 0x00007ffe003b8000 	C:\WINDOWS\system32\rsaenh.dll
0x00007ffe00e10000 - 0x00007ffe00e36000 	C:\WINDOWS\SYSTEM32\bcrypt.dll
0x00007ffdb3b90000 - 0x00007ffdb732a000 	C:\WINDOWS\System32\DriverStore\FileRepository\nvacsi.inf_amd64_bd4e6b6e9ef78537\nvgpucomp64.dll
0x00007ffdb8aa0000 - 0x00007ffdb8da4000 	C:\WINDOWS\system32\nvspcap64.dll
0x00007ffdffcc0000 - 0x00007ffdffd20000 	C:\WINDOWS\SYSTEM32\WINSTA.dll
0x00007ffdfb870000 - 0x00007ffdfb99c000 	C:\WINDOWS\system32\dxgi.dll
0x00007ffdf8e80000 - 0x00007ffdf90de000 	C:\WINDOWS\system32\d3d11.dll
0x00007ffdcbdd0000 - 0x00007ffdcbe92000 	C:\WINDOWS\System32\DriverStore\FileRepository\nvacsi.inf_amd64_bd4e6b6e9ef78537\nvldumdx.dll
0x00007ffdc78b0000 - 0x00007ffdc7987000 	C:\WINDOWS\System32\DriverStore\FileRepository\nvacsi.inf_amd64_bd4e6b6e9ef78537\NvMemMapStoragex.dll
0x00007ffdaa640000 - 0x00007ffdaf951000 	C:\WINDOWS\System32\DriverStore\FileRepository\nvacsi.inf_amd64_bd4e6b6e9ef78537\nvwgf2umx.dll
0x00007ffdb8f50000 - 0x00007ffdb9104000 	C:\WINDOWS\System32\DriverStore\FileRepository\nvacsi.inf_amd64_bd4e6b6e9ef78537\nvppex.dll
0x00007ffded2c0000 - 0x00007ffded835000 	C:\WINDOWS\SYSTEM32\nvapi64.dll
0x00007ffdf5850000 - 0x00007ffdf5b47000 	C:\WINDOWS\System32\DriverStore\FileRepository\iigd_dch.inf_amd64_6d847bf48f0e9223\igd10iumd64.dll
0x00007ffdfa1a0000 - 0x00007ffdfa23c000 	C:\WINDOWS\SYSTEM32\apphelp.dll
0x00007ffdf41e0000 - 0x00007ffdf5412000 	C:\WINDOWS\System32\DriverStore\FileRepository\iigd_dch.inf_amd64_6d847bf48f0e9223\igd10um64xe.DLL
0x00007ffdb81a0000 - 0x00007ffdb8244000 	C:\WINDOWS\System32\DriverStore\FileRepository\iigd_dch.inf_amd64_6d847bf48f0e9223\IntelControlLib.dll
0x00007ffdf3c40000 - 0x00007ffdf4081000 	C:\WINDOWS\System32\DriverStore\FileRepository\iigd_dch.inf_amd64_6d847bf48f0e9223\igdgmm64.dll
0x00007ffdf40d0000 - 0x00007ffdf40f5000 	C:\WINDOWS\System32\DriverStore\FileRepository\iigd_dch.inf_amd64_6d847bf48f0e9223\igc64.dll
0x00007ffded8c0000 - 0x00007ffdf255d000 	C:\WINDOWS\System32\DriverStore\FileRepository\iigd_dch.inf_amd64_6d847bf48f0e9223\igc-default64.dll
0x00007ffdf9730000 - 0x00007ffdf9955000 	C:\WINDOWS\SYSTEM32\dcomp.dll
0x00007ffdf86a0000 - 0x00007ffdf86b9000 	C:\WINDOWS\SYSTEM32\Microsoft.Internal.WarpPal.dll
0x00007ffdfafc0000 - 0x00007ffdfb080000 	C:\WINDOWS\SYSTEM32\mscms.dll
0x00007ffda5b50000 - 0x00007ffda5b99000 	C:\WINDOWS\SYSTEM32\icm32.dll
0x00007ffda1b90000 - 0x00007ffda1bee000 	C:\ProgramData\libGDX-temp\lwjgl_Triba\3.3.3+5\x64\lwjgl_opengl.dll
0x00007ffdec300000 - 0x00007ffdec446000 	C:\WINDOWS\SYSTEM32\textinputframework.dll
0x00007ffdf6700000 - 0x00007ffdf69e3000 	C:\WINDOWS\SYSTEM32\CoreUIComponents.dll
0x00007ffdfa7a0000 - 0x00007ffdfa908000 	C:\WINDOWS\SYSTEM32\wintypes.dll
0x000000006a340000 - 0x000000006a3f4000 	C:\ProgramData\libGDX-temp\libgdxTriba\e35c7bf4\gdx-freetype64.dll
0x0000000066b00000 - 0x0000000066b5a000 	C:\ProgramData\libGDX-temp\libgdxTriba\271beab6\gdx-box2d64.dll
0x00007ffdc6e80000 - 0x00007ffdc72b2000 	C:\Windows\System32\uiautomationcore.dll
0x00007ffdecc20000 - 0x00007ffdecc9c000 	C:\Windows\System32\OLEACC.dll

dbghelp: loaded successfully - version: 4.0.5 - missing functions: none
symbol engine: initialized successfully - sym options: 0x614 - pdb path: .;C:\Program Files\Java\jdk-21\bin;C:\WINDOWS\SYSTEM32;C:\WINDOWS\WinSxS\amd64_microsoft.windows.common-controls_6595b64144ccf1df_6.0.26100.3037_none_3e09262ce333c378;C:\Program Files\Java\jdk-21\bin\server;C:\ProgramData\libGDX-temp\libgdxTriba\c39de338;C:\ProgramData\libGDX-temp\lwjgl_Triba\3.3.3+5\x64;C:\WINDOWS\System32\DriverStore\FileRepository\nvacsi.inf_amd64_bd4e6b6e9ef78537;C:\WINDOWS\System32\DriverStore\FileRepository\iigd_dch.inf_amd64_6d847bf48f0e9223;C:\ProgramData\libGDX-temp\libgdxTriba\e35c7bf4;C:\ProgramData\libGDX-temp\libgdxTriba\271beab6

VM Arguments:
jvm_args: -Dfile.encoding=UTF-8 -Duser.country=US -Duser.language=en -Duser.variant 
java_command: io.github.testgame.lwjgl3.Lwjgl3Launcher
java_class_path (initial): C:\Misc\SIT\Y1T2\OOP\P11_OOP\P11_Team2_OOP\lwjgl3\build\classes\java\main;C:\Misc\SIT\Y1T2\OOP\P11_OOP\P11_Team2_OOP\lwjgl3\build\resources\main;C:\Users\Triba\.gradle\caches\modules-2\files-2.1\com.badlogicgames.gdx\gdx-backend-lwjgl3\1.13.1\c8d8f1c3ccd17fe2202a1d581e179c4ba0ccc45d\gdx-backend-lwjgl3-1.13.1.jar;C:\Users\Triba\.gradle\caches\modules-2\files-2.1\com.badlogicgames.gdx\gdx-box2d-platform\1.13.1\a85f4f624bdc6f41b1f3f2f541c76d989e5b30a1\gdx-box2d-platform-1.13.1-natives-desktop.jar;C:\Users\Triba\.gradle\caches\modules-2\files-2.1\com.badlogicgames.gdx\gdx-platform\1.13.1\8493b7d917097a6d091db2554bf0056881f96738\gdx-platform-1.13.1-natives-desktop.jar;C:\Users\Triba\.gradle\caches\modules-2\files-2.1\com.badlogicgames.gdx\gdx-freetype\1.13.1\a386c9b7a10b28f91b2de47f66b12c23a2c3abc2\gdx-freetype-1.13.1.jar;C:\Users\Triba\.gradle\caches\modules-2\files-2.1\com.badlogicgames.gdx\gdx-freetype-platform\1.13.1\7e81d0eb330b7bbbb307cd1a0dc2648648b42b94\gdx-freetype-platform-1.13.1-natives-desktop.jar;C:\Misc\SIT\Y1T2\OOP\P11_OOP\P11_Team2_OOP\core\build\libs\core-$projectVersion.jar;C:\Users\Triba\.gradle\caches\modules-2\files-2.1\com.badlogicgames.gdx\gdx-box2d\1.13.1\5280c502b07d6e3a37bdd0460ad660f9e1c583c0\gdx-box2d-1.13.1.jar;C:\Users\Triba\.gradle\caches\modules-2\files-2.1\com.badlogicgames.gdx\gdx\1.13.1\734d9a5ca877bbce0c595dbdc3165fe6a22b7a30\gdx-1.13.1.jar;C:\Users\Triba\.gradle\caches\modules-2\files-2.1\org.lwjgl\lwjgl-glfw\3.3.3\efa1eb78c5ccd840e9f329717109b5e892d72f8e\lwjgl-glfw-3.3.3.jar;C:\Users\Triba\.gradle\caches\modules-2\files-2.1\org.lwjgl\lwjgl-glfw\3.3.3\a03684c5e4b1b1dbbe0d29dbbdc27b985b6840f2\lwjgl-glfw-3.3.3-natives-linux.jar;C:\Users\Triba\.gradle\caches\modules-2\files-2.1\org.lwjgl\lwjgl-glfw\3.3.3\d9af485c32545b37dd5359b163161d42d7534dcf\lwjgl-glfw-3.3.3-natives-linux-arm32.jar;C:\Users\Triba\.gradle\caches\modules-2\files-2.1\org.lwjgl\lwjgl-glfw\3.3.3\492a0f11f85b85899a6568f07511160c1b87cd38\lwjgl-glfw-3.3.3-natives-linux-arm64.jar;C:\Users\Triba\.gradle\caches\modules-2\files-2.1\org.lwjgl\lwjgl-glfw\3.3.3\a1bf400f6bc64e6195596cb1430dafda46090751\lwjgl-glfw-3.3.3-natives-macos.jar;C:\Users\Triba\.gradle\caches\modules-2\files-2.1\org.lwjgl\lwjgl-glfw\3.3.3\ee8cc78d0a4a5b3b4600fade6d927c9fc320c858\lwjgl-glfw-3.3.3-natives-macos-arm64.jar;C:\Users\Triba\.gradle\caches\modules-2\files-2.1\org.lwjgl\lwjgl-glfw\3.3.3\e449e28b4891fc423c54c85fbc5bb0b9efece67a\lwjgl-glfw-3.3.3-natives-windows.jar;C:\Users\Triba\.gradle\caches\modules-2\files-2.1\org.lwjgl\lwjgl-glfw\3.3.3\32334f3fd5270a59bad9939a93115acb6de36dcf\lwjgl-glfw-3.3.3-natives-windows-x86.jar;C:\Users\Triba\.gradle\caches\modules-2\files-2.1\org.lwjgl\lwjgl-jemalloc\3.3.3\b543467b7ff3c6920539a88ee602d34098628be5\lwjgl-jemalloc-3.3.3.jar;C:\Users\Triba\.gradle\caches\modules-2\files-2.1\org.lwjgl\lwjgl-jemalloc\3.3.3\4f86728bf449b1dd61251c4e0ac01df1389cb51e\lwjgl-jemalloc-3.3.3-natives-linux.jar;C:\Users\Triba\.gradle\caches\modules-2\files-2.1\org.lwjgl\lwjgl-jemalloc\3.3.3\109b6931880d02d4e65ced38928a16e41d19873e\lwjgl-jemalloc-3.3.3-natives-linux-arm32.jar;C:\Users\Triba\.gradle\caches\modules-2\files-2.1\org.lwjgl\lwjgl-jemalloc\3.3.3\eff8b86798191192fe2cba2dc2776109f30c239d\lwjgl-jemalloc-3.3.3-natives-linux-arm64.jar;C:\Users\Triba\.gradle\caches\modules-2\files-2.1\org.lwjgl\lwjgl-jemalloc\3.3.3\2906637657a57579847238c9c72d2c4bde7083f8\lwjgl-jemalloc-3.3.3-natives-macos.jar;C:\Users\Triba\.gradle\caches\modules-2\files-2.1\org.lwjgl\lwjgl-jemalloc\3.3.3\e9412c3ff8cb3a3bad1d3f52909ad74d8a5bdad1\lwjgl-jemalloc-3.3.3-natives-macos-arm64.jar;C:\Users\Triba\.gradle\caches\modules-2\files-2.1\org.lwjgl\lwjgl-jemalloc\3.3.3\426222fc027602a5f21b9c0fe79cde6a4c7a011f\lwjgl-jemalloc-3.3.3-natives-windows.jar;C:\Users\Triba\.gradle\caches\modules-2\files-2.1\org.lwjgl\lwjgl-jemalloc\3.3.3\f6063b6e0f23be483c5c88d84ce51b39dc69126c\lwjgl-jemalloc-3.3.3-natives-windows-x86.jar;C:\Users\Triba\.gradle\caches\modules-2\files-2.1\org.lwjgl\lwjgl-openal\3.3.3\daada81ceb5fc0c291fbfdd4433cb8d9423577f2\lwjgl-openal-3.3.3.jar;C:\Users\Triba\.gradle\caches\modules-2\files-2.1\org.lwjgl\lwjgl-openal\3.3.3\3037360cc4595079bea240af250b6d1a527e0905\lwjgl-openal-3.3.3-natives-linux.jar;C:\Users\Triba\.gradle\caches\modules-2\files-2.1\org.lwjgl\lwjgl-openal\3.3.3\e1702aa09d20359d6cf5cb2999fa7685a785eca7\lwjgl-openal-3.3.3-natives-linux-arm32.jar;C:\Users\Triba\.gradle\caches\modules-2\files-2.1\org.lwjgl\lwjgl-openal\3.3.3\ad8f302118a65bb8d615f8a2a680db58fb8f835e\lwjgl-openal-3.3.3-natives-linux-arm64.jar;C:\Users\Triba\.gradle\caches\modules-2\files-2.1\org.lwjgl\lwjgl-openal\3.3.3\8df8338bfa77f2ebabef4e58964bd04d24805cbf\lwjgl-openal-3.3.3-natives-macos.jar;C:\Users\Triba\.gradle\caches\modules-2\files-2.1\org.lwjgl\lwjgl-openal\3.3.3\c78b078de2fb52f45aa55d04db889a560f3544f\lwjgl-openal-3.3.3-natives-macos-arm64.jar;C:\Users\Triba\.gradle\caches\modules-2\files-2.1\org.lwjgl\lwjgl-openal\3.3.3\cf83862ae95d98496b26915024c7e666d8ab1c8f\lwjgl-openal-3.3.3-natives-windows.jar;C:\Users\Triba\.gradle\caches\modules-2\files-2.1\org.lwjgl\lwjgl-openal\3.3.3\87b8d5050e3adb46bb58fe1cb2669a4a48fce10d\lwjgl-openal-3.3.3-natives-windows-x86.jar;C:\Users\Triba\.gradle\caches\modules-2\files-2.1\org.lwjgl\lwjgl-opengl\3.3.3\2f6b0147078396a58979125a4c947664e98293a\lwjgl-opengl-3.3.3.jar;C:\Users\Triba\.gradle\caches\modules-2\files-2.1\org.lwjgl\lwjgl-opengl\3.3.3\62c70a4b00ca5391882b0f4b787c1588d24f1c86\lwjgl-opengl-3.3.3-natives-linux.jar;C:\Users\Triba\.gradle\caches\modules-2\files-2.1\org.lwjgl\lwjgl-opengl\3.3.3\dbba17fc5ac0985d14a57c11f9537617d67b9952\lwjgl-opengl-3.3.3-natives-linux-arm32.jar;C:\Users\Triba\.gradle\caches\modules-2\files-2.1\org.lwjgl\lwjgl-opengl\3.3.3\2096f6b94b2d68745d858fbfe53aacf5f0c8074c\lwjgl-opengl-3.3.3-natives-linux-arm64.jar;C:\Users\Triba\.gradle\caches\modules-2\files-2.1\org.lwjgl\lwjgl-opengl\3.3.3\1bd45997551ae8a28469f3a2b678f4b7289e12c0\lwjgl-opengl-3.3.3-natives-macos.jar;C:\Users\Triba\.gradle\caches\modules-2\files-2.1\org.lwjgl\lwjgl-opengl\3.3.3\d213ddef27637b1af87961ffa94d6b27036becc8\lwjgl-opengl-3.3.3-natives-macos-arm64.jar;C:\Users\Triba\.gradle\caches\modules-2\files-2.1\org.lwjgl\lwjgl-opengl\3.3.3\e6c1eec8be8a71951b830a4d69efc01c6531900c\lwjgl-opengl-3.3.3-natives-windows.jar;C:\Users\Triba\.gradle\caches\modules-2\files-2.1\org.lwjgl\lwjgl-opengl\3.3.3\d32d833dcaa2f355a886eaf21f0408b5f03241d\lwjgl-opengl-3.3.3-natives-windows-x86.jar;C:\Users\Triba\.gradle\caches\modules-2\files-2.1\org.lwjgl\lwjgl-stb\3.3.3\25dd6161988d7e65f71d5065c99902402ee32746\lwjgl-stb-3.3.3.jar;C:\Users\Triba\.gradle\caches\modules-2\files-2.1\org.lwjgl\lwjgl-stb\3.3.3\fd1271ccd9d85eff2fa31f3fd543e02ccfaf5041\lwjgl-stb-3.3.3-natives-linux.jar;C:\Users\Triba\.gradle\caches\modules-2\files-2.1\org.lwjgl\lwjgl-stb\3.3.3\1ae28ff044699ff29b0e980ffabd73fba8a664b3\lwjgl-stb-3.3.3-natives-linux-arm32.jar;C:\Users\Triba\.gradle\caches\modules-2\files-2.1\org.lwjgl\lwjgl-stb\3.3.3\ddc177afc2be1ee8d93684b11363b80589a13fe1\lwjgl-stb-3.3.3-natives-linux-arm64.jar;C:\Users\Triba\.gradle\caches\modules-2\files-2.1\org.lwjgl\lwjgl-stb\3.3.3\472792c98fb2c1557c060cb9da5fca6a9773621f\lwjgl-stb-3.3.3-natives-macos.jar;C:\Users\Triba\.gradle\caches\modules-2\files-2.1\org.lwjgl\lwjgl-stb\3.3.3\51c6955571fbcdb7bb538c6aa589b953b584c6af\lwjgl-stb-3.3.3-natives-macos-arm64.jar;C:\Users\Triba\.gradle\caches\modules-2\files-2.1\org.lwjgl\lwjgl-stb\3.3.3\1d9facdf6541de114b0f963be33505b7679c78cb\lwjgl-stb-3.3.3-natives-windows.jar;C:\Users\Triba\.gradle\caches\modules-2\files-2.1\org.lwjgl\lwjgl-stb\3.3.3\b5c874687b9aac1a936501d4ed2c49567fd1b575\lwjgl-stb-3.3.3-natives-windows-x86.jar;C:\Users\Triba\.gradle\caches\modules-2\files-2.1\org.lwjgl\lwjgl\3.3.3\29589b5f87ed335a6c7e7ee6a5775f81f97ecb84\lwjgl-3.3.3.jar;C:\Users\Triba\.gradle\caches\modules-2\files-2.1\org.lwjgl\lwjgl\3.3.3\1713758e3660ba66e1e954396fd18126038b33c0\lwjgl-3.3.3-natives-linux.jar;C:\Users\Triba\.gradle\caches\modules-2\files-2.1\org.lwjgl\lwjgl\3.3.3\2075c51a80f0ef0f22ba616ba54007ac2b0debd4\lwjgl-3.3.3-natives-linux-arm32.jar;C:\Users\Triba\.gradle\caches\modules-2\files-2.1\org.lwjgl\lwjgl\3.3.3\f35d8b6ffe1ac1e3a5eb1d4e33de80f044ad5fd8\lwjgl-3.3.3-natives-linux-arm64.jar;C:\Users\Triba\.gradle\caches\modules-2\files-2.1\org.lwjgl\lwjgl\3.3.3\33a6efa288390490ce6eb6c3df47ac21ecf648cf\lwjgl-3.3.3-natives-macos.jar;C:\Users\Triba\.gradle\caches\modules-2\files-2.1\org.lwjgl\lwjgl\3.3.3\226246e75f6bd8d4e1895bdce8638ef87808d114\lwjgl-3.3.3-natives-macos-arm64.jar;C:\Users\Triba\.gradle\caches\modules-2\files-2.1\org.lwjgl\lwjgl\3.3.3\a5ed18a2b82fc91b81f40d717cb1f64c9dcb0540\lwjgl-3.3.3-natives-windows.jar;C:\Users\Triba\.gradle\caches\modules-2\files-2.1\org.lwjgl\lwjgl\3.3.3\9e670718e050aeaeea0c2d5b907cffb142f2e58f\lwjgl-3.3.3-natives-windows-x86.jar;C:\Users\Triba\.gradle\caches\modules-2\files-2.1\com.badlogicgames.jlayer\jlayer\1.0.1-gdx\7cca83cec5c1b2f011362f4d85aabd71a73b049d\jlayer-1.0.1-gdx.jar;C:\Users\Triba\.gradle\caches\modules-2\files-2.1\org.jcraft\jorbis\0.0.17\8872d22b293e8f5d7d56ff92be966e6dc28ebdc6\jorbis-0.0.17.jar;C:\Users\Triba\.gradle\caches\modules-2\files-2.1\com.badlogicgames.gdx\gdx-jnigen-loader\2.5.2\f35e90affe07c46b4f5e5958a1a4c1820c4890e2\gdx-jnigen-loader-2.5.2.jar
Launcher Type: SUN_STANDARD

[Global flags]
     intx CICompilerCount                          = 4                                         {product} {ergonomic}
     uint ConcGCThreads                            = 3                                         {product} {ergonomic}
     uint G1ConcRefinementThreads                  = 10                                        {product} {ergonomic}
   size_t G1HeapRegionSize                         = 4194304                                   {product} {ergonomic}
    uintx GCDrainStackTargetSize                   = 64                                        {product} {ergonomic}
   size_t InitialHeapSize                          = 398458880                                 {product} {ergonomic}
   size_t MarkStackSize                            = 4194304                                   {product} {ergonomic}
   size_t MaxHeapSize                              = 6366953472                                {product} {ergonomic}
   size_t MaxNewSize                               = 3816816640                                {product} {ergonomic}
   size_t MinHeapDeltaBytes                        = 4194304                                   {product} {ergonomic}
   size_t MinHeapSize                              = 8388608                                   {product} {ergonomic}
    uintx NonNMethodCodeHeapSize                   = 5839372                                {pd product} {ergonomic}
    uintx NonProfiledCodeHeapSize                  = 122909434                              {pd product} {ergonomic}
    uintx ProfiledCodeHeapSize                     = 122909434                              {pd product} {ergonomic}
    uintx ReservedCodeCacheSize                    = 251658240                              {pd product} {ergonomic}
     bool SegmentedCodeCache                       = true                                      {product} {ergonomic}
   size_t SoftMaxHeapSize                          = 6366953472                             {manageable} {ergonomic}
     bool UseCompressedOops                        = true                           {product lp64_product} {ergonomic}
     bool UseG1GC                                  = true                                      {product} {ergonomic}
     bool UseLargePagesIndividualAllocation        = false                                  {pd product} {ergonomic}

Logging:
Log output configuration:
 #0: stdout all=warning uptime,level,tags foldmultilines=false
 #1: stderr all=off uptime,level,tags foldmultilines=false

Environment Variables:
PATH=C:\Program Files\Common Files\Oracle\Java\javapath;C:\Windows\system32;C:\Windows;C:\Windows\System32\Wbem;C:\Windows\System32\WindowsPowerShell\v1.0\;C:\Windows\System32\OpenSSH\;C:\Program Files (x86)\NVIDIA Corporation\PhysX\Common;C:\Misc\scrcpy-win64-v2.7;C:\Program Files\dotnet\;C:\Program Files (x86)\Windows Kits\10\Windows Performance Toolkit\;C:\Program Files\NVIDIA Corporation\NVIDIA app\NvDLISR;C:\Misc\Git\cmd;C:\WINDOWS\system32;C:\WINDOWS;C:\WINDOWS\System32\Wbem;C:\WINDOWS\System32\WindowsPowerShell\v1.0\;C:\WINDOWS\System32\OpenSSH\;C:\Users\Triba\AppData\Local\Microsoft\WindowsApps;C:\Misc\Microsoft VS Code\bin;C:\MinGW\bin;C:\Users\Triba\.dotnet\tools;C:\Program Files\JetBrains\IntelliJ IDEA 2024.3.1.1\bin;;C:\Users\Triba\AppData\Local\GitHubDesktop\bin
USERNAME=Triba
OS=Windows_NT
PROCESSOR_IDENTIFIER=Intel64 Family 6 Model 186 Stepping 2, GenuineIntel
TMP=C:\Users\Triba\AppData\Local\Temp
TEMP=C:\Users\Triba\AppData\Local\Temp




Periodic native trim disabled

---------------  S Y S T E M  ---------------

OS:
 Windows 11 , 64 bit Build 26100 (10.0.26100.3037)
OS uptime: 8 days 1:36 hours
Hyper-V role detected

CPU: total 12 (initial active 12) (6 cores per cpu, 2 threads per core) family 6 model 186 stepping 2 microcode 0x4112, cx8, cmov, fxsr, ht, mmx, 3dnowpref, sse, sse2, sse3, ssse3, sse4.1, sse4.2, popcnt, lzcnt, tsc, tscinvbit, avx, avx2, aes, erms, clmul, bmi1, bmi2, adx, sha, fma, vzeroupper, clflush, clflushopt, clwb, hv, serialize, rdtscp, rdpid, fsrm, f16c, cet_ibt, cet_ss
Processor Information for processor 0
  Max Mhz: 2100, Current Mhz: 2100, Mhz Limit: 2100
Processor Information for processor 1
  Max Mhz: 2100, Current Mhz: 2100, Mhz Limit: 2100
Processor Information for processor 2
  Max Mhz: 2100, Current Mhz: 2100, Mhz Limit: 2100
Processor Information for processor 3
  Max Mhz: 2100, Current Mhz: 2100, Mhz Limit: 2100
Processor Information for processor 4
  Max Mhz: 2100, Current Mhz: 2100, Mhz Limit: 2100
Processor Information for processor 5
  Max Mhz: 2100, Current Mhz: 2100, Mhz Limit: 2100
Processor Information for processor 6
  Max Mhz: 2100, Current Mhz: 2100, Mhz Limit: 2100
Processor Information for processor 7
  Max Mhz: 2100, Current Mhz: 1453, Mhz Limit: 2100
Processor Information for processor 8
  Max Mhz: 2100, Current Mhz: 1500, Mhz Limit: 1491
Processor Information for processor 9
  Max Mhz: 2100, Current Mhz: 1500, Mhz Limit: 1491
Processor Information for processor 10
  Max Mhz: 2100, Current Mhz: 1500, Mhz Limit: 1491
Processor Information for processor 11
  Max Mhz: 2100, Current Mhz: 1500, Mhz Limit: 1491

Memory: 4k page, system-wide physical 24279M (11341M free)
TotalPageFile size 25815M (AvailPageFile size 6306M)
current process WorkingSet (physical memory assigned to process): 205M, peak: 207M
current process commit charge ("private bytes"): 728M, peak: 731M

vm_info: Java HotSpot(TM) 64-Bit Server VM (21.0.5+9-LTS-239) for windows-amd64 JRE (21.0.5+9-LTS-239), built on 2024-09-30T05:17:38Z by "mach5one" with MS VC++ 17.6 (VS2022)

END.
