#
# A fatal error has been detected by the Java Runtime Environment:
#
#  EXCEPTION_ACCESS_VIOLATION (0xc0000005) at pc=0x0000000066b0ae0a, pid=15232, tid=17284
#
# JRE version: Java(TM) SE Runtime Environment (21.0.5+9) (build 21.0.5+9-LTS-239)
# Java VM: Java HotSpot(TM) 64-Bit Server VM (21.0.5+9-LTS-239, mixed mode, sharing, tiered, compressed oops, compressed class ptrs, g1 gc, windows-amd64)
# Problematic frame:
# C  [gdx-box2d64.dll+0xae0a]
#
# No core dump will be written. Minidumps are not enabled by default on client versions of Windows
#
# If you would like to submit a bug report, please visit:
#   https://bugreport.java.com/bugreport/crash.jsp
# The crash happened outside the Java Virtual Machine in native code.
# See problematic frame for where to report the bug.
#

---------------  S U M M A R Y ------------

Command Line: -Dfile.encoding=UTF-8 -Duser.country=US -Duser.language=en -Duser.variant io.github.testgame.lwjgl3.Lwjgl3Launcher

Host: 13th Gen Intel(R) Core(TM) i5-13420H, 12 cores, 23G,  Windows 11 , 64 bit Build 26100 (10.0.26100.3323)
Time: Wed Mar 12 16:36:37 2025 Malay Peninsula Standard Time elapsed time: 5.945227 seconds (0d 0h 0m 5s)

---------------  T H R E A D  ---------------

Current thread (0x00000294844bb010):  JavaThread "main"             [_thread_in_native, id=17284, stack(0x000000b22e400000,0x000000b22e500000) (1024K)]

Stack: [0x000000b22e400000,0x000000b22e500000],  sp=0x000000b22e4fec50,  free space=1019k
Native frames: (J=compiled Java code, j=interpreted, Vv=VM code, C=native code)
C  [gdx-box2d64.dll+0xae0a]

Java frames: (J=compiled Java code, j=interpreted, Vv=VM code)
j  com.badlogic.gdx.physics.box2d.World.jniCreateBody(JIFFFFFFFFZZZZZF)J+0
j  com.badlogic.gdx.physics.box2d.World.createBody(Lcom/badlogic/gdx/physics/box2d/BodyDef;)Lcom/badlogic/gdx/physics/box2d/Body;+80
j  io.github.testgame.lwjgl3.entity.TextureObject.CreateBody(Lcom/badlogic/gdx/physics/box2d/World;Lcom/badlogic/gdx/physics/box2d/Shape;ZFF)Lcom/badlogic/gdx/physics/box2d/Body;+59
j  io.github.testgame.lwjgl3.entity.TextureObject.createBox(Lcom/badlogic/gdx/physics/box2d/World;FFFFZ)Lcom/badlogic/gdx/physics/box2d/Body;+35
j  io.github.testgame.lwjgl3.entity.Enemy.<init>(Lcom/badlogic/gdx/physics/box2d/World;Ljava/lang/String;FFF)V+25
j  io.github.testgame.lwjgl3.engineHelper.EntityHelper.spawnEntity(Lcom/badlogic/gdx/physics/box2d/World;Ljava/lang/String;Lcom/badlogic/gdx/math/Vector2;Lio/github/testgame/lwjgl3/entity/EntityType;Lio/github/testgame/lwjgl3/entity/Player;)V+52
j  io.github.testgame.lwjgl3.engineHelper.EntityHelper$1.run()V+109
j  com.badlogic.gdx.utils.Timer$TimerThread.runPostedTasks()V+64
j  com.badlogic.gdx.utils.Timer$TimerThread$1.run()V+4
j  com.badlogic.gdx.backends.lwjgl3.Lwjgl3Application.loop()V+256
j  com.badlogic.gdx.backends.lwjgl3.Lwjgl3Application.<init>(Lcom/badlogic/gdx/ApplicationListener;Lcom/badlogic/gdx/backends/lwjgl3/Lwjgl3ApplicationConfiguration;)V+269
j  io.github.testgame.lwjgl3.Lwjgl3Launcher.createApplication()Lcom/badlogic/gdx/backends/lwjgl3/Lwjgl3Application;+20
j  io.github.testgame.lwjgl3.Lwjgl3Launcher.main([Ljava/lang/String;)V+7
v  ~StubRoutines::call_stub 0x000002949576100d

siginfo: EXCEPTION_ACCESS_VIOLATION (0xc0000005), reading address 0xffffffffffffffff


Registers:
RAX=0x0000000066b4f080, RBX=0x00000294fb6411b0, RCX=0x00000294fb6411b0, RDX=0x00000000000000b8
RSP=0x000000b22e4fec50, RBP=0x00000294fb6411e0, RSI=0x0000000000000006, RDI=0x000000000001a4ba
R8 =0x0000000000000000, R9 =0x0000000000000002, R10=0x0000000000000001, R11=0x0000000000000001
R12=0x004c7047004c7047, R13=0x000000b22e4fed20, R14=0x000000b22e4fef10, R15=0x00000294844bb010
RIP=0x0000000066b0ae0a, EFLAGS=0x0000000000010206


Register to memory mapping:

RAX=0x0000000066b4f080 gdx-box2d64.dll
RBX=0x00000294fb6411b0 points into unknown readable memory: 0x0000029484580150 | 50 01 58 84 94 02 00 00
RCX=0x00000294fb6411b0 points into unknown readable memory: 0x0000029484580150 | 50 01 58 84 94 02 00 00
RDX=0x00000000000000b8 is an unknown value
RSP=0x000000b22e4fec50 is pointing into the stack for thread: 0x00000294844bb010
RBP=0x00000294fb6411e0 points into unknown readable memory: 0x004c7047004c7047 | 47 70 4c 00 47 70 4c 00
RSI=0x0000000000000006 is an unknown value
RDI=0x000000000001a4ba is an unknown value
R8 =0x0 is null
R9 =0x0000000000000002 is an unknown value
R10=0x0000000000000001 is an unknown value
R11=0x0000000000000001 is an unknown value
R12=0x004c7047004c7047 is an unknown value
R13=0x000000b22e4fed20 is pointing into the stack for thread: 0x00000294844bb010
R14=0x000000b22e4fef10 is pointing into the stack for thread: 0x00000294844bb010
R15=0x00000294844bb010 is a thread

Top of Stack: (sp=0x000000b22e4fec50)
0x000000b22e4fec50:   000000b22e4fed70 000000069aca5450
0x000000b22e4fec60:   00000294ea88b8f0 00000294844bb010
0x000000b22e4fec70:   00007ffbe15234f8 00000294f5c4cf98
0x000000b22e4fec80:   00000294fb6411b0 00000294ea0068e0
0x000000b22e4fec90:   000000000001a4ba 000000b22e4fee68
0x000000b22e4feca0:   0000000000000000 000000b22e4fed20
0x000000b22e4fecb0:   000000b22e4fef10 0000000066b20055
0x000000b22e4fecc0:   000000b22e4fed60 000000b22e4fed60
0x000000b22e4fecd0:   0000000000000003 00000294ea88b8f0
0x000000b22e4fece0:   0000000000000001 0000000000000000
0x000000b22e4fecf0:   00000294ea88b8f0 0000000066b258e8
0x000000b22e4fed00:   00000294844bb010 000000b22e4fef10
0x000000b22e4fed10:   000000b22e4fee68 0000029495768287
0x000000b22e4fed20:   4235353000000002 0000000040353509
0x000000b22e4fed30:   0000000000000000 0000000000000000
0x000000b22e4fed40:   0001010100000000 000000b22e4fef01
0x000000b22e4fed50:   0000000000000000 000000003f800000
0x000000b22e4fed60:   00000294ea88b8f0 000002949576ce4b
0x000000b22e4fed70:   0000029495768860 000000069c3dcb40
0x000000b22e4fed80:   0000000000000020 0000000000000de1
0x000000b22e4fed90:   0000000042353530 0000000040353509
0x000000b22e4feda0:   0000000000000000 0000000000000000
0x000000b22e4fedb0:   0000000000000000 0000000000000000
0x000000b22e4fedc0:   0000000000000000 0000000000000000
0x000000b22e4fedd0:   0000000000000001 0000000000000001
0x000000b22e4fede0:   0000000000000001 0000000000000000
0x000000b22e4fedf0:   0000000000000001 000000003f800000
0x000000b22e4fee00:   000000b22e4fee00 00000294ea7b41bf
0x000000b22e4fee10:   0000000000000005 00000294ea7b9788
0x000000b22e4fee20:   000000b22e4fee20 00000294ea88b8f0
0x000000b22e4fee30:   0000000000000015 00000294ea89dba8
0x000000b22e4fee40:   0000000000000000 000000069c111ea0 

Instructions: (pc=0x0000000066b0ae0a)
0x0000000066b0ad0a:   00 4c 8d 2d 3e 4e 03 00 4c 8d 25 9c 4e 03 00 eb
0x0000000066b0ad1a:   1c 0f 1f 44 00 00 83 fe 0d 7e 0e 41 b8 49 00 00
0x0000000066b0ad2a:   00 4c 89 ea 4c 89 e1 ff d5 48 83 c3 01 48 63 c6
0x0000000066b0ad3a:   41 39 1c 86 7d 03 83 c6 01 40 88 34 1f 48 81 fb
0x0000000066b0ad4a:   80 02 00 00 75 d0 c6 05 09 43 04 00 01 48 83 c4
0x0000000066b0ad5a:   20 5b 5e 5f 5d 41 5c 41 5d 41 5e c3 66 2e 0f 1f
0x0000000066b0ad6a:   84 00 00 00 00 00 56 53 48 83 ec 28 8b 41 08 48
0x0000000066b0ad7a:   89 ce 85 c0 7e 24 31 db 66 0f 1f 44 00 00 48 89
0x0000000066b0ad8a:   d8 48 83 c3 01 48 c1 e0 04 48 03 06 48 8b 48 08
0x0000000066b0ad9a:   e8 d1 08 00 00 39 5e 08 7f e4 48 8b 0e e8 c4 08
0x0000000066b0adaa:   00 00 90 48 83 c4 28 5b 5e c3 66 66 2e 0f 1f 84
0x0000000066b0adba:   00 00 00 00 00 90 41 56 41 55 41 54 55 57 56 53
0x0000000066b0adca:   48 83 ec 30 4c 63 e2 48 89 cb 45 85 e4 0f 84 43
0x0000000066b0adda:   01 00 00 7e 61 41 81 fc 80 02 00 00 7f 40 48 8d
0x0000000066b0adea:   05 91 42 04 00 42 0f b6 34 20 49 89 f4 40 80 fe
0x0000000066b0adfa:   0d 77 63 4a 8d 2c e3 4c 8b 65 10 4d 85 e4 74 7d
0x0000000066b0ae0a:   49 8b 04 24 48 89 45 10 4c 89 e0 48 83 c4 30 5b
0x0000000066b0ae1a:   5e 5f 5d 41 5c 41 5d 41 5e c3 0f 1f 40 00 44 89
0x0000000066b0ae2a:   e1 48 83 c4 30 5b 5e 5f 5d 41 5c 41 5d 41 5e e9
0x0000000066b0ae3a:   22 08 00 00 66 90 41 b8 68 00 00 00 48 8d 15 03
0x0000000066b0ae4a:   4d 03 00 48 8d 0d 73 4d 03 00 ff 15 5a b5 04 00
0x0000000066b0ae5a:   eb 8c 0f 1f 40 00 4a 8d 2c e3 41 b8 70 00 00 00
0x0000000066b0ae6a:   48 8d 15 df 4c 03 00 48 8d 0d 58 4d 03 00 ff 15
0x0000000066b0ae7a:   36 b5 04 00 4c 8b 65 10 4d 85 e4 75 83 48 63 43
0x0000000066b0ae8a:   08 4c 8b 2b 3b 43 0c 0f 84 c9 00 00 00 48 c1 e0
0x0000000066b0ae9a:   04 b9 00 40 00 00 48 63 f6 49 01 c5 e8 b5 07 00
0x0000000066b0aeaa:   00 49 89 45 08 49 89 c4 48 8d 05 67 31 03 00 8b
0x0000000066b0aeba:   3c b0 b8 00 40 00 00 99 f7 ff 41 89 7d 00 41 89
0x0000000066b0aeca:   fe 44 0f af f0 41 81 fe 00 40 00 00 7f 58 83 f8
0x0000000066b0aeda:   01 7e 23 4c 63 cf 4c 89 e1 83 e8 01 31 d2 0f 1f
0x0000000066b0aeea:   84 00 00 00 00 00 49 89 c8 83 c2 01 4c 01 c9 49
0x0000000066b0aefa:   89 08 39 c2 75 f0 41 29 fe 4d 63 f6 4b c7 04 34 


Stack slot to memory mapping:

stack at sp + 0 slots: 0x000000b22e4fed70 is pointing into the stack for thread: 0x00000294844bb010
stack at sp + 1 slots: 0x000000069aca5450 is an oop: java.util.HashMap 
{0x000000069aca5450} - klass: 'java/util/HashMap'
 - ---- fields (total size 6 words):
 - transient 'keySet' 'Ljava/util/Set;' @12  null (0x00000000)
 - transient 'values' 'Ljava/util/Collection;' @16  null (0x00000000)
 - transient 'size' 'I' @20  1 (0x00000001)
 - transient 'modCount' 'I' @24  1 (0x00000001)
 - 'threshold' 'I' @28  12 (0x0000000c)
 - final 'loadFactor' 'F' @32  0.750000 (0x3f400000)
 - transient 'table' '[Ljava/util/HashMap$Node;' @36  a 'java/util/HashMap$Node'[16] {0x000000069aca5480} (0xd3594a90)
 - transient 'entrySet' 'Ljava/util/Set;' @40  null (0x00000000)
stack at sp + 2 slots: {method} {0x00000294ea88b8f8} 'jniCreateBody' '(JIFFFFFFFFZZZZZF)J' in 'com/badlogic/gdx/physics/box2d/World'
stack at sp + 3 slots: 0x00000294844bb010 is a thread
stack at sp + 4 slots: 0x00007ffbe15234f8 jvm.dll
stack at sp + 5 slots: 0x00000294f5c4cf98 points into unknown readable memory: 0x4a280013f0db0001 | 01 00 db f0 13 00 28 4a
stack at sp + 6 slots: 0x00000294fb6411b0 points into unknown readable memory: 0x0000029484580150 | 50 01 58 84 94 02 00 00
stack at sp + 7 slots: 0x00000294ea0068e0 is pointing into metadata


---------------  P R O C E S S  ---------------

Threads class SMR info:
_java_thread_list=0x00000294f5a8df30, length=14, elements={
0x00000294844bb010, 0x00000294a77e5f50, 0x00000294a77e8ab0, 0x00000294a77ebde0,
0x00000294a77ec960, 0x00000294a77edc80, 0x00000294a77f0940, 0x00000294a77f3fa0,
0x00000294a77f75a0, 0x00000294a847cf70, 0x00000294a8486220, 0x00000294a8e45c20,
0x00000294f5acc900, 0x00000294f5c91410
}

Java Threads: ( => current thread )
=>0x00000294844bb010 JavaThread "main"                              [_thread_in_native, id=17284, stack(0x000000b22e400000,0x000000b22e500000) (1024K)]
  0x00000294a77e5f50 JavaThread "Reference Handler"          daemon [_thread_blocked, id=12664, stack(0x000000b22ec00000,0x000000b22ed00000) (1024K)]
  0x00000294a77e8ab0 JavaThread "Finalizer"                  daemon [_thread_blocked, id=21624, stack(0x000000b22ed00000,0x000000b22ee00000) (1024K)]
  0x00000294a77ebde0 JavaThread "Signal Dispatcher"          daemon [_thread_blocked, id=18232, stack(0x000000b22ee00000,0x000000b22ef00000) (1024K)]
  0x00000294a77ec960 JavaThread "Attach Listener"            daemon [_thread_blocked, id=16176, stack(0x000000b22ef00000,0x000000b22f000000) (1024K)]
  0x00000294a77edc80 JavaThread "Service Thread"             daemon [_thread_blocked, id=23476, stack(0x000000b22f000000,0x000000b22f100000) (1024K)]
  0x00000294a77f0940 JavaThread "Monitor Deflation Thread"   daemon [_thread_blocked, id=10304, stack(0x000000b22f100000,0x000000b22f200000) (1024K)]
  0x00000294a77f3fa0 JavaThread "C2 CompilerThread0"         daemon [_thread_blocked, id=9776, stack(0x000000b22f200000,0x000000b22f300000) (1024K)]
  0x00000294a77f75a0 JavaThread "C1 CompilerThread0"         daemon [_thread_blocked, id=3904, stack(0x000000b22f300000,0x000000b22f400000) (1024K)]
  0x00000294a847cf70 JavaThread "Notification Thread"        daemon [_thread_blocked, id=24792, stack(0x000000b22f400000,0x000000b22f500000) (1024K)]
  0x00000294a8486220 JavaThread "Common-Cleaner"             daemon [_thread_blocked, id=12204, stack(0x000000b22f500000,0x000000b22f600000) (1024K)]
  0x00000294a8e45c20 JavaThread "Thread-0"                   daemon [_thread_blocked, id=15836, stack(0x000000b22f600000,0x000000b22f700000) (1024K)]
  0x00000294f5acc900 JavaThread "Timer"                      daemon [_thread_blocked, id=24436, stack(0x000000b230f00000,0x000000b231000000) (1024K)]
  0x00000294f5c91410 JavaThread "LWJGL3 Timer"               daemon [_thread_blocked, id=12632, stack(0x000000b231200000,0x000000b231300000) (1024K)]
Total: 14

Other Threads:
  0x00000294842eaad0 VMThread "VM Thread"                           [id=24696, stack(0x000000b22eb00000,0x000000b22ec00000) (1024K)]
  0x00000294a77b8050 WatcherThread "VM Periodic Task Thread"        [id=7012, stack(0x000000b22ea00000,0x000000b22eb00000) (1024K)]
  0x00000294842ebcf0 WorkerThread "GC Thread#0"                     [id=7480, stack(0x000000b22e500000,0x000000b22e600000) (1024K)]
  0x00000294f59dbca0 WorkerThread "GC Thread#1"                     [id=25528, stack(0x000000b230600000,0x000000b230700000) (1024K)]
  0x00000294f59db1c0 WorkerThread "GC Thread#2"                     [id=13096, stack(0x000000b230700000,0x000000b230800000) (1024K)]
  0x00000294f59da340 WorkerThread "GC Thread#3"                     [id=10780, stack(0x000000b230800000,0x000000b230900000) (1024K)]
  0x00000294f59db900 WorkerThread "GC Thread#4"                     [id=19532, stack(0x000000b230900000,0x000000b230a00000) (1024K)]
  0x00000294f59d9c00 WorkerThread "GC Thread#5"                     [id=21400, stack(0x000000b230a00000,0x000000b230b00000) (1024K)]
  0x00000294f59dc780 WorkerThread "GC Thread#6"                     [id=7924, stack(0x000000b230b00000,0x000000b230c00000) (1024K)]
  0x00000294f59dc3e0 WorkerThread "GC Thread#7"                     [id=25076, stack(0x000000b230c00000,0x000000b230d00000) (1024K)]
  0x00000294f59dd260 WorkerThread "GC Thread#8"                     [id=11596, stack(0x000000b230d00000,0x000000b230e00000) (1024K)]
  0x00000294845623d0 ConcurrentGCThread "G1 Main Marker"            [id=17964, stack(0x000000b22e600000,0x000000b22e700000) (1024K)]
  0x00000294842eae70 WorkerThread "G1 Conc#0"                       [id=21340, stack(0x000000b22e700000,0x000000b22e800000) (1024K)]
  0x00000294a768b790 ConcurrentGCThread "G1 Refine#0"               [id=23024, stack(0x000000b22e800000,0x000000b22e900000) (1024K)]
  0x00000294a768d1b0 ConcurrentGCThread "G1 Service"                [id=16420, stack(0x000000b22e900000,0x000000b22ea00000) (1024K)]
Total: 15

Threads with active compile tasks:
Total: 0

VM state: not at safepoint (normal execution)

VM Mutex/Monitor currently owned by a thread: None

Heap address: 0x0000000684800000, size: 6072 MB, Compressed Oops mode: Zero based, Oop shift amount: 3

CDS archive(s) mapped at: [0x00000294a9000000-0x00000294a9c90000-0x00000294a9c90000), size 13172736, SharedBaseAddress: 0x00000294a9000000, ArchiveRelocationMode: 1.
Compressed class space mapped at: 0x00000294aa000000-0x00000294ea000000, reserved size: 1073741824
Narrow klass base: 0x00000294a9000000, Narrow klass shift: 0, Narrow klass range: 0x100000000

GC Precious Log:
 CardTable entry size: 512
 Card Set container configuration: InlinePtr #cards 4 size 8 Array Of Cards #cards 32 size 80 Howl #buckets 8 coarsen threshold 7372 Howl Bitmap #cards 1024 size 144 coarsen threshold 921 Card regions per heap region 1 cards per card region 8192
 CPUs: 12 total, 12 available
 Memory: 24279M
 Large Page Support: Disabled
 NUMA Support: Disabled
 Compressed Oops: Enabled (Zero based)
 Heap Region Size: 4M
 Heap Min Capacity: 8M
 Heap Initial Capacity: 380M
 Heap Max Capacity: 6072M
 Pre-touch: Disabled
 Parallel Workers: 10
 Concurrent Workers: 3
 Concurrent Refinement Workers: 10
 Periodic GC: Disabled

Heap:
 garbage-first heap   total 389120K, used 3964K [0x0000000684800000, 0x0000000800000000)
  region size 4096K, 2 young (8192K), 1 survivors (4096K)
 Metaspace       used 7661K, committed 7808K, reserved 1114112K
  class space    used 572K, committed 640K, reserved 1048576K

Heap Regions: E=young(eden), S=young(survivor), O=old, HS=humongous(starts), HC=humongous(continues), CS=collection set, F=free, TAMS=top-at-mark-start, PB=parsable bottom
|   0|0x0000000684800000, 0x0000000684800000, 0x0000000684c00000|  0%| F|  |TAMS 0x0000000684800000| PB 0x0000000684800000| Untracked 
|   1|0x0000000684c00000, 0x0000000684c00000, 0x0000000685000000|  0%| F|  |TAMS 0x0000000684c00000| PB 0x0000000684c00000| Untracked 
|   2|0x0000000685000000, 0x0000000685000000, 0x0000000685400000|  0%| F|  |TAMS 0x0000000685000000| PB 0x0000000685000000| Untracked 
|   3|0x0000000685400000, 0x0000000685400000, 0x0000000685800000|  0%| F|  |TAMS 0x0000000685400000| PB 0x0000000685400000| Untracked 
|   4|0x0000000685800000, 0x0000000685800000, 0x0000000685c00000|  0%| F|  |TAMS 0x0000000685800000| PB 0x0000000685800000| Untracked 
|   5|0x0000000685c00000, 0x0000000685c00000, 0x0000000686000000|  0%| F|  |TAMS 0x0000000685c00000| PB 0x0000000685c00000| Untracked 
|   6|0x0000000686000000, 0x0000000686000000, 0x0000000686400000|  0%| F|  |TAMS 0x0000000686000000| PB 0x0000000686000000| Untracked 
|   7|0x0000000686400000, 0x0000000686400000, 0x0000000686800000|  0%| F|  |TAMS 0x0000000686400000| PB 0x0000000686400000| Untracked 
|   8|0x0000000686800000, 0x0000000686800000, 0x0000000686c00000|  0%| F|  |TAMS 0x0000000686800000| PB 0x0000000686800000| Untracked 
|   9|0x0000000686c00000, 0x0000000686c00000, 0x0000000687000000|  0%| F|  |TAMS 0x0000000686c00000| PB 0x0000000686c00000| Untracked 
|  10|0x0000000687000000, 0x0000000687000000, 0x0000000687400000|  0%| F|  |TAMS 0x0000000687000000| PB 0x0000000687000000| Untracked 
|  11|0x0000000687400000, 0x0000000687400000, 0x0000000687800000|  0%| F|  |TAMS 0x0000000687400000| PB 0x0000000687400000| Untracked 
|  12|0x0000000687800000, 0x0000000687800000, 0x0000000687c00000|  0%| F|  |TAMS 0x0000000687800000| PB 0x0000000687800000| Untracked 
|  13|0x0000000687c00000, 0x0000000687c00000, 0x0000000688000000|  0%| F|  |TAMS 0x0000000687c00000| PB 0x0000000687c00000| Untracked 
|  14|0x0000000688000000, 0x0000000688000000, 0x0000000688400000|  0%| F|  |TAMS 0x0000000688000000| PB 0x0000000688000000| Untracked 
|  15|0x0000000688400000, 0x0000000688400000, 0x0000000688800000|  0%| F|  |TAMS 0x0000000688400000| PB 0x0000000688400000| Untracked 
|  16|0x0000000688800000, 0x0000000688800000, 0x0000000688c00000|  0%| F|  |TAMS 0x0000000688800000| PB 0x0000000688800000| Untracked 
|  17|0x0000000688c00000, 0x0000000688c00000, 0x0000000689000000|  0%| F|  |TAMS 0x0000000688c00000| PB 0x0000000688c00000| Untracked 
|  18|0x0000000689000000, 0x0000000689000000, 0x0000000689400000|  0%| F|  |TAMS 0x0000000689000000| PB 0x0000000689000000| Untracked 
|  19|0x0000000689400000, 0x0000000689400000, 0x0000000689800000|  0%| F|  |TAMS 0x0000000689400000| PB 0x0000000689400000| Untracked 
|  20|0x0000000689800000, 0x0000000689800000, 0x0000000689c00000|  0%| F|  |TAMS 0x0000000689800000| PB 0x0000000689800000| Untracked 
|  21|0x0000000689c00000, 0x0000000689c00000, 0x000000068a000000|  0%| F|  |TAMS 0x0000000689c00000| PB 0x0000000689c00000| Untracked 
|  22|0x000000068a000000, 0x000000068a000000, 0x000000068a400000|  0%| F|  |TAMS 0x000000068a000000| PB 0x000000068a000000| Untracked 
|  23|0x000000068a400000, 0x000000068a400000, 0x000000068a800000|  0%| F|  |TAMS 0x000000068a400000| PB 0x000000068a400000| Untracked 
|  24|0x000000068a800000, 0x000000068a800000, 0x000000068ac00000|  0%| F|  |TAMS 0x000000068a800000| PB 0x000000068a800000| Untracked 
|  25|0x000000068ac00000, 0x000000068ac00000, 0x000000068b000000|  0%| F|  |TAMS 0x000000068ac00000| PB 0x000000068ac00000| Untracked 
|  26|0x000000068b000000, 0x000000068b000000, 0x000000068b400000|  0%| F|  |TAMS 0x000000068b000000| PB 0x000000068b000000| Untracked 
|  27|0x000000068b400000, 0x000000068b400000, 0x000000068b800000|  0%| F|  |TAMS 0x000000068b400000| PB 0x000000068b400000| Untracked 
|  28|0x000000068b800000, 0x000000068b800000, 0x000000068bc00000|  0%| F|  |TAMS 0x000000068b800000| PB 0x000000068b800000| Untracked 
|  29|0x000000068bc00000, 0x000000068bc00000, 0x000000068c000000|  0%| F|  |TAMS 0x000000068bc00000| PB 0x000000068bc00000| Untracked 
|  30|0x000000068c000000, 0x000000068c000000, 0x000000068c400000|  0%| F|  |TAMS 0x000000068c000000| PB 0x000000068c000000| Untracked 
|  31|0x000000068c400000, 0x000000068c400000, 0x000000068c800000|  0%| F|  |TAMS 0x000000068c400000| PB 0x000000068c400000| Untracked 
|  32|0x000000068c800000, 0x000000068c800000, 0x000000068cc00000|  0%| F|  |TAMS 0x000000068c800000| PB 0x000000068c800000| Untracked 
|  33|0x000000068cc00000, 0x000000068cc00000, 0x000000068d000000|  0%| F|  |TAMS 0x000000068cc00000| PB 0x000000068cc00000| Untracked 
|  34|0x000000068d000000, 0x000000068d000000, 0x000000068d400000|  0%| F|  |TAMS 0x000000068d000000| PB 0x000000068d000000| Untracked 
|  35|0x000000068d400000, 0x000000068d400000, 0x000000068d800000|  0%| F|  |TAMS 0x000000068d400000| PB 0x000000068d400000| Untracked 
|  36|0x000000068d800000, 0x000000068d800000, 0x000000068dc00000|  0%| F|  |TAMS 0x000000068d800000| PB 0x000000068d800000| Untracked 
|  37|0x000000068dc00000, 0x000000068dc00000, 0x000000068e000000|  0%| F|  |TAMS 0x000000068dc00000| PB 0x000000068dc00000| Untracked 
|  38|0x000000068e000000, 0x000000068e000000, 0x000000068e400000|  0%| F|  |TAMS 0x000000068e000000| PB 0x000000068e000000| Untracked 
|  39|0x000000068e400000, 0x000000068e400000, 0x000000068e800000|  0%| F|  |TAMS 0x000000068e400000| PB 0x000000068e400000| Untracked 
|  40|0x000000068e800000, 0x000000068e800000, 0x000000068ec00000|  0%| F|  |TAMS 0x000000068e800000| PB 0x000000068e800000| Untracked 
|  41|0x000000068ec00000, 0x000000068ec00000, 0x000000068f000000|  0%| F|  |TAMS 0x000000068ec00000| PB 0x000000068ec00000| Untracked 
|  42|0x000000068f000000, 0x000000068f000000, 0x000000068f400000|  0%| F|  |TAMS 0x000000068f000000| PB 0x000000068f000000| Untracked 
|  43|0x000000068f400000, 0x000000068f400000, 0x000000068f800000|  0%| F|  |TAMS 0x000000068f400000| PB 0x000000068f400000| Untracked 
|  44|0x000000068f800000, 0x000000068f800000, 0x000000068fc00000|  0%| F|  |TAMS 0x000000068f800000| PB 0x000000068f800000| Untracked 
|  45|0x000000068fc00000, 0x000000068fc00000, 0x0000000690000000|  0%| F|  |TAMS 0x000000068fc00000| PB 0x000000068fc00000| Untracked 
|  46|0x0000000690000000, 0x0000000690000000, 0x0000000690400000|  0%| F|  |TAMS 0x0000000690000000| PB 0x0000000690000000| Untracked 
|  47|0x0000000690400000, 0x0000000690400000, 0x0000000690800000|  0%| F|  |TAMS 0x0000000690400000| PB 0x0000000690400000| Untracked 
|  48|0x0000000690800000, 0x0000000690800000, 0x0000000690c00000|  0%| F|  |TAMS 0x0000000690800000| PB 0x0000000690800000| Untracked 
|  49|0x0000000690c00000, 0x0000000690c00000, 0x0000000691000000|  0%| F|  |TAMS 0x0000000690c00000| PB 0x0000000690c00000| Untracked 
|  50|0x0000000691000000, 0x0000000691000000, 0x0000000691400000|  0%| F|  |TAMS 0x0000000691000000| PB 0x0000000691000000| Untracked 
|  51|0x0000000691400000, 0x0000000691400000, 0x0000000691800000|  0%| F|  |TAMS 0x0000000691400000| PB 0x0000000691400000| Untracked 
|  52|0x0000000691800000, 0x0000000691800000, 0x0000000691c00000|  0%| F|  |TAMS 0x0000000691800000| PB 0x0000000691800000| Untracked 
|  53|0x0000000691c00000, 0x0000000691c00000, 0x0000000692000000|  0%| F|  |TAMS 0x0000000691c00000| PB 0x0000000691c00000| Untracked 
|  54|0x0000000692000000, 0x0000000692000000, 0x0000000692400000|  0%| F|  |TAMS 0x0000000692000000| PB 0x0000000692000000| Untracked 
|  55|0x0000000692400000, 0x0000000692400000, 0x0000000692800000|  0%| F|  |TAMS 0x0000000692400000| PB 0x0000000692400000| Untracked 
|  56|0x0000000692800000, 0x0000000692800000, 0x0000000692c00000|  0%| F|  |TAMS 0x0000000692800000| PB 0x0000000692800000| Untracked 
|  57|0x0000000692c00000, 0x0000000692c00000, 0x0000000693000000|  0%| F|  |TAMS 0x0000000692c00000| PB 0x0000000692c00000| Untracked 
|  58|0x0000000693000000, 0x0000000693000000, 0x0000000693400000|  0%| F|  |TAMS 0x0000000693000000| PB 0x0000000693000000| Untracked 
|  59|0x0000000693400000, 0x0000000693400000, 0x0000000693800000|  0%| F|  |TAMS 0x0000000693400000| PB 0x0000000693400000| Untracked 
|  60|0x0000000693800000, 0x0000000693800000, 0x0000000693c00000|  0%| F|  |TAMS 0x0000000693800000| PB 0x0000000693800000| Untracked 
|  61|0x0000000693c00000, 0x0000000693c00000, 0x0000000694000000|  0%| F|  |TAMS 0x0000000693c00000| PB 0x0000000693c00000| Untracked 
|  62|0x0000000694000000, 0x0000000694000000, 0x0000000694400000|  0%| F|  |TAMS 0x0000000694000000| PB 0x0000000694000000| Untracked 
|  63|0x0000000694400000, 0x0000000694400000, 0x0000000694800000|  0%| F|  |TAMS 0x0000000694400000| PB 0x0000000694400000| Untracked 
|  64|0x0000000694800000, 0x0000000694800000, 0x0000000694c00000|  0%| F|  |TAMS 0x0000000694800000| PB 0x0000000694800000| Untracked 
|  65|0x0000000694c00000, 0x0000000694c00000, 0x0000000695000000|  0%| F|  |TAMS 0x0000000694c00000| PB 0x0000000694c00000| Untracked 
|  66|0x0000000695000000, 0x0000000695000000, 0x0000000695400000|  0%| F|  |TAMS 0x0000000695000000| PB 0x0000000695000000| Untracked 
|  67|0x0000000695400000, 0x0000000695400000, 0x0000000695800000|  0%| F|  |TAMS 0x0000000695400000| PB 0x0000000695400000| Untracked 
|  68|0x0000000695800000, 0x0000000695800000, 0x0000000695c00000|  0%| F|  |TAMS 0x0000000695800000| PB 0x0000000695800000| Untracked 
|  69|0x0000000695c00000, 0x0000000695c00000, 0x0000000696000000|  0%| F|  |TAMS 0x0000000695c00000| PB 0x0000000695c00000| Untracked 
|  70|0x0000000696000000, 0x0000000696000000, 0x0000000696400000|  0%| F|  |TAMS 0x0000000696000000| PB 0x0000000696000000| Untracked 
|  71|0x0000000696400000, 0x0000000696400000, 0x0000000696800000|  0%| F|  |TAMS 0x0000000696400000| PB 0x0000000696400000| Untracked 
|  72|0x0000000696800000, 0x0000000696800000, 0x0000000696c00000|  0%| F|  |TAMS 0x0000000696800000| PB 0x0000000696800000| Untracked 
|  73|0x0000000696c00000, 0x0000000696c00000, 0x0000000697000000|  0%| F|  |TAMS 0x0000000696c00000| PB 0x0000000696c00000| Untracked 
|  74|0x0000000697000000, 0x0000000697000000, 0x0000000697400000|  0%| F|  |TAMS 0x0000000697000000| PB 0x0000000697000000| Untracked 
|  75|0x0000000697400000, 0x0000000697400000, 0x0000000697800000|  0%| F|  |TAMS 0x0000000697400000| PB 0x0000000697400000| Untracked 
|  76|0x0000000697800000, 0x0000000697800000, 0x0000000697c00000|  0%| F|  |TAMS 0x0000000697800000| PB 0x0000000697800000| Untracked 
|  77|0x0000000697c00000, 0x0000000697c00000, 0x0000000698000000|  0%| F|  |TAMS 0x0000000697c00000| PB 0x0000000697c00000| Untracked 
|  78|0x0000000698000000, 0x0000000698000000, 0x0000000698400000|  0%| F|  |TAMS 0x0000000698000000| PB 0x0000000698000000| Untracked 
|  79|0x0000000698400000, 0x0000000698400000, 0x0000000698800000|  0%| F|  |TAMS 0x0000000698400000| PB 0x0000000698400000| Untracked 
|  80|0x0000000698800000, 0x0000000698800000, 0x0000000698c00000|  0%| F|  |TAMS 0x0000000698800000| PB 0x0000000698800000| Untracked 
|  81|0x0000000698c00000, 0x0000000698c00000, 0x0000000699000000|  0%| F|  |TAMS 0x0000000698c00000| PB 0x0000000698c00000| Untracked 
|  82|0x0000000699000000, 0x0000000699000000, 0x0000000699400000|  0%| F|  |TAMS 0x0000000699000000| PB 0x0000000699000000| Untracked 
|  83|0x0000000699400000, 0x0000000699400000, 0x0000000699800000|  0%| F|  |TAMS 0x0000000699400000| PB 0x0000000699400000| Untracked 
|  84|0x0000000699800000, 0x0000000699800000, 0x0000000699c00000|  0%| F|  |TAMS 0x0000000699800000| PB 0x0000000699800000| Untracked 
|  85|0x0000000699c00000, 0x0000000699c00000, 0x000000069a000000|  0%| F|  |TAMS 0x0000000699c00000| PB 0x0000000699c00000| Untracked 
|  86|0x000000069a000000, 0x000000069a000000, 0x000000069a400000|  0%| F|  |TAMS 0x000000069a000000| PB 0x000000069a000000| Untracked 
|  87|0x000000069a400000, 0x000000069a400000, 0x000000069a800000|  0%| F|  |TAMS 0x000000069a400000| PB 0x000000069a400000| Untracked 
|  88|0x000000069a800000, 0x000000069a800000, 0x000000069ac00000|  0%| F|  |TAMS 0x000000069a800000| PB 0x000000069a800000| Untracked 
|  89|0x000000069ac00000, 0x000000069afdf158, 0x000000069b000000| 96%| S|CS|TAMS 0x000000069ac00000| PB 0x000000069ac00000| Complete 
|  90|0x000000069b000000, 0x000000069b000000, 0x000000069b400000|  0%| F|  |TAMS 0x000000069b000000| PB 0x000000069b000000| Untracked 
|  91|0x000000069b400000, 0x000000069b400000, 0x000000069b800000|  0%| F|  |TAMS 0x000000069b400000| PB 0x000000069b400000| Untracked 
|  92|0x000000069b800000, 0x000000069b800000, 0x000000069bc00000|  0%| F|  |TAMS 0x000000069b800000| PB 0x000000069b800000| Untracked 
|  93|0x000000069bc00000, 0x000000069bc00000, 0x000000069c000000|  0%| F|  |TAMS 0x000000069bc00000| PB 0x000000069bc00000| Untracked 
|  94|0x000000069c000000, 0x000000069c400000, 0x000000069c400000|100%| E|  |TAMS 0x000000069c000000| PB 0x000000069c000000| Complete 

Card table byte_map: [0x000002949e9b0000,0x000002949f590000] _byte_map_base: 0x000002949b58c000

Marking Bits: (CMBitMap*) 0x0000029484537e20
 Bits: [0x000002949f590000, 0x00000294a5470000)

Polling page: 0x0000029484570000

Metaspace:

Usage:
  Non-class:      6.92 MB used.
      Class:    572.71 KB used.
       Both:      7.48 MB used.

Virtual space:
  Non-class space:       64.00 MB reserved,       7.00 MB ( 11%) committed,  1 nodes.
      Class space:        1.00 GB reserved,     640.00 KB ( <1%) committed,  1 nodes.
             Both:        1.06 GB reserved,       7.62 MB ( <1%) committed. 

Chunk freelists:
   Non-Class:  7.02 MB
       Class:  15.31 MB
        Both:  22.33 MB

MaxMetaspaceSize: unlimited
CompressedClassSpaceSize: 1.00 GB
Initial GC threshold: 21.00 MB
Current GC threshold: 21.00 MB
CDS: on
 - commit_granule_bytes: 65536.
 - commit_granule_words: 8192.
 - virtual_space_node_default_size: 8388608.
 - enlarge_chunks_in_place: 1.
 - use_allocation_guard: 0.


Internal statistics:

num_allocs_failed_limit: 0.
num_arena_births: 68.
num_arena_deaths: 0.
num_vsnodes_births: 2.
num_vsnodes_deaths: 0.
num_space_committed: 120.
num_space_uncommitted: 0.
num_chunks_returned_to_freelist: 0.
num_chunks_taken_from_freelist: 281.
num_chunk_merges: 0.
num_chunk_splits: 208.
num_chunks_enlarged: 172.
num_inconsistent_stats: 0.

CodeHeap 'non-profiled nmethods': size=120000Kb used=534Kb max_used=534Kb free=119465Kb
 bounds [0x0000029495d00000, 0x0000029495f70000, 0x000002949d230000]
CodeHeap 'profiled nmethods': size=120000Kb used=2546Kb max_used=2546Kb free=117453Kb
 bounds [0x000002948e230000, 0x000002948e4b0000, 0x0000029495760000]
CodeHeap 'non-nmethods': size=5760Kb used=2195Kb max_used=2213Kb free=3564Kb
 bounds [0x0000029495760000, 0x00000294959d0000, 0x0000029495d00000]
 total_blobs=2571 nmethods=1427 adapters=1049
 compilation: enabled
              stopped_count=0, restarted_count=0
 full_count=0

Compilation events (20 events):
Event: 5.765 Thread 0x00000294a77f75a0 1418       3       com.badlogic.gdx.math.Matrix4::setToOrtho (191 bytes)
Event: 5.765 Thread 0x00000294a77f75a0 nmethod 1418 0x000002948e4ab890 code [0x000002948e4abaa0, 0x000002948e4abe78]
Event: 5.798 Thread 0x00000294a77f75a0 1419       1       com.badlogic.gdx.scenes.scene2d.InputEvent::getType (5 bytes)
Event: 5.798 Thread 0x00000294a77f75a0 nmethod 1419 0x0000029495d84090 code [0x0000029495d84220, 0x0000029495d842f0]
Event: 5.814 Thread 0x00000294a77f75a0 1420       3       com.badlogic.gdx.utils.Array$ArrayIterator::next (66 bytes)
Event: 5.815 Thread 0x00000294a77f75a0 nmethod 1420 0x000002948e4ac110 code [0x000002948e4ac300, 0x000002948e4ac710]
Event: 5.815 Thread 0x00000294a77f75a0 1421       1       com.badlogic.gdx.scenes.scene2d.Event::setTarget (6 bytes)
Event: 5.815 Thread 0x00000294a77f75a0 nmethod 1421 0x0000029495d84390 code [0x0000029495d84520, 0x0000029495d84638]
Event: 5.831 Thread 0x00000294a77f75a0 1422       1       com.badlogic.gdx.scenes.scene2d.Event::getBubbles (5 bytes)
Event: 5.831 Thread 0x00000294a77f75a0 nmethod 1422 0x0000029495d84690 code [0x0000029495d84820, 0x0000029495d848f0]
Event: 5.848 Thread 0x00000294a77f75a0 1423       1       com.badlogic.gdx.scenes.scene2d.Event::setStage (6 bytes)
Event: 5.848 Thread 0x00000294a77f75a0 nmethod 1423 0x0000029495d84990 code [0x0000029495d84b20, 0x0000029495d84c38]
Event: 5.881 Thread 0x00000294a77f75a0 1424       1       com.badlogic.gdx.scenes.scene2d.InputEvent::setType (6 bytes)
Event: 5.881 Thread 0x00000294a77f75a0 nmethod 1424 0x0000029495d84c90 code [0x0000029495d84e20, 0x0000029495d84f38]
Event: 5.881 Thread 0x00000294a77f75a0 1425       1       com.badlogic.gdx.scenes.scene2d.InputEvent::setStageX (6 bytes)
Event: 5.881 Thread 0x00000294a77f75a0 nmethod 1425 0x0000029495d84f90 code [0x0000029495d85120, 0x0000029495d851e8]
Event: 5.881 Thread 0x00000294a77f75a0 1426       1       com.badlogic.gdx.scenes.scene2d.InputEvent::setStageY (6 bytes)
Event: 5.881 Thread 0x00000294a77f75a0 nmethod 1426 0x0000029495d85290 code [0x0000029495d85420, 0x0000029495d854e8]
Event: 5.932 Thread 0x00000294a77f75a0 1427       1       com.badlogic.gdx.graphics.Texture$TextureFilter::getGLEnum (5 bytes)
Event: 5.933 Thread 0x00000294a77f75a0 nmethod 1427 0x0000029495d85590 code [0x0000029495d85720, 0x0000029495d857e8]

GC Heap History (2 events):
Event: 1.856 GC heap before
{Heap before GC invocations=0 (full 0):
 garbage-first heap   total 389120K, used 16384K [0x0000000684800000, 0x0000000800000000)
  region size 4096K, 5 young (20480K), 0 survivors (0K)
 Metaspace       used 6905K, committed 7104K, reserved 1114112K
  class space    used 513K, committed 640K, reserved 1048576K
}
Event: 1.859 GC heap after
{Heap after GC invocations=1 (full 0):
 garbage-first heap   total 389120K, used 3964K [0x0000000684800000, 0x0000000800000000)
  region size 4096K, 1 young (4096K), 1 survivors (4096K)
 Metaspace       used 6905K, committed 7104K, reserved 1114112K
  class space    used 513K, committed 640K, reserved 1048576K
}

Dll operation events (11 events):
Event: 0.006 Loaded shared library C:\Program Files\Java\jdk-21\bin\java.dll
Event: 0.029 Loaded shared library C:\Program Files\Java\jdk-21\bin\jsvml.dll
Event: 0.063 Loaded shared library C:\Program Files\Java\jdk-21\bin\net.dll
Event: 0.064 Loaded shared library C:\Program Files\Java\jdk-21\bin\nio.dll
Event: 0.066 Loaded shared library C:\Program Files\Java\jdk-21\bin\zip.dll
Event: 0.115 Loaded shared library C:\Program Files\Java\jdk-21\bin\jimage.dll
Event: 0.120 Loaded shared library C:\ProgramData\libGDX-temp\libgdxTriba\c39de338\gdx64.dll
Event: 0.168 Loaded shared library C:\ProgramData\libGDX-temp\lwjgl_Triba\3.3.3+5\x64\lwjgl.dll
Event: 1.292 Loaded shared library C:\ProgramData\libGDX-temp\lwjgl_Triba\3.3.3+5\x64\lwjgl_opengl.dll
Event: 1.851 Loaded shared library C:\ProgramData\libGDX-temp\libgdxTriba\e35c7bf4\gdx-freetype64.dll
Event: 1.905 Loaded shared library C:\ProgramData\libGDX-temp\libgdxTriba\271beab6\gdx-box2d64.dll

Deoptimization events (20 events):
Event: 5.676 Thread 0x00000294844bb010 DEOPT PACKING pc=0x000002948e408579 sp=0x000000b22e4fe720
Event: 5.676 Thread 0x00000294844bb010 DEOPT UNPACKING pc=0x00000294957b4e42 sp=0x000000b22e4fdc68 mode 0
Event: 5.677 Thread 0x00000294844bb010 DEOPT PACKING pc=0x000002948e408579 sp=0x000000b22e4fe720
Event: 5.677 Thread 0x00000294844bb010 DEOPT UNPACKING pc=0x00000294957b4e42 sp=0x000000b22e4fdc68 mode 0
Event: 5.677 Thread 0x00000294844bb010 DEOPT PACKING pc=0x000002948e408579 sp=0x000000b22e4fe720
Event: 5.677 Thread 0x00000294844bb010 DEOPT UNPACKING pc=0x00000294957b4e42 sp=0x000000b22e4fdc68 mode 0
Event: 5.678 Thread 0x00000294844bb010 DEOPT PACKING pc=0x000002948e408579 sp=0x000000b22e4fe720
Event: 5.678 Thread 0x00000294844bb010 DEOPT UNPACKING pc=0x00000294957b4e42 sp=0x000000b22e4fdc68 mode 0
Event: 5.678 Thread 0x00000294844bb010 DEOPT PACKING pc=0x000002948e408579 sp=0x000000b22e4fe720
Event: 5.678 Thread 0x00000294844bb010 DEOPT UNPACKING pc=0x00000294957b4e42 sp=0x000000b22e4fdc68 mode 0
Event: 5.679 Thread 0x00000294844bb010 DEOPT PACKING pc=0x000002948e408579 sp=0x000000b22e4fe720
Event: 5.679 Thread 0x00000294844bb010 DEOPT UNPACKING pc=0x00000294957b4e42 sp=0x000000b22e4fdc68 mode 0
Event: 5.679 Thread 0x00000294844bb010 DEOPT PACKING pc=0x000002948e408579 sp=0x000000b22e4fe720
Event: 5.679 Thread 0x00000294844bb010 DEOPT UNPACKING pc=0x00000294957b4e42 sp=0x000000b22e4fdc68 mode 0
Event: 5.680 Thread 0x00000294844bb010 DEOPT PACKING pc=0x000002948e408579 sp=0x000000b22e4fe720
Event: 5.680 Thread 0x00000294844bb010 DEOPT UNPACKING pc=0x00000294957b4e42 sp=0x000000b22e4fdc68 mode 0
Event: 5.681 Thread 0x00000294844bb010 DEOPT PACKING pc=0x000002948e408579 sp=0x000000b22e4fe720
Event: 5.681 Thread 0x00000294844bb010 DEOPT UNPACKING pc=0x00000294957b4e42 sp=0x000000b22e4fdc68 mode 0
Event: 5.681 Thread 0x00000294844bb010 DEOPT PACKING pc=0x000002948e408579 sp=0x000000b22e4fe720
Event: 5.681 Thread 0x00000294844bb010 DEOPT UNPACKING pc=0x00000294957b4e42 sp=0x000000b22e4fdc68 mode 0

Classes loaded (20 events):
Event: 1.791 Loading class sun/nio/cs/UTF_8$Decoder
Event: 1.791 Loading class sun/nio/cs/UTF_8$Decoder done
Event: 1.821 Loading class java/lang/SecurityException
Event: 1.821 Loading class java/lang/SecurityException done
Event: 1.822 Loading class java/lang/reflect/InvocationTargetException
Event: 1.822 Loading class java/lang/reflect/InvocationTargetException done
Event: 1.823 Loading class java/lang/NegativeArraySizeException
Event: 1.823 Loading class java/lang/NegativeArraySizeException done
Event: 1.823 Loading class java/lang/StringIndexOutOfBoundsException
Event: 1.823 Loading class java/lang/StringIndexOutOfBoundsException done
Event: 1.823 Loading class java/lang/ArrayIndexOutOfBoundsException
Event: 1.823 Loading class java/lang/ArrayIndexOutOfBoundsException done
Event: 1.852 Loading class java/nio/channels/FileChannel$MapMode
Event: 1.852 Loading class java/nio/channels/FileChannel$MapMode done
Event: 1.867 Loading class java/nio/DirectIntBufferS
Event: 1.867 Loading class java/nio/DirectIntBufferS done
Event: 1.924 Loading class java/util/LinkedList
Event: 1.924 Loading class java/util/AbstractSequentialList
Event: 1.924 Loading class java/util/AbstractSequentialList done
Event: 1.924 Loading class java/util/LinkedList done

Classes unloaded (0 events):
No events

Classes redefined (0 events):
No events

Internal exceptions (20 events):
Event: 0.222 Thread 0x00000294844bb010 Exception <a 'java/lang/NoSuchMethodError'{0x000000069bec8e50}: 'java.lang.Object java.lang.invoke.DirectMethodHandle$Holder.newInvokeSpecial(java.lang.Object, java.lang.Object, long)'> (0x000000069bec8e50) 
thrown [s\open\src\hotspot\share\interpreter\linkResolver.cpp, line 773]
Event: 0.222 Thread 0x00000294844bb010 Exception <a 'java/lang/NoSuchMethodError'{0x000000069beccc18}: 'java.lang.Object java.lang.invoke.Invokers$Holder.linkToTargetMethod(java.lang.Object, long, java.lang.Object)'> (0x000000069beccc18) 
thrown [s\open\src\hotspot\share\interpreter\linkResolver.cpp, line 773]
Event: 0.223 Thread 0x00000294844bb010 Exception <a 'java/lang/NoSuchMethodError'{0x000000069bed3f60}: 'int java.lang.invoke.DirectMethodHandle$Holder.invokeStaticInit(java.lang.Object, java.lang.Object, java.lang.Object, long)'> (0x000000069bed3f60) 
thrown [s\open\src\hotspot\share\interpreter\linkResolver.cpp, line 773]
Event: 0.239 Thread 0x00000294844bb010 Exception <a 'sun/nio/fs/WindowsException'{0x000000069bf5bb20}> (0x000000069bf5bb20) 
thrown [s\open\src\hotspot\share\prims\jni.cpp, line 520]
Event: 0.239 Thread 0x00000294844bb010 Exception <a 'sun/nio/fs/WindowsException'{0x000000069bf5be80}> (0x000000069bf5be80) 
thrown [s\open\src\hotspot\share\prims\jni.cpp, line 520]
Event: 0.262 Thread 0x00000294844bb010 Exception <a 'sun/nio/fs/WindowsException'{0x000000069b809f80}> (0x000000069b809f80) 
thrown [s\open\src\hotspot\share\prims\jni.cpp, line 520]
Event: 0.262 Thread 0x00000294844bb010 Exception <a 'sun/nio/fs/WindowsException'{0x000000069b80a2b0}> (0x000000069b80a2b0) 
thrown [s\open\src\hotspot\share\prims\jni.cpp, line 520]
Event: 0.265 Thread 0x00000294844bb010 Exception <a 'java/lang/NoSuchMethodError'{0x000000069b8112f0}: 'int java.lang.invoke.Invokers$Holder.invokeExact_MT(java.lang.Object, java.lang.Object)'> (0x000000069b8112f0) 
thrown [s\open\src\hotspot\share\interpreter\linkResolver.cpp, line 773]
Event: 0.322 Thread 0x00000294844bb010 Exception <a 'sun/nio/fs/WindowsException'{0x000000069b8a0bd0}> (0x000000069b8a0bd0) 
thrown [s\open\src\hotspot\share\prims\jni.cpp, line 520]
Event: 0.322 Thread 0x00000294844bb010 Exception <a 'sun/nio/fs/WindowsException'{0x000000069b8a0f20}> (0x000000069b8a0f20) 
thrown [s\open\src\hotspot\share\prims\jni.cpp, line 520]
Event: 0.733 Thread 0x00000294844bb010 Exception <a 'java/lang/NoSuchMethodError'{0x000000069b8df5e0}: 'java.lang.Object java.lang.invoke.DirectMethodHandle$Holder.newInvokeSpecial(java.lang.Object, long)'> (0x000000069b8df5e0) 
thrown [s\open\src\hotspot\share\interpreter\linkResolver.cpp, line 773]
Event: 1.280 Thread 0x00000294844bb010 Exception <a 'java/lang/NoSuchMethodError'{0x000000069ba867a0}: 'void java.lang.invoke.DirectMethodHandle$Holder.invokeStatic(java.lang.Object, long)'> (0x000000069ba867a0) 
thrown [s\open\src\hotspot\share\interpreter\linkResolver.cpp, line 773]
Event: 1.287 Thread 0x00000294844bb010 Exception <a 'java/lang/NoSuchMethodError'{0x000000069baa8540}: 'void java.lang.System.load(java.lang.String, java.lang.Class)'> (0x000000069baa8540) 
thrown [s\open\src\hotspot\share\interpreter\linkResolver.cpp, line 773]
Event: 1.288 Thread 0x00000294844bb010 Exception <a 'java/lang/NoSuchMethodError'{0x000000069baaaf00}: 'void java.lang.System.loadLibrary(java.lang.String, java.lang.Class)'> (0x000000069baaaf00) 
thrown [s\open\src\hotspot\share\interpreter\linkResolver.cpp, line 773]
Event: 1.291 Thread 0x00000294844bb010 Exception <a 'sun/nio/fs/WindowsException'{0x000000069babbe60}> (0x000000069babbe60) 
thrown [s\open\src\hotspot\share\prims\jni.cpp, line 520]
Event: 1.291 Thread 0x00000294844bb010 Exception <a 'sun/nio/fs/WindowsException'{0x000000069babc1d8}> (0x000000069babc1d8) 
thrown [s\open\src\hotspot\share\prims\jni.cpp, line 520]
Event: 1.294 Thread 0x00000294844bb010 Exception <a 'sun/nio/fs/WindowsException'{0x000000069bac8440}> (0x000000069bac8440) 
thrown [s\open\src\hotspot\share\prims\jni.cpp, line 520]
Event: 1.294 Thread 0x00000294844bb010 Exception <a 'sun/nio/fs/WindowsException'{0x000000069bac86f0}> (0x000000069bac86f0) 
thrown [s\open\src\hotspot\share\prims\jni.cpp, line 520]
Event: 1.853 Thread 0x00000294844bb010 Exception <a 'java/io/FileNotFoundException'{0x000000069b3e6250}> (0x000000069b3e6250) 
thrown [s\open\src\hotspot\share\prims\jni.cpp, line 520]
Event: 5.660 Thread 0x00000294844bb010 Exception <a 'java/io/FileNotFoundException'{0x000000069c2cf4b0}> (0x000000069c2cf4b0) 
thrown [s\open\src\hotspot\share\prims\jni.cpp, line 520]

ZGC Phase Switch (0 events):
No events

VM Operations (20 events):
Event: 0.118 Executing VM operation: HandshakeAllThreads (Deoptimize)
Event: 0.118 Executing VM operation: HandshakeAllThreads (Deoptimize) done
Event: 0.147 Executing VM operation: HandshakeAllThreads (Deoptimize)
Event: 0.147 Executing VM operation: HandshakeAllThreads (Deoptimize) done
Event: 1.158 Executing VM operation: Cleanup
Event: 1.158 Executing VM operation: Cleanup done
Event: 1.856 Executing VM operation: G1CollectForAllocation (G1 Evacuation Pause)
Event: 1.859 Executing VM operation: G1CollectForAllocation (G1 Evacuation Pause) done
Event: 1.867 Executing VM operation: HandshakeAllThreads (Deoptimize)
Event: 1.867 Executing VM operation: HandshakeAllThreads (Deoptimize) done
Event: 1.868 Executing VM operation: HandshakeAllThreads (Deoptimize)
Event: 1.868 Executing VM operation: HandshakeAllThreads (Deoptimize) done
Event: 1.925 Executing VM operation: HandshakeAllThreads (Deoptimize)
Event: 1.925 Executing VM operation: HandshakeAllThreads (Deoptimize) done
Event: 2.932 Executing VM operation: Cleanup
Event: 2.932 Executing VM operation: Cleanup done
Event: 3.933 Executing VM operation: Cleanup
Event: 3.933 Executing VM operation: Cleanup done
Event: 4.934 Executing VM operation: Cleanup
Event: 4.934 Executing VM operation: Cleanup done

Events (20 events):
Event: 0.028 Thread 0x00000294a77e8ab0 Thread added: 0x00000294a77e8ab0
Event: 0.028 Thread 0x00000294a77ebde0 Thread added: 0x00000294a77ebde0
Event: 0.028 Thread 0x00000294a77ec960 Thread added: 0x00000294a77ec960
Event: 0.028 Thread 0x00000294a77edc80 Thread added: 0x00000294a77edc80
Event: 0.028 Thread 0x00000294a77f0940 Thread added: 0x00000294a77f0940
Event: 0.028 Thread 0x00000294a77f3fa0 Thread added: 0x00000294a77f3fa0
Event: 0.028 Thread 0x00000294a77f75a0 Thread added: 0x00000294a77f75a0
Event: 0.057 Thread 0x00000294a847cf70 Thread added: 0x00000294a847cf70
Event: 0.059 Thread 0x00000294a8486220 Thread added: 0x00000294a8486220
Event: 0.086 Thread 0x00000294a85874b0 Thread added: 0x00000294a85874b0
Event: 0.733 Thread 0x00000294a85874b0 Thread exited: 0x00000294a85874b0
Event: 0.747 Thread 0x00000294a8e45c20 Thread added: 0x00000294a8e45c20
Event: 1.299 Thread 0x00000294efe38d70 Thread added: 0x00000294efe38d70
Event: 1.430 Thread 0x00000294efe38d70 Thread exited: 0x00000294efe38d70
Event: 1.792 Thread 0x00000294efe3d190 Thread added: 0x00000294efe3d190
Event: 1.894 Thread 0x00000294f5a94d10 Thread added: 0x00000294f5a94d10
Event: 1.923 Thread 0x00000294f5acc900 Thread added: 0x00000294f5acc900
Event: 1.943 Thread 0x00000294f5c91410 Thread added: 0x00000294f5c91410
Event: 2.009 Thread 0x00000294f5a94d10 Thread exited: 0x00000294f5a94d10
Event: 2.126 Thread 0x00000294efe3d190 Thread exited: 0x00000294efe3d190


Dynamic libraries:
0x00007ff73f8a0000 - 0x00007ff73f8b0000 	C:\Program Files\Java\jdk-21\bin\java.exe
0x00007ffc7c740000 - 0x00007ffc7c9a3000 	C:\WINDOWS\SYSTEM32\ntdll.dll
0x00007ffc7c090000 - 0x00007ffc7c157000 	C:\WINDOWS\System32\KERNEL32.DLL
0x00007ffc79bf0000 - 0x00007ffc79fb9000 	C:\WINDOWS\System32\KERNELBASE.dll
0x00007ffc79fc0000 - 0x00007ffc7a10c000 	C:\WINDOWS\System32\ucrtbase.dll
0x00007ffc70560000 - 0x00007ffc7057b000 	C:\Program Files\Java\jdk-21\bin\VCRUNTIME140.dll
0x00007ffc72540000 - 0x00007ffc72559000 	C:\Program Files\Java\jdk-21\bin\jli.dll
0x00007ffc7a750000 - 0x00007ffc7a802000 	C:\WINDOWS\System32\ADVAPI32.dll
0x00007ffc7aff0000 - 0x00007ffc7b099000 	C:\WINDOWS\System32\msvcrt.dll
0x00007ffc7be80000 - 0x00007ffc7bf26000 	C:\WINDOWS\System32\sechost.dll
0x00007ffc7ab10000 - 0x00007ffc7ac26000 	C:\WINDOWS\System32\RPCRT4.dll
0x00007ffc7a560000 - 0x00007ffc7a72a000 	C:\WINDOWS\System32\USER32.dll
0x00007ffc56660000 - 0x00007ffc568f0000 	C:\WINDOWS\WinSxS\amd64_microsoft.windows.common-controls_6595b64144ccf1df_6.0.26100.3323_none_3e088096e3344490\COMCTL32.dll
0x00007ffc7a4a0000 - 0x00007ffc7a4c7000 	C:\WINDOWS\System32\win32u.dll
0x00007ffc7afc0000 - 0x00007ffc7afea000 	C:\WINDOWS\System32\GDI32.dll
0x00007ffc79940000 - 0x00007ffc79a71000 	C:\WINDOWS\System32\gdi32full.dll
0x00007ffc7a110000 - 0x00007ffc7a1b3000 	C:\WINDOWS\System32\msvcp_win.dll
0x00007ffc69c90000 - 0x00007ffc69c9b000 	C:\WINDOWS\SYSTEM32\VERSION.dll
0x00007ffc7a900000 - 0x00007ffc7a92f000 	C:\WINDOWS\System32\IMM32.DLL
0x00007ffc739d0000 - 0x00007ffc739dc000 	C:\Program Files\Java\jdk-21\bin\vcruntime140_1.dll
0x00007ffc6b290000 - 0x00007ffc6b31e000 	C:\Program Files\Java\jdk-21\bin\msvcp140.dll
0x00007ffbe0b40000 - 0x00007ffbe1858000 	C:\Program Files\Java\jdk-21\bin\server\jvm.dll
0x00007ffc7c180000 - 0x00007ffc7c1f4000 	C:\WINDOWS\System32\WS2_32.dll
0x00007ffc785b0000 - 0x00007ffc785fe000 	C:\WINDOWS\SYSTEM32\POWRPROF.dll
0x00007ffc6d9d0000 - 0x00007ffc6da06000 	C:\WINDOWS\SYSTEM32\WINMM.dll
0x00007ffc78590000 - 0x00007ffc785a4000 	C:\WINDOWS\SYSTEM32\UMPDC.dll
0x00007ffc78870000 - 0x00007ffc7888a000 	C:\WINDOWS\SYSTEM32\kernel.appcore.dll
0x00007ffc72530000 - 0x00007ffc7253a000 	C:\Program Files\Java\jdk-21\bin\jimage.dll
0x00007ffc770d0000 - 0x00007ffc77311000 	C:\WINDOWS\SYSTEM32\DBGHELP.DLL
0x00007ffc7c200000 - 0x00007ffc7c582000 	C:\WINDOWS\System32\combase.dll
0x00007ffc7a820000 - 0x00007ffc7a8f6000 	C:\WINDOWS\System32\OLEAUT32.dll
0x00007ffbe2590000 - 0x00007ffbe25c9000 	C:\WINDOWS\SYSTEM32\dbgcore.DLL
0x00007ffc7a400000 - 0x00007ffc7a499000 	C:\WINDOWS\System32\bcryptPrimitives.dll
0x00007ffc6d6a0000 - 0x00007ffc6d6bf000 	C:\Program Files\Java\jdk-21\bin\java.dll
0x00007ffc7b0a0000 - 0x00007ffc7b7b5000 	C:\WINDOWS\System32\SHELL32.dll
0x00007ffc79a80000 - 0x00007ffc79be8000 	C:\WINDOWS\System32\wintypes.dll
0x00007ffc77630000 - 0x00007ffc77e75000 	C:\WINDOWS\SYSTEM32\windows.storage.dll
0x00007ffc7aed0000 - 0x00007ffc7afbb000 	C:\WINDOWS\System32\SHCORE.dll
0x00007ffc7ae70000 - 0x00007ffc7aecd000 	C:\WINDOWS\System32\shlwapi.dll
0x00007ffc79850000 - 0x00007ffc7987f000 	C:\WINDOWS\SYSTEM32\profapi.dll
0x00007ffc6ab80000 - 0x00007ffc6ac57000 	C:\Program Files\Java\jdk-21\bin\jsvml.dll
0x00007ffc6f2d0000 - 0x00007ffc6f2e0000 	C:\Program Files\Java\jdk-21\bin\net.dll
0x00007ffc6f870000 - 0x00007ffc6f98e000 	C:\WINDOWS\SYSTEM32\WINHTTP.dll
0x00007ffc78d90000 - 0x00007ffc78dfa000 	C:\WINDOWS\system32\mswsock.dll
0x00007ffc6cb60000 - 0x00007ffc6cb76000 	C:\Program Files\Java\jdk-21\bin\nio.dll
0x00007ffc6d230000 - 0x00007ffc6d248000 	C:\Program Files\Java\jdk-21\bin\zip.dll
0x000000006e700000 - 0x000000006e72d000 	C:\ProgramData\libGDX-temp\libgdxTriba\c39de338\gdx64.dll
0x00007ffc6bd70000 - 0x00007ffc6bdeb000 	C:\ProgramData\libGDX-temp\lwjgl_Triba\3.3.3+5\x64\lwjgl.dll
0x00007ffc5e820000 - 0x00007ffc5ea90000 	C:\ProgramData\libGDX-temp\lwjgl_Triba\3.3.3+5\x64\jemalloc.dll
0x00007ffc6a9d0000 - 0x00007ffc6aa52000 	C:\ProgramData\libGDX-temp\lwjgl_Triba\3.3.3+5\x64\glfw.dll
0x00007ffc6cd20000 - 0x00007ffc6cd6b000 	C:\WINDOWS\SYSTEM32\dinput8.dll
0x00007ffc6c9f0000 - 0x00007ffc6ca02000 	C:\WINDOWS\SYSTEM32\xinput1_4.dll
0x00007ffc79610000 - 0x00007ffc7963d000 	C:\WINDOWS\SYSTEM32\DEVOBJ.dll
0x00007ffc795a0000 - 0x00007ffc795ff000 	C:\WINDOWS\SYSTEM32\cfgmgr32.dll
0x00007ffc73e00000 - 0x00007ffc73e35000 	C:\WINDOWS\SYSTEM32\dwmapi.dll
0x00007ffc59fd0000 - 0x00007ffc5a1af000 	C:\WINDOWS\SYSTEM32\inputhost.dll
0x00007ffc730d0000 - 0x00007ffc731f6000 	C:\WINDOWS\SYSTEM32\CoreMessaging.dll
0x00007ffc73a90000 - 0x00007ffc73b3e000 	C:\WINDOWS\system32\uxtheme.dll
0x00007ffc7bf30000 - 0x00007ffc7c08b000 	C:\WINDOWS\System32\MSCTF.dll
0x00007ffc79050000 - 0x00007ffc7905c000 	C:\WINDOWS\SYSTEM32\CRYPTBASE.DLL
0x00007ffc58570000 - 0x00007ffc58737000 	C:\ProgramData\libGDX-temp\lwjgl_Triba\3.3.3+5\x64\OpenAL.dll
0x00007ffc7bce0000 - 0x00007ffc7be75000 	C:\WINDOWS\System32\ole32.dll
0x00007ffc7c590000 - 0x00007ffc7c638000 	C:\WINDOWS\System32\clbcatq.dll
0x00007ffc61980000 - 0x00007ffc61a1a000 	C:\WINDOWS\System32\MMDevApi.dll
0x00007ffc5f900000 - 0x00007ffc5fabb000 	C:\WINDOWS\SYSTEM32\AUDIOSES.DLL
0x00007ffc76e60000 - 0x00007ffc76e74000 	C:\WINDOWS\SYSTEM32\resourcepolicyclient.dll
0x00007ffc44d50000 - 0x00007ffc44e5c000 	C:\WINDOWS\SYSTEM32\opengl32.dll
0x00007ffc6bcc0000 - 0x00007ffc6bced000 	C:\WINDOWS\SYSTEM32\GLU32.dll
0x00007ffc76a90000 - 0x00007ffc76ad7000 	C:\WINDOWS\SYSTEM32\dxcore.dll
0x00007ffc73c20000 - 0x00007ffc73c7d000 	C:\WINDOWS\SYSTEM32\directxdatabasehelper.dll
0x00007ffc5e600000 - 0x00007ffc5e61a000 	C:\WINDOWS\SYSTEM32\windows.staterepositorycore.dll
0x00007ffbb93d0000 - 0x00007ffbbbbbe000 	C:\WINDOWS\System32\DriverStore\FileRepository\nvacsi.inf_amd64_b2f4b3064ef7ce05\nvoglv64.dll
0x00007ffc7b840000 - 0x00007ffc7bcc6000 	C:\WINDOWS\System32\SETUPAPI.dll
0x00007ffc739a0000 - 0x00007ffc739b6000 	C:\WINDOWS\SYSTEM32\WTSAPI32.dll
0x00007ffc790a0000 - 0x00007ffc790b3000 	C:\WINDOWS\SYSTEM32\msasn1.dll
0x00007ffc62120000 - 0x00007ffc6215b000 	C:\WINDOWS\SYSTEM32\cryptnet.dll
0x00007ffc7a280000 - 0x00007ffc7a3f7000 	C:\WINDOWS\System32\CRYPT32.dll
0x00007ffc79110000 - 0x00007ffc7916d000 	C:\WINDOWS\SYSTEM32\wldp.dll
0x00007ffc61f70000 - 0x00007ffc620eb000 	C:\WINDOWS\SYSTEM32\drvstore.dll
0x00007ffc7a4d0000 - 0x00007ffc7a54f000 	C:\WINDOWS\System32\WINTRUST.dll
0x00007ffc78990000 - 0x00007ffc789c5000 	C:\WINDOWS\SYSTEM32\ntmarta.dll
0x00007ffc7c640000 - 0x00007ffc7c660000 	C:\WINDOWS\System32\imagehlp.dll
0x00007ffc79030000 - 0x00007ffc7904c000 	C:\WINDOWS\SYSTEM32\CRYPTSP.dll
0x00007ffc787d0000 - 0x00007ffc7880a000 	C:\WINDOWS\system32\rsaenh.dll
0x00007ffc79270000 - 0x00007ffc79296000 	C:\WINDOWS\SYSTEM32\bcrypt.dll
0x00007ffbebeb0000 - 0x00007ffbef64b000 	C:\WINDOWS\System32\DriverStore\FileRepository\nvacsi.inf_amd64_b2f4b3064ef7ce05\nvgpucomp64.dll
0x00007ffc24010000 - 0x00007ffc24314000 	C:\WINDOWS\system32\nvspcap64.dll
0x00007ffc78110000 - 0x00007ffc78177000 	C:\WINDOWS\SYSTEM32\WINSTA.dll
0x00007ffc73ca0000 - 0x00007ffc73dce000 	C:\WINDOWS\system32\dxgi.dll
0x00007ffc72c30000 - 0x00007ffc72e96000 	C:\WINDOWS\system32\d3d11.dll
0x00007ffc6aed0000 - 0x00007ffc6af92000 	C:\WINDOWS\System32\DriverStore\FileRepository\nvacsi.inf_amd64_b2f4b3064ef7ce05\nvldumdx.dll
0x00007ffc5e6f0000 - 0x00007ffc5e7c7000 	C:\WINDOWS\System32\DriverStore\FileRepository\nvacsi.inf_amd64_b2f4b3064ef7ce05\NvMemMapStoragex.dll
0x00007ffbe6b90000 - 0x00007ffbebea3000 	C:\WINDOWS\System32\DriverStore\FileRepository\nvacsi.inf_amd64_b2f4b3064ef7ce05\nvwgf2umx.dll
0x00007ffc57e50000 - 0x00007ffc58004000 	C:\WINDOWS\System32\DriverStore\FileRepository\nvacsi.inf_amd64_b2f4b3064ef7ce05\nvppex.dll
0x00007ffc68340000 - 0x00007ffc688b5000 	C:\WINDOWS\SYSTEM32\nvapi64.dll
0x00007ffc6ec90000 - 0x00007ffc6ef87000 	C:\WINDOWS\System32\DriverStore\FileRepository\iigd_dch.inf_amd64_6d847bf48f0e9223\igd10iumd64.dll
0x00007ffc738f0000 - 0x00007ffc7398c000 	C:\WINDOWS\SYSTEM32\apphelp.dll
0x00007ffc6da10000 - 0x00007ffc6ec42000 	C:\WINDOWS\System32\DriverStore\FileRepository\iigd_dch.inf_amd64_6d847bf48f0e9223\igd10um64xe.DLL
0x00007ffc15930000 - 0x00007ffc159d4000 	C:\WINDOWS\System32\DriverStore\FileRepository\iigd_dch.inf_amd64_6d847bf48f0e9223\IntelControlLib.dll
0x00007ffc67950000 - 0x00007ffc67d91000 	C:\WINDOWS\System32\DriverStore\FileRepository\iigd_dch.inf_amd64_6d847bf48f0e9223\igdgmm64.dll
0x00007ffc67920000 - 0x00007ffc67945000 	C:\WINDOWS\System32\DriverStore\FileRepository\iigd_dch.inf_amd64_6d847bf48f0e9223\igc64.dll
0x00007ffc621a0000 - 0x00007ffc66e3d000 	C:\WINDOWS\System32\DriverStore\FileRepository\iigd_dch.inf_amd64_6d847bf48f0e9223\igc-default64.dll
0x00007ffc72ea0000 - 0x00007ffc730c4000 	C:\WINDOWS\SYSTEM32\dcomp.dll
0x00007ffc72210000 - 0x00007ffc72229000 	C:\WINDOWS\SYSTEM32\Microsoft.Internal.WarpPal.dll
0x00007ffc70f70000 - 0x00007ffc71030000 	C:\WINDOWS\SYSTEM32\mscms.dll
0x00007ffc07350000 - 0x00007ffc07399000 	C:\WINDOWS\SYSTEM32\icm32.dll
0x00007ffc6b630000 - 0x00007ffc6b68e000 	C:\ProgramData\libGDX-temp\lwjgl_Triba\3.3.3+5\x64\lwjgl_opengl.dll
0x00007ffc5c7a0000 - 0x00007ffc5c8e6000 	C:\WINDOWS\SYSTEM32\textinputframework.dll
0x00007ffc6f9f0000 - 0x00007ffc6fcd3000 	C:\WINDOWS\SYSTEM32\CoreUIComponents.dll
0x000000006a340000 - 0x000000006a3f4000 	C:\ProgramData\libGDX-temp\libgdxTriba\e35c7bf4\gdx-freetype64.dll
0x0000000066b00000 - 0x0000000066b5a000 	C:\ProgramData\libGDX-temp\libgdxTriba\271beab6\gdx-box2d64.dll
0x00007ffc31a60000 - 0x00007ffc31e92000 	C:\Windows\System32\uiautomationcore.dll
0x00007ffc565f0000 - 0x00007ffc5665b000 	C:\Windows\System32\OLEACC.dll

dbghelp: loaded successfully - version: 4.0.5 - missing functions: none
symbol engine: initialized successfully - sym options: 0x614 - pdb path: .;C:\Program Files\Java\jdk-21\bin;C:\WINDOWS\SYSTEM32;C:\WINDOWS\WinSxS\amd64_microsoft.windows.common-controls_6595b64144ccf1df_6.0.26100.3323_none_3e088096e3344490;C:\Program Files\Java\jdk-21\bin\server;C:\ProgramData\libGDX-temp\libgdxTriba\c39de338;C:\ProgramData\libGDX-temp\lwjgl_Triba\3.3.3+5\x64;C:\WINDOWS\System32\DriverStore\FileRepository\nvacsi.inf_amd64_b2f4b3064ef7ce05;C:\WINDOWS\System32\DriverStore\FileRepository\iigd_dch.inf_amd64_6d847bf48f0e9223;C:\ProgramData\libGDX-temp\libgdxTriba\e35c7bf4;C:\ProgramData\libGDX-temp\libgdxTriba\271beab6

VM Arguments:
jvm_args: -Dfile.encoding=UTF-8 -Duser.country=US -Duser.language=en -Duser.variant 
java_command: io.github.testgame.lwjgl3.Lwjgl3Launcher
java_class_path (initial): C:\Misc\SIT\Y1T2\OOP\P11_OOP\P11_Team2_OOP\lwjgl3\build\classes\java\main;C:\Misc\SIT\Y1T2\OOP\P11_OOP\P11_Team2_OOP\lwjgl3\build\resources\main;C:\Users\Triba\.gradle\caches\modules-2\files-2.1\com.badlogicgames.gdx\gdx-backend-lwjgl3\1.13.1\c8d8f1c3ccd17fe2202a1d581e179c4ba0ccc45d\gdx-backend-lwjgl3-1.13.1.jar;C:\Users\Triba\.gradle\caches\modules-2\files-2.1\com.badlogicgames.gdx\gdx-box2d-platform\1.13.1\a85f4f624bdc6f41b1f3f2f541c76d989e5b30a1\gdx-box2d-platform-1.13.1-natives-desktop.jar;C:\Users\Triba\.gradle\caches\modules-2\files-2.1\com.badlogicgames.gdx\gdx-platform\1.13.1\8493b7d917097a6d091db2554bf0056881f96738\gdx-platform-1.13.1-natives-desktop.jar;C:\Users\Triba\.gradle\caches\modules-2\files-2.1\com.badlogicgames.gdx\gdx-freetype\1.13.1\a386c9b7a10b28f91b2de47f66b12c23a2c3abc2\gdx-freetype-1.13.1.jar;C:\Users\Triba\.gradle\caches\modules-2\files-2.1\com.badlogicgames.gdx\gdx-freetype-platform\1.13.1\7e81d0eb330b7bbbb307cd1a0dc2648648b42b94\gdx-freetype-platform-1.13.1-natives-desktop.jar;C:\Misc\SIT\Y1T2\OOP\P11_OOP\P11_Team2_OOP\core\build\libs\core-$projectVersion.jar;C:\Users\Triba\.gradle\caches\modules-2\files-2.1\com.badlogicgames.gdx\gdx-box2d\1.13.1\5280c502b07d6e3a37bdd0460ad660f9e1c583c0\gdx-box2d-1.13.1.jar;C:\Users\Triba\.gradle\caches\modules-2\files-2.1\com.badlogicgames.gdx\gdx\1.13.1\734d9a5ca877bbce0c595dbdc3165fe6a22b7a30\gdx-1.13.1.jar;C:\Users\Triba\.gradle\caches\modules-2\files-2.1\org.lwjgl\lwjgl-glfw\3.3.3\efa1eb78c5ccd840e9f329717109b5e892d72f8e\lwjgl-glfw-3.3.3.jar;C:\Users\Triba\.gradle\caches\modules-2\files-2.1\org.lwjgl\lwjgl-glfw\3.3.3\a03684c5e4b1b1dbbe0d29dbbdc27b985b6840f2\lwjgl-glfw-3.3.3-natives-linux.jar;C:\Users\Triba\.gradle\caches\modules-2\files-2.1\org.lwjgl\lwjgl-glfw\3.3.3\d9af485c32545b37dd5359b163161d42d7534dcf\lwjgl-glfw-3.3.3-natives-linux-arm32.jar;C:\Users\Triba\.gradle\caches\modules-2\files-2.1\org.lwjgl\lwjgl-glfw\3.3.3\492a0f11f85b85899a6568f07511160c1b87cd38\lwjgl-glfw-3.3.3-natives-linux-arm64.jar;C:\Users\Triba\.gradle\caches\modules-2\files-2.1\org.lwjgl\lwjgl-glfw\3.3.3\a1bf400f6bc64e6195596cb1430dafda46090751\lwjgl-glfw-3.3.3-natives-macos.jar;C:\Users\Triba\.gradle\caches\modules-2\files-2.1\org.lwjgl\lwjgl-glfw\3.3.3\ee8cc78d0a4a5b3b4600fade6d927c9fc320c858\lwjgl-glfw-3.3.3-natives-macos-arm64.jar;C:\Users\Triba\.gradle\caches\modules-2\files-2.1\org.lwjgl\lwjgl-glfw\3.3.3\e449e28b4891fc423c54c85fbc5bb0b9efece67a\lwjgl-glfw-3.3.3-natives-windows.jar;C:\Users\Triba\.gradle\caches\modules-2\files-2.1\org.lwjgl\lwjgl-glfw\3.3.3\32334f3fd5270a59bad9939a93115acb6de36dcf\lwjgl-glfw-3.3.3-natives-windows-x86.jar;C:\Users\Triba\.gradle\caches\modules-2\files-2.1\org.lwjgl\lwjgl-jemalloc\3.3.3\b543467b7ff3c6920539a88ee602d34098628be5\lwjgl-jemalloc-3.3.3.jar;C:\Users\Triba\.gradle\caches\modules-2\files-2.1\org.lwjgl\lwjgl-jemalloc\3.3.3\4f86728bf449b1dd61251c4e0ac01df1389cb51e\lwjgl-jemalloc-3.3.3-natives-linux.jar;C:\Users\Triba\.gradle\caches\modules-2\files-2.1\org.lwjgl\lwjgl-jemalloc\3.3.3\109b6931880d02d4e65ced38928a16e41d19873e\lwjgl-jemalloc-3.3.3-natives-linux-arm32.jar;C:\Users\Triba\.gradle\caches\modules-2\files-2.1\org.lwjgl\lwjgl-jemalloc\3.3.3\eff8b86798191192fe2cba2dc2776109f30c239d\lwjgl-jemalloc-3.3.3-natives-linux-arm64.jar;C:\Users\Triba\.gradle\caches\modules-2\files-2.1\org.lwjgl\lwjgl-jemalloc\3.3.3\2906637657a57579847238c9c72d2c4bde7083f8\lwjgl-jemalloc-3.3.3-natives-macos.jar;C:\Users\Triba\.gradle\caches\modules-2\files-2.1\org.lwjgl\lwjgl-jemalloc\3.3.3\e9412c3ff8cb3a3bad1d3f52909ad74d8a5bdad1\lwjgl-jemalloc-3.3.3-natives-macos-arm64.jar;C:\Users\Triba\.gradle\caches\modules-2\files-2.1\org.lwjgl\lwjgl-jemalloc\3.3.3\426222fc027602a5f21b9c0fe79cde6a4c7a011f\lwjgl-jemalloc-3.3.3-natives-windows.jar;C:\Users\Triba\.gradle\caches\modules-2\files-2.1\org.lwjgl\lwjgl-jemalloc\3.3.3\f6063b6e0f23be483c5c88d84ce51b39dc69126c\lwjgl-jemalloc-3.3.3-natives-windows-x86.jar;C:\Users\Triba\.gradle\caches\modules-2\files-2.1\org.lwjgl\lwjgl-openal\3.3.3\daada81ceb5fc0c291fbfdd4433cb8d9423577f2\lwjgl-openal-3.3.3.jar;C:\Users\Triba\.gradle\caches\modules-2\files-2.1\org.lwjgl\lwjgl-openal\3.3.3\3037360cc4595079bea240af250b6d1a527e0905\lwjgl-openal-3.3.3-natives-linux.jar;C:\Users\Triba\.gradle\caches\modules-2\files-2.1\org.lwjgl\lwjgl-openal\3.3.3\e1702aa09d20359d6cf5cb2999fa7685a785eca7\lwjgl-openal-3.3.3-natives-linux-arm32.jar;C:\Users\Triba\.gradle\caches\modules-2\files-2.1\org.lwjgl\lwjgl-openal\3.3.3\ad8f302118a65bb8d615f8a2a680db58fb8f835e\lwjgl-openal-3.3.3-natives-linux-arm64.jar;C:\Users\Triba\.gradle\caches\modules-2\files-2.1\org.lwjgl\lwjgl-openal\3.3.3\8df8338bfa77f2ebabef4e58964bd04d24805cbf\lwjgl-openal-3.3.3-natives-macos.jar;C:\Users\Triba\.gradle\caches\modules-2\files-2.1\org.lwjgl\lwjgl-openal\3.3.3\c78b078de2fb52f45aa55d04db889a560f3544f\lwjgl-openal-3.3.3-natives-macos-arm64.jar;C:\Users\Triba\.gradle\caches\modules-2\files-2.1\org.lwjgl\lwjgl-openal\3.3.3\cf83862ae95d98496b26915024c7e666d8ab1c8f\lwjgl-openal-3.3.3-natives-windows.jar;C:\Users\Triba\.gradle\caches\modules-2\files-2.1\org.lwjgl\lwjgl-openal\3.3.3\87b8d5050e3adb46bb58fe1cb2669a4a48fce10d\lwjgl-openal-3.3.3-natives-windows-x86.jar;C:\Users\Triba\.gradle\caches\modules-2\files-2.1\org.lwjgl\lwjgl-opengl\3.3.3\2f6b0147078396a58979125a4c947664e98293a\lwjgl-opengl-3.3.3.jar;C:\Users\Triba\.gradle\caches\modules-2\files-2.1\org.lwjgl\lwjgl-opengl\3.3.3\62c70a4b00ca5391882b0f4b787c1588d24f1c86\lwjgl-opengl-3.3.3-natives-linux.jar;C:\Users\Triba\.gradle\caches\modules-2\files-2.1\org.lwjgl\lwjgl-opengl\3.3.3\dbba17fc5ac0985d14a57c11f9537617d67b9952\lwjgl-opengl-3.3.3-natives-linux-arm32.jar;C:\Users\Triba\.gradle\caches\modules-2\files-2.1\org.lwjgl\lwjgl-opengl\3.3.3\2096f6b94b2d68745d858fbfe53aacf5f0c8074c\lwjgl-opengl-3.3.3-natives-linux-arm64.jar;C:\Users\Triba\.gradle\caches\modules-2\files-2.1\org.lwjgl\lwjgl-opengl\3.3.3\1bd45997551ae8a28469f3a2b678f4b7289e12c0\lwjgl-opengl-3.3.3-natives-macos.jar;C:\Users\Triba\.gradle\caches\modules-2\files-2.1\org.lwjgl\lwjgl-opengl\3.3.3\d213ddef27637b1af87961ffa94d6b27036becc8\lwjgl-opengl-3.3.3-natives-macos-arm64.jar;C:\Users\Triba\.gradle\caches\modules-2\files-2.1\org.lwjgl\lwjgl-opengl\3.3.3\e6c1eec8be8a71951b830a4d69efc01c6531900c\lwjgl-opengl-3.3.3-natives-windows.jar;C:\Users\Triba\.gradle\caches\modules-2\files-2.1\org.lwjgl\lwjgl-opengl\3.3.3\d32d833dcaa2f355a886eaf21f0408b5f03241d\lwjgl-opengl-3.3.3-natives-windows-x86.jar;C:\Users\Triba\.gradle\caches\modules-2\files-2.1\org.lwjgl\lwjgl-stb\3.3.3\25dd6161988d7e65f71d5065c99902402ee32746\lwjgl-stb-3.3.3.jar;C:\Users\Triba\.gradle\caches\modules-2\files-2.1\org.lwjgl\lwjgl-stb\3.3.3\fd1271ccd9d85eff2fa31f3fd543e02ccfaf5041\lwjgl-stb-3.3.3-natives-linux.jar;C:\Users\Triba\.gradle\caches\modules-2\files-2.1\org.lwjgl\lwjgl-stb\3.3.3\1ae28ff044699ff29b0e980ffabd73fba8a664b3\lwjgl-stb-3.3.3-natives-linux-arm32.jar;C:\Users\Triba\.gradle\caches\modules-2\files-2.1\org.lwjgl\lwjgl-stb\3.3.3\ddc177afc2be1ee8d93684b11363b80589a13fe1\lwjgl-stb-3.3.3-natives-linux-arm64.jar;C:\Users\Triba\.gradle\caches\modules-2\files-2.1\org.lwjgl\lwjgl-stb\3.3.3\472792c98fb2c1557c060cb9da5fca6a9773621f\lwjgl-stb-3.3.3-natives-macos.jar;C:\Users\Triba\.gradle\caches\modules-2\files-2.1\org.lwjgl\lwjgl-stb\3.3.3\51c6955571fbcdb7bb538c6aa589b953b584c6af\lwjgl-stb-3.3.3-natives-macos-arm64.jar;C:\Users\Triba\.gradle\caches\modules-2\files-2.1\org.lwjgl\lwjgl-stb\3.3.3\1d9facdf6541de114b0f963be33505b7679c78cb\lwjgl-stb-3.3.3-natives-windows.jar;C:\Users\Triba\.gradle\caches\modules-2\files-2.1\org.lwjgl\lwjgl-stb\3.3.3\b5c874687b9aac1a936501d4ed2c49567fd1b575\lwjgl-stb-3.3.3-natives-windows-x86.jar;C:\Users\Triba\.gradle\caches\modules-2\files-2.1\org.lwjgl\lwjgl\3.3.3\29589b5f87ed335a6c7e7ee6a5775f81f97ecb84\lwjgl-3.3.3.jar;C:\Users\Triba\.gradle\caches\modules-2\files-2.1\org.lwjgl\lwjgl\3.3.3\1713758e3660ba66e1e954396fd18126038b33c0\lwjgl-3.3.3-natives-linux.jar;C:\Users\Triba\.gradle\caches\modules-2\files-2.1\org.lwjgl\lwjgl\3.3.3\2075c51a80f0ef0f22ba616ba54007ac2b0debd4\lwjgl-3.3.3-natives-linux-arm32.jar;C:\Users\Triba\.gradle\caches\modules-2\files-2.1\org.lwjgl\lwjgl\3.3.3\f35d8b6ffe1ac1e3a5eb1d4e33de80f044ad5fd8\lwjgl-3.3.3-natives-linux-arm64.jar;C:\Users\Triba\.gradle\caches\modules-2\files-2.1\org.lwjgl\lwjgl\3.3.3\33a6efa288390490ce6eb6c3df47ac21ecf648cf\lwjgl-3.3.3-natives-macos.jar;C:\Users\Triba\.gradle\caches\modules-2\files-2.1\org.lwjgl\lwjgl\3.3.3\226246e75f6bd8d4e1895bdce8638ef87808d114\lwjgl-3.3.3-natives-macos-arm64.jar;C:\Users\Triba\.gradle\caches\modules-2\files-2.1\org.lwjgl\lwjgl\3.3.3\a5ed18a2b82fc91b81f40d717cb1f64c9dcb0540\lwjgl-3.3.3-natives-windows.jar;C:\Users\Triba\.gradle\caches\modules-2\files-2.1\org.lwjgl\lwjgl\3.3.3\9e670718e050aeaeea0c2d5b907cffb142f2e58f\lwjgl-3.3.3-natives-windows-x86.jar;C:\Users\Triba\.gradle\caches\modules-2\files-2.1\com.badlogicgames.jlayer\jlayer\1.0.1-gdx\7cca83cec5c1b2f011362f4d85aabd71a73b049d\jlayer-1.0.1-gdx.jar;C:\Users\Triba\.gradle\caches\modules-2\files-2.1\org.jcraft\jorbis\0.0.17\8872d22b293e8f5d7d56ff92be966e6dc28ebdc6\jorbis-0.0.17.jar;C:\Users\Triba\.gradle\caches\modules-2\files-2.1\com.badlogicgames.gdx\gdx-jnigen-loader\2.5.2\f35e90affe07c46b4f5e5958a1a4c1820c4890e2\gdx-jnigen-loader-2.5.2.jar
Launcher Type: SUN_STANDARD

[Global flags]
     intx CICompilerCount                          = 4                                         {product} {ergonomic}
     uint ConcGCThreads                            = 3                                         {product} {ergonomic}
     uint G1ConcRefinementThreads                  = 10                                        {product} {ergonomic}
   size_t G1HeapRegionSize                         = 4194304                                   {product} {ergonomic}
    uintx GCDrainStackTargetSize                   = 64                                        {product} {ergonomic}
   size_t InitialHeapSize                          = 398458880                                 {product} {ergonomic}
   size_t MarkStackSize                            = 4194304                                   {product} {ergonomic}
   size_t MaxHeapSize                              = 6366953472                                {product} {ergonomic}
   size_t MaxNewSize                               = 3816816640                                {product} {ergonomic}
   size_t MinHeapDeltaBytes                        = 4194304                                   {product} {ergonomic}
   size_t MinHeapSize                              = 8388608                                   {product} {ergonomic}
    uintx NonNMethodCodeHeapSize                   = 5839372                                {pd product} {ergonomic}
    uintx NonProfiledCodeHeapSize                  = 122909434                              {pd product} {ergonomic}
    uintx ProfiledCodeHeapSize                     = 122909434                              {pd product} {ergonomic}
    uintx ReservedCodeCacheSize                    = 251658240                              {pd product} {ergonomic}
     bool SegmentedCodeCache                       = true                                      {product} {ergonomic}
   size_t SoftMaxHeapSize                          = 6366953472                             {manageable} {ergonomic}
     bool UseCompressedOops                        = true                           {product lp64_product} {ergonomic}
     bool UseG1GC                                  = true                                      {product} {ergonomic}
     bool UseLargePagesIndividualAllocation        = false                                  {pd product} {ergonomic}

Logging:
Log output configuration:
 #0: stdout all=warning uptime,level,tags foldmultilines=false
 #1: stderr all=off uptime,level,tags foldmultilines=false

Environment Variables:
PATH=C:\Program Files\Common Files\Oracle\Java\javapath;C:\Windows\system32;C:\Windows;C:\Windows\System32\Wbem;C:\Windows\System32\WindowsPowerShell\v1.0\;C:\Windows\System32\OpenSSH\;C:\Program Files (x86)\NVIDIA Corporation\PhysX\Common;C:\Misc\scrcpy-win64-v2.7;C:\Program Files\dotnet\;C:\Program Files (x86)\Windows Kits\10\Windows Performance Toolkit\;C:\Program Files\NVIDIA Corporation\NVIDIA app\NvDLISR;C:\Misc\Git\cmd;C:\WINDOWS\system32;C:\WINDOWS;C:\WINDOWS\System32\Wbem;C:\WINDOWS\System32\WindowsPowerShell\v1.0\;C:\WINDOWS\System32\OpenSSH\;C:\Users\Triba\AppData\Local\Microsoft\WindowsApps;C:\Misc\Microsoft VS Code\bin;C:\MinGW\bin;C:\Users\Triba\.dotnet\tools;C:\Program Files\JetBrains\IntelliJ IDEA 2024.3.1.1\bin;;C:\Users\Triba\AppData\Local\GitHubDesktop\bin
USERNAME=Triba
OS=Windows_NT
PROCESSOR_IDENTIFIER=Intel64 Family 6 Model 186 Stepping 2, GenuineIntel
TMP=C:\Users\Triba\AppData\Local\Temp
TEMP=C:\Users\Triba\AppData\Local\Temp




Periodic native trim disabled

---------------  S Y S T E M  ---------------

OS:
 Windows 11 , 64 bit Build 26100 (10.0.26100.3323)
OS uptime: 0 days 7:35 hours
Hyper-V role detected

CPU: total 12 (initial active 12) (6 cores per cpu, 2 threads per core) family 6 model 186 stepping 2 microcode 0x4112, cx8, cmov, fxsr, ht, mmx, 3dnowpref, sse, sse2, sse3, ssse3, sse4.1, sse4.2, popcnt, lzcnt, tsc, tscinvbit, avx, avx2, aes, erms, clmul, bmi1, bmi2, adx, sha, fma, vzeroupper, clflush, clflushopt, clwb, hv, serialize, rdtscp, rdpid, fsrm, f16c, cet_ibt, cet_ss
Processor Information for processor 0
  Max Mhz: 2100, Current Mhz: 2100, Mhz Limit: 2100
Processor Information for processor 1
  Max Mhz: 2100, Current Mhz: 1453, Mhz Limit: 2100
Processor Information for processor 2
  Max Mhz: 2100, Current Mhz: 2100, Mhz Limit: 2100
Processor Information for processor 3
  Max Mhz: 2100, Current Mhz: 1453, Mhz Limit: 2100
Processor Information for processor 4
  Max Mhz: 2100, Current Mhz: 2100, Mhz Limit: 2100
Processor Information for processor 5
  Max Mhz: 2100, Current Mhz: 1453, Mhz Limit: 2100
Processor Information for processor 6
  Max Mhz: 2100, Current Mhz: 1453, Mhz Limit: 2100
Processor Information for processor 7
  Max Mhz: 2100, Current Mhz: 2100, Mhz Limit: 2100
Processor Information for processor 8
  Max Mhz: 2100, Current Mhz: 1500, Mhz Limit: 1491
Processor Information for processor 9
  Max Mhz: 2100, Current Mhz: 1500, Mhz Limit: 1491
Processor Information for processor 10
  Max Mhz: 2100, Current Mhz: 1500, Mhz Limit: 1491
Processor Information for processor 11
  Max Mhz: 2100, Current Mhz: 1500, Mhz Limit: 1491

Memory: 4k page, system-wide physical 24279M (11057M free)
TotalPageFile size 25815M (AvailPageFile size 7104M)
current process WorkingSet (physical memory assigned to process): 204M, peak: 205M
current process commit charge ("private bytes"): 722M, peak: 723M

vm_info: Java HotSpot(TM) 64-Bit Server VM (21.0.5+9-LTS-239) for windows-amd64 JRE (21.0.5+9-LTS-239), built on 2024-09-30T05:17:38Z by "mach5one" with MS VC++ 17.6 (VS2022)

END.
